12:40:41.939 [main] INFO  c.m.caller.CallerApplication - The following profiles are active: average,deviceRequest
12:40:48.963 [main] INFO  c.m.caller.CallerApplication - Started CallerApplication in 9.485 seconds (JVM running for 11.346)
12:45:36.668 [http-nio-8080-exec-1] INFO  c.m.caller.api.CallerController - Starting Caller.Setup:[]
12:45:46.418 [http-nio-8080-exec-1] INFO  c.m.caller.api.CallerController - Finishing Caller.Setup:[]
12:45:48.984 [http-nio-8080-exec-3] INFO  c.m.caller.api.CallerController - Starting:Caller.call()
12:45:48.985 [http-nio-8080-exec-3] INFO  c.m.c.service.DeviceRequestService - Request Started: http://localhost:8091/device
12:45:49.684 [http-nio-8080-exec-4] INFO  c.m.caller.api.CallerController - Starting:Caller.call()
12:45:49.685 [http-nio-8080-exec-4] INFO  c.m.c.service.DeviceRequestService - Request Started: http://localhost:8091/device
12:45:50.170 [http-nio-8080-exec-5] INFO  c.m.caller.api.CallerController - Starting:Caller.call()
12:45:50.171 [http-nio-8080-exec-5] INFO  c.m.c.service.DeviceRequestService - Request Started: http://localhost:8091/device
12:45:50.324 [http-nio-8080-exec-4] INFO  c.m.c.service.DeviceRequestService - Request Returned: http://localhost:8091/device
12:45:50.325 [http-nio-8080-exec-4] INFO  c.m.c.service.DeviceRequestService - Request Started: http://localhost:8092/device
12:45:50.326 [http-nio-8080-exec-5] INFO  c.m.c.service.DeviceRequestService - Request Returned: http://localhost:8091/device
12:45:50.327 [http-nio-8080-exec-5] INFO  c.m.c.service.DeviceRequestService - Request Started: http://localhost:8092/device
12:45:50.336 [http-nio-8080-exec-3] INFO  c.m.c.service.DeviceRequestService - Request Returned: http://localhost:8091/device
12:45:50.337 [http-nio-8080-exec-3] INFO  c.m.c.service.DeviceRequestService - Request Started: http://localhost:8092/device
12:45:50.668 [http-nio-8080-exec-6] INFO  c.m.caller.api.CallerController - Starting:Caller.call()
12:45:50.673 [http-nio-8080-exec-6] INFO  c.m.c.service.DeviceRequestService - Request Started: http://localhost:8091/device
12:45:50.725 [http-nio-8080-exec-5] INFO  c.m.c.service.DeviceRequestService - Request Returned: http://localhost:8092/device
12:45:50.726 [http-nio-8080-exec-5] INFO  c.m.c.service.DeviceRequestService - Request Started: http://localhost:8093/device
12:45:50.751 [http-nio-8080-exec-3] INFO  c.m.c.service.DeviceRequestService - Request Returned: http://localhost:8092/device
12:45:50.752 [http-nio-8080-exec-3] INFO  c.m.c.service.DeviceRequestService - Request Started: http://localhost:8093/device
12:45:50.768 [http-nio-8080-exec-4] INFO  c.m.c.service.DeviceRequestService - Request Returned: http://localhost:8092/device
12:45:50.769 [http-nio-8080-exec-4] INFO  c.m.c.service.DeviceRequestService - Request Started: http://localhost:8093/device
12:45:50.883 [http-nio-8080-exec-6] INFO  c.m.c.service.DeviceRequestService - Request Returned: http://localhost:8091/device
12:45:50.883 [http-nio-8080-exec-6] INFO  c.m.c.service.DeviceRequestService - Request Started: http://localhost:8092/device
12:45:50.895 [http-nio-8080-exec-6] INFO  c.m.c.service.DeviceRequestService - Request Returned: http://localhost:8092/device
12:45:50.896 [http-nio-8080-exec-6] INFO  c.m.c.service.DeviceRequestService - Request Started: http://localhost:8093/device
12:45:51.124 [http-nio-8080-exec-3] INFO  c.m.c.service.DeviceRequestService - Request Returned: http://localhost:8093/device
12:45:51.125 [http-nio-8080-exec-4] INFO  c.m.c.service.DeviceRequestService - Request Returned: http://localhost:8093/device
12:45:51.125 [http-nio-8080-exec-6] INFO  c.m.c.service.DeviceRequestService - Request Returned: http://localhost:8093/device
12:45:51.128 [http-nio-8080-exec-5] INFO  c.m.c.service.DeviceRequestService - Request Returned: http://localhost:8093/device
12:45:51.167 [http-nio-8080-exec-7] INFO  c.m.caller.api.CallerController - Starting:Caller.call()
12:45:51.169 [http-nio-8080-exec-7] INFO  c.m.c.service.DeviceRequestService - Request Started: http://localhost:8091/device
12:45:51.175 [http-nio-8080-exec-4] INFO  c.m.caller.api.CallerController - Returning:Caller.call():11.0
12:45:51.175 [http-nio-8080-exec-3] INFO  c.m.caller.api.CallerController - Returning:Caller.call():11.666666666666666
12:45:51.176 [http-nio-8080-exec-6] INFO  c.m.caller.api.CallerController - Returning:Caller.call():4.0
12:45:51.176 [http-nio-8080-exec-5] INFO  c.m.caller.api.CallerController - Returning:Caller.call():13.333333333333334
12:45:51.193 [http-nio-8080-exec-7] INFO  c.m.c.service.DeviceRequestService - Request Returned: http://localhost:8091/device
12:45:51.193 [http-nio-8080-exec-7] INFO  c.m.c.service.DeviceRequestService - Request Started: http://localhost:8092/device
12:45:51.217 [http-nio-8080-exec-7] INFO  c.m.c.service.DeviceRequestService - Request Returned: http://localhost:8092/device
12:45:51.218 [http-nio-8080-exec-7] INFO  c.m.c.service.DeviceRequestService - Request Started: http://localhost:8093/device
12:45:51.227 [http-nio-8080-exec-7] INFO  c.m.c.service.DeviceRequestService - Request Returned: http://localhost:8093/device
12:45:51.227 [http-nio-8080-exec-7] INFO  c.m.caller.api.CallerController - Returning:Caller.call():7.0
12:45:51.354 [http-nio-8080-exec-8] INFO  c.m.caller.api.CallerController - Starting:Caller.call()
12:45:51.355 [http-nio-8080-exec-8] INFO  c.m.c.service.DeviceRequestService - Request Started: http://localhost:8091/device
12:45:51.366 [http-nio-8080-exec-8] INFO  c.m.c.service.DeviceRequestService - Request Returned: http://localhost:8091/device
12:45:51.367 [http-nio-8080-exec-8] INFO  c.m.c.service.DeviceRequestService - Request Started: http://localhost:8092/device
12:45:51.383 [http-nio-8080-exec-8] INFO  c.m.c.service.DeviceRequestService - Request Returned: http://localhost:8092/device
12:45:51.386 [http-nio-8080-exec-8] INFO  c.m.c.service.DeviceRequestService - Request Started: http://localhost:8093/device
12:45:51.393 [http-nio-8080-exec-8] INFO  c.m.c.service.DeviceRequestService - Request Returned: http://localhost:8093/device
12:45:51.393 [http-nio-8080-exec-8] INFO  c.m.caller.api.CallerController - Returning:Caller.call():2.0
12:45:51.401 [http-nio-8080-exec-9] INFO  c.m.caller.api.CallerController - Starting:Caller.call()
12:45:51.401 [http-nio-8080-exec-9] INFO  c.m.c.service.DeviceRequestService - Request Started: http://localhost:8091/device
12:45:51.410 [http-nio-8080-exec-9] INFO  c.m.c.service.DeviceRequestService - Request Returned: http://localhost:8091/device
12:45:51.411 [http-nio-8080-exec-9] INFO  c.m.c.service.DeviceRequestService - Request Started: http://localhost:8092/device
12:45:51.427 [http-nio-8080-exec-9] INFO  c.m.c.service.DeviceRequestService - Request Returned: http://localhost:8092/device
12:45:51.427 [http-nio-8080-exec-9] INFO  c.m.c.service.DeviceRequestService - Request Started: http://localhost:8093/device
12:45:51.437 [http-nio-8080-exec-9] INFO  c.m.c.service.DeviceRequestService - Request Returned: http://localhost:8093/device
12:45:51.438 [http-nio-8080-exec-9] INFO  c.m.caller.api.CallerController - Returning:Caller.call():8.0
12:45:51.446 [http-nio-8080-exec-10] INFO  c.m.caller.api.CallerController - Starting:Caller.call()
12:45:51.447 [http-nio-8080-exec-10] INFO  c.m.c.service.DeviceRequestService - Request Started: http://localhost:8091/device
12:45:51.471 [http-nio-8080-exec-10] INFO  c.m.c.service.DeviceRequestService - Request Returned: http://localhost:8091/device
12:45:51.472 [http-nio-8080-exec-10] INFO  c.m.c.service.DeviceRequestService - Request Started: http://localhost:8092/device
12:45:51.481 [http-nio-8080-exec-10] INFO  c.m.c.service.DeviceRequestService - Request Returned: http://localhost:8092/device
12:45:51.482 [http-nio-8080-exec-10] INFO  c.m.c.service.DeviceRequestService - Request Started: http://localhost:8093/device
12:45:51.495 [http-nio-8080-exec-10] INFO  c.m.c.service.DeviceRequestService - Request Returned: http://localhost:8093/device
12:45:51.495 [http-nio-8080-exec-10] INFO  c.m.caller.api.CallerController - Returning:Caller.call():14.0
12:45:51.501 [http-nio-8080-exec-1] INFO  c.m.caller.api.CallerController - Starting:Caller.call()
12:45:51.502 [http-nio-8080-exec-1] INFO  c.m.c.service.DeviceRequestService - Request Started: http://localhost:8091/device
12:45:51.509 [http-nio-8080-exec-1] INFO  c.m.c.service.DeviceRequestService - Request Returned: http://localhost:8091/device
12:45:51.509 [http-nio-8080-exec-1] INFO  c.m.c.service.DeviceRequestService - Request Started: http://localhost:8092/device
12:45:51.581 [http-nio-8080-exec-1] INFO  c.m.c.service.DeviceRequestService - Request Returned: http://localhost:8092/device
12:45:51.582 [http-nio-8080-exec-1] INFO  c.m.c.service.DeviceRequestService - Request Started: http://localhost:8093/device
12:45:51.589 [http-nio-8080-exec-1] INFO  c.m.c.service.DeviceRequestService - Request Returned: http://localhost:8093/device
12:45:51.590 [http-nio-8080-exec-1] INFO  c.m.caller.api.CallerController - Returning:Caller.call():15.0
12:45:51.597 [http-nio-8080-exec-2] INFO  c.m.caller.api.CallerController - Starting:Caller.call()
12:45:51.598 [http-nio-8080-exec-2] INFO  c.m.c.service.DeviceRequestService - Request Started: http://localhost:8091/device
12:45:51.622 [http-nio-8080-exec-2] INFO  c.m.c.service.DeviceRequestService - Request Returned: http://localhost:8091/device
12:45:51.622 [http-nio-8080-exec-2] INFO  c.m.c.service.DeviceRequestService - Request Started: http://localhost:8092/device
12:45:51.642 [http-nio-8080-exec-2] INFO  c.m.c.service.DeviceRequestService - Request Returned: http://localhost:8092/device
12:45:51.642 [http-nio-8080-exec-2] INFO  c.m.c.service.DeviceRequestService - Request Started: http://localhost:8093/device
12:45:51.650 [http-nio-8080-exec-2] INFO  c.m.c.service.DeviceRequestService - Request Returned: http://localhost:8093/device
12:45:51.651 [http-nio-8080-exec-2] INFO  c.m.caller.api.CallerController - Returning:Caller.call():19.0
12:45:51.657 [http-nio-8080-exec-5] INFO  c.m.caller.api.CallerController - Starting:Caller.call()
12:45:51.658 [http-nio-8080-exec-5] INFO  c.m.c.service.DeviceRequestService - Request Started: http://localhost:8091/device
12:45:51.670 [http-nio-8080-exec-5] INFO  c.m.c.service.DeviceRequestService - Request Returned: http://localhost:8091/device
12:45:51.671 [http-nio-8080-exec-5] INFO  c.m.c.service.DeviceRequestService - Request Started: http://localhost:8092/device
12:45:51.677 [http-nio-8080-exec-5] INFO  c.m.c.service.DeviceRequestService - Request Returned: http://localhost:8092/device
12:45:51.677 [http-nio-8080-exec-5] INFO  c.m.c.service.DeviceRequestService - Request Started: http://localhost:8093/device
12:45:51.683 [http-nio-8080-exec-5] INFO  c.m.c.service.DeviceRequestService - Request Returned: http://localhost:8093/device
12:45:51.683 [http-nio-8080-exec-5] INFO  c.m.caller.api.CallerController - Returning:Caller.call():21.0
12:45:51.692 [http-nio-8080-exec-4] INFO  c.m.caller.api.CallerController - Starting:Caller.call()
12:45:51.693 [http-nio-8080-exec-4] INFO  c.m.c.service.DeviceRequestService - Request Started: http://localhost:8091/device
12:45:51.699 [http-nio-8080-exec-4] INFO  c.m.c.service.DeviceRequestService - Request Returned: http://localhost:8091/device
12:45:51.699 [http-nio-8080-exec-4] INFO  c.m.c.service.DeviceRequestService - Request Started: http://localhost:8092/device
12:45:51.705 [http-nio-8080-exec-4] INFO  c.m.c.service.DeviceRequestService - Request Returned: http://localhost:8092/device
12:45:51.706 [http-nio-8080-exec-4] INFO  c.m.c.service.DeviceRequestService - Request Started: http://localhost:8093/device
12:45:51.712 [http-nio-8080-exec-4] INFO  c.m.c.service.DeviceRequestService - Request Returned: http://localhost:8093/device
12:45:51.712 [http-nio-8080-exec-4] INFO  c.m.caller.api.CallerController - Returning:Caller.call():22.0
12:45:51.720 [http-nio-8080-exec-6] INFO  c.m.caller.api.CallerController - Starting:Caller.call()
12:45:51.720 [http-nio-8080-exec-6] INFO  c.m.c.service.DeviceRequestService - Request Started: http://localhost:8091/device
12:45:51.726 [http-nio-8080-exec-6] INFO  c.m.c.service.DeviceRequestService - Request Returned: http://localhost:8091/device
12:45:51.726 [http-nio-8080-exec-6] INFO  c.m.c.service.DeviceRequestService - Request Started: http://localhost:8092/device
12:45:51.797 [http-nio-8080-exec-6] INFO  c.m.c.service.DeviceRequestService - Request Returned: http://localhost:8092/device
12:45:51.798 [http-nio-8080-exec-6] INFO  c.m.c.service.DeviceRequestService - Request Started: http://localhost:8093/device
12:45:51.805 [http-nio-8080-exec-6] INFO  c.m.c.service.DeviceRequestService - Request Returned: http://localhost:8093/device
12:45:51.807 [http-nio-8080-exec-6] INFO  c.m.caller.api.CallerController - Returning:Caller.call():24.0
12:45:51.813 [http-nio-8080-exec-3] INFO  c.m.caller.api.CallerController - Starting:Caller.call()
12:45:51.813 [http-nio-8080-exec-3] INFO  c.m.c.service.DeviceRequestService - Request Started: http://localhost:8091/device
12:45:51.823 [http-nio-8080-exec-3] INFO  c.m.c.service.DeviceRequestService - Request Returned: http://localhost:8091/device
12:45:51.824 [http-nio-8080-exec-3] INFO  c.m.c.service.DeviceRequestService - Request Started: http://localhost:8092/device
12:45:51.832 [http-nio-8080-exec-3] INFO  c.m.c.service.DeviceRequestService - Request Returned: http://localhost:8092/device
12:45:51.832 [http-nio-8080-exec-3] INFO  c.m.c.service.DeviceRequestService - Request Started: http://localhost:8093/device
12:45:51.838 [http-nio-8080-exec-3] INFO  c.m.c.service.DeviceRequestService - Request Returned: http://localhost:8093/device
12:45:51.839 [http-nio-8080-exec-3] INFO  c.m.caller.api.CallerController - Returning:Caller.call():27.0
12:45:51.844 [http-nio-8080-exec-7] INFO  c.m.caller.api.CallerController - Starting:Caller.call()
12:45:51.845 [http-nio-8080-exec-7] INFO  c.m.c.service.DeviceRequestService - Request Started: http://localhost:8091/device
12:45:51.857 [http-nio-8080-exec-7] INFO  c.m.c.service.DeviceRequestService - Request Returned: http://localhost:8091/device
12:45:51.857 [http-nio-8080-exec-7] INFO  c.m.c.service.DeviceRequestService - Request Started: http://localhost:8092/device
12:45:51.962 [http-nio-8080-exec-7] INFO  c.m.c.service.DeviceRequestService - Request Returned: http://localhost:8092/device
12:45:51.963 [http-nio-8080-exec-7] INFO  c.m.c.service.DeviceRequestService - Request Started: http://localhost:8093/device
12:45:52.011 [http-nio-8080-exec-7] INFO  c.m.c.service.DeviceRequestService - Request Returned: http://localhost:8093/device
12:45:52.011 [http-nio-8080-exec-7] INFO  c.m.caller.api.CallerController - Returning:Caller.call():18.0
12:45:52.027 [http-nio-8080-exec-8] INFO  c.m.caller.api.CallerController - Starting:Caller.call()
12:45:52.028 [http-nio-8080-exec-8] INFO  c.m.c.service.DeviceRequestService - Request Started: http://localhost:8091/device
12:45:52.041 [http-nio-8080-exec-8] INFO  c.m.c.service.DeviceRequestService - Request Returned: http://localhost:8091/device
12:45:52.041 [http-nio-8080-exec-8] INFO  c.m.c.service.DeviceRequestService - Request Started: http://localhost:8092/device
12:45:52.051 [http-nio-8080-exec-8] INFO  c.m.c.service.DeviceRequestService - Request Returned: http://localhost:8092/device
12:45:52.051 [http-nio-8080-exec-8] INFO  c.m.c.service.DeviceRequestService - Request Started: http://localhost:8093/device
12:45:52.087 [http-nio-8080-exec-8] INFO  c.m.c.service.DeviceRequestService - Request Returned: http://localhost:8093/device
12:45:52.088 [http-nio-8080-exec-8] INFO  c.m.caller.api.CallerController - Returning:Caller.call():17.0
12:45:52.096 [http-nio-8080-exec-9] INFO  c.m.caller.api.CallerController - Starting:Caller.call()
12:45:52.097 [http-nio-8080-exec-9] INFO  c.m.c.service.DeviceRequestService - Request Started: http://localhost:8091/device
12:45:52.106 [http-nio-8080-exec-9] INFO  c.m.c.service.DeviceRequestService - Request Returned: http://localhost:8091/device
12:45:52.106 [http-nio-8080-exec-9] INFO  c.m.c.service.DeviceRequestService - Request Started: http://localhost:8092/device
12:45:52.176 [http-nio-8080-exec-9] INFO  c.m.c.service.DeviceRequestService - Request Returned: http://localhost:8092/device
12:45:52.178 [http-nio-8080-exec-9] INFO  c.m.c.service.DeviceRequestService - Request Started: http://localhost:8093/device
12:45:52.190 [http-nio-8080-exec-9] INFO  c.m.c.service.DeviceRequestService - Request Returned: http://localhost:8093/device
12:45:52.190 [http-nio-8080-exec-9] INFO  c.m.caller.api.CallerController - Returning:Caller.call():14.0
12:45:52.196 [http-nio-8080-exec-10] INFO  c.m.caller.api.CallerController - Starting:Caller.call()
12:45:52.196 [http-nio-8080-exec-10] INFO  c.m.c.service.DeviceRequestService - Request Started: http://localhost:8091/device
12:45:52.213 [http-nio-8080-exec-10] INFO  c.m.c.service.DeviceRequestService - Request Returned: http://localhost:8091/device
12:45:52.213 [http-nio-8080-exec-10] INFO  c.m.c.service.DeviceRequestService - Request Started: http://localhost:8092/device
12:45:52.226 [http-nio-8080-exec-10] INFO  c.m.c.service.DeviceRequestService - Request Returned: http://localhost:8092/device
12:45:52.227 [http-nio-8080-exec-10] INFO  c.m.c.service.DeviceRequestService - Request Started: http://localhost:8093/device
12:45:52.244 [http-nio-8080-exec-10] INFO  c.m.c.service.DeviceRequestService - Request Returned: http://localhost:8093/device
12:45:52.244 [http-nio-8080-exec-10] INFO  c.m.caller.api.CallerController - Returning:Caller.call():11.0
12:45:52.256 [http-nio-8080-exec-1] INFO  c.m.caller.api.CallerController - Starting:Caller.call()
12:45:52.256 [http-nio-8080-exec-1] INFO  c.m.c.service.DeviceRequestService - Request Started: http://localhost:8091/device
12:45:52.279 [http-nio-8080-exec-1] INFO  c.m.c.service.DeviceRequestService - Request Returned: http://localhost:8091/device
12:45:52.279 [http-nio-8080-exec-1] INFO  c.m.c.service.DeviceRequestService - Request Started: http://localhost:8092/device
12:45:52.286 [http-nio-8080-exec-1] INFO  c.m.c.service.DeviceRequestService - Request Returned: http://localhost:8092/device
12:45:52.287 [http-nio-8080-exec-1] INFO  c.m.c.service.DeviceRequestService - Request Started: http://localhost:8093/device
12:45:52.294 [http-nio-8080-exec-1] INFO  c.m.c.service.DeviceRequestService - Request Returned: http://localhost:8093/device
12:45:52.295 [http-nio-8080-exec-1] INFO  c.m.caller.api.CallerController - Returning:Caller.call():9.0
12:45:52.300 [http-nio-8080-exec-2] INFO  c.m.caller.api.CallerController - Starting:Caller.call()
12:45:52.301 [http-nio-8080-exec-2] INFO  c.m.c.service.DeviceRequestService - Request Started: http://localhost:8091/device
12:45:52.306 [http-nio-8080-exec-2] INFO  c.m.c.service.DeviceRequestService - Request Returned: http://localhost:8091/device
12:45:52.306 [http-nio-8080-exec-2] INFO  c.m.c.service.DeviceRequestService - Request Started: http://localhost:8092/device
12:45:52.323 [http-nio-8080-exec-2] INFO  c.m.c.service.DeviceRequestService - Request Returned: http://localhost:8092/device
12:45:52.323 [http-nio-8080-exec-2] INFO  c.m.c.service.DeviceRequestService - Request Started: http://localhost:8093/device
12:45:52.341 [http-nio-8080-exec-2] INFO  c.m.c.service.DeviceRequestService - Request Returned: http://localhost:8093/device
12:45:52.342 [http-nio-8080-exec-2] INFO  c.m.caller.api.CallerController - Returning:Caller.call():3.0
12:45:52.350 [http-nio-8080-exec-5] INFO  c.m.caller.api.CallerController - Starting:Caller.call()
12:45:52.351 [http-nio-8080-exec-5] INFO  c.m.c.service.DeviceRequestService - Request Started: http://localhost:8091/device
12:45:52.363 [http-nio-8080-exec-5] INFO  c.m.c.service.DeviceRequestService - Request Returned: http://localhost:8091/device
12:45:52.364 [http-nio-8080-exec-5] INFO  c.m.c.service.DeviceRequestService - Request Started: http://localhost:8092/device
12:45:52.370 [http-nio-8080-exec-5] INFO  c.m.c.service.DeviceRequestService - Request Returned: http://localhost:8092/device
12:45:52.371 [http-nio-8080-exec-5] INFO  c.m.c.service.DeviceRequestService - Request Started: http://localhost:8093/device
12:45:52.412 [http-nio-8080-exec-5] INFO  c.m.c.service.DeviceRequestService - Request Returned: http://localhost:8093/device
12:45:52.413 [http-nio-8080-exec-5] INFO  c.m.caller.api.CallerController - Returning:Caller.call():14.0
12:45:52.423 [http-nio-8080-exec-4] INFO  c.m.caller.api.CallerController - Starting:Caller.call()
12:45:52.424 [http-nio-8080-exec-4] INFO  c.m.c.service.DeviceRequestService - Request Started: http://localhost:8091/device
12:45:52.438 [http-nio-8080-exec-4] INFO  c.m.c.service.DeviceRequestService - Request Returned: http://localhost:8091/device
12:45:52.438 [http-nio-8080-exec-4] INFO  c.m.c.service.DeviceRequestService - Request Started: http://localhost:8092/device
12:45:52.451 [http-nio-8080-exec-4] INFO  c.m.c.service.DeviceRequestService - Request Returned: http://localhost:8092/device
12:45:52.451 [http-nio-8080-exec-4] INFO  c.m.c.service.DeviceRequestService - Request Started: http://localhost:8093/device
12:45:52.474 [http-nio-8080-exec-4] INFO  c.m.c.service.DeviceRequestService - Request Returned: http://localhost:8093/device
12:45:52.474 [http-nio-8080-exec-4] INFO  c.m.caller.api.CallerController - Returning:Caller.call():10.0
12:45:52.480 [http-nio-8080-exec-6] INFO  c.m.caller.api.CallerController - Starting:Caller.call()
12:45:52.480 [http-nio-8080-exec-6] INFO  c.m.c.service.DeviceRequestService - Request Started: http://localhost:8091/device
12:45:52.488 [http-nio-8080-exec-6] INFO  c.m.c.service.DeviceRequestService - Request Returned: http://localhost:8091/device
12:45:52.488 [http-nio-8080-exec-6] INFO  c.m.c.service.DeviceRequestService - Request Started: http://localhost:8092/device
12:45:52.495 [http-nio-8080-exec-6] INFO  c.m.c.service.DeviceRequestService - Request Returned: http://localhost:8092/device
12:45:52.495 [http-nio-8080-exec-6] INFO  c.m.c.service.DeviceRequestService - Request Started: http://localhost:8093/device
12:45:52.502 [http-nio-8080-exec-6] INFO  c.m.c.service.DeviceRequestService - Request Returned: http://localhost:8093/device
12:45:52.502 [http-nio-8080-exec-6] INFO  c.m.caller.api.CallerController - Returning:Caller.call():11.0
12:45:52.508 [http-nio-8080-exec-3] INFO  c.m.caller.api.CallerController - Starting:Caller.call()
12:45:52.508 [http-nio-8080-exec-3] INFO  c.m.c.service.DeviceRequestService - Request Started: http://localhost:8091/device
12:45:52.513 [http-nio-8080-exec-3] INFO  c.m.c.service.DeviceRequestService - Request Returned: http://localhost:8091/device
12:45:52.514 [http-nio-8080-exec-3] INFO  c.m.c.service.DeviceRequestService - Request Started: http://localhost:8092/device
12:45:52.521 [http-nio-8080-exec-3] INFO  c.m.c.service.DeviceRequestService - Request Returned: http://localhost:8092/device
12:45:52.522 [http-nio-8080-exec-3] INFO  c.m.c.service.DeviceRequestService - Request Started: http://localhost:8093/device
12:45:52.534 [http-nio-8080-exec-3] INFO  c.m.c.service.DeviceRequestService - Request Returned: http://localhost:8093/device
12:45:52.535 [http-nio-8080-exec-3] INFO  c.m.caller.api.CallerController - Returning:Caller.call():15.0
12:45:52.541 [http-nio-8080-exec-7] INFO  c.m.caller.api.CallerController - Starting:Caller.call()
12:45:52.542 [http-nio-8080-exec-7] INFO  c.m.c.service.DeviceRequestService - Request Started: http://localhost:8091/device
12:45:52.550 [http-nio-8080-exec-7] INFO  c.m.c.service.DeviceRequestService - Request Returned: http://localhost:8091/device
12:45:52.551 [http-nio-8080-exec-7] INFO  c.m.c.service.DeviceRequestService - Request Started: http://localhost:8092/device
12:45:52.613 [http-nio-8080-exec-7] INFO  c.m.c.service.DeviceRequestService - Request Returned: http://localhost:8092/device
12:45:52.613 [http-nio-8080-exec-7] INFO  c.m.c.service.DeviceRequestService - Request Started: http://localhost:8093/device
12:45:52.623 [http-nio-8080-exec-7] INFO  c.m.c.service.DeviceRequestService - Request Returned: http://localhost:8093/device
12:45:52.624 [http-nio-8080-exec-7] INFO  c.m.caller.api.CallerController - Returning:Caller.call():4.0
12:45:52.629 [http-nio-8080-exec-8] INFO  c.m.caller.api.CallerController - Starting:Caller.call()
12:45:52.629 [http-nio-8080-exec-8] INFO  c.m.c.service.DeviceRequestService - Request Started: http://localhost:8091/device
12:45:52.635 [http-nio-8080-exec-8] INFO  c.m.c.service.DeviceRequestService - Request Returned: http://localhost:8091/device
12:45:52.635 [http-nio-8080-exec-8] INFO  c.m.c.service.DeviceRequestService - Request Started: http://localhost:8092/device
12:45:52.648 [http-nio-8080-exec-8] INFO  c.m.c.service.DeviceRequestService - Request Returned: http://localhost:8092/device
12:45:52.649 [http-nio-8080-exec-8] INFO  c.m.c.service.DeviceRequestService - Request Started: http://localhost:8093/device
12:45:52.655 [http-nio-8080-exec-8] INFO  c.m.c.service.DeviceRequestService - Request Returned: http://localhost:8093/device
12:45:52.656 [http-nio-8080-exec-8] INFO  c.m.caller.api.CallerController - Returning:Caller.call():7.0
12:45:52.663 [http-nio-8080-exec-9] INFO  c.m.caller.api.CallerController - Starting:Caller.call()
12:45:52.663 [http-nio-8080-exec-9] INFO  c.m.c.service.DeviceRequestService - Request Started: http://localhost:8091/device
12:45:52.671 [http-nio-8080-exec-9] INFO  c.m.c.service.DeviceRequestService - Request Returned: http://localhost:8091/device
12:45:52.671 [http-nio-8080-exec-9] INFO  c.m.c.service.DeviceRequestService - Request Started: http://localhost:8092/device
12:45:52.677 [http-nio-8080-exec-9] INFO  c.m.c.service.DeviceRequestService - Request Returned: http://localhost:8092/device
12:45:52.678 [http-nio-8080-exec-9] INFO  c.m.c.service.DeviceRequestService - Request Started: http://localhost:8093/device
12:45:52.688 [http-nio-8080-exec-9] INFO  c.m.c.service.DeviceRequestService - Request Returned: http://localhost:8093/device
12:45:52.688 [http-nio-8080-exec-9] INFO  c.m.caller.api.CallerController - Returning:Caller.call():2.0
12:45:52.700 [http-nio-8080-exec-10] INFO  c.m.caller.api.CallerController - Starting:Caller.call()
12:45:52.701 [http-nio-8080-exec-10] INFO  c.m.c.service.DeviceRequestService - Request Started: http://localhost:8091/device
12:45:52.706 [http-nio-8080-exec-10] INFO  c.m.c.service.DeviceRequestService - Request Returned: http://localhost:8091/device
12:45:52.707 [http-nio-8080-exec-10] INFO  c.m.c.service.DeviceRequestService - Request Started: http://localhost:8092/device
12:45:52.714 [http-nio-8080-exec-10] INFO  c.m.c.service.DeviceRequestService - Request Returned: http://localhost:8092/device
12:45:52.715 [http-nio-8080-exec-10] INFO  c.m.c.service.DeviceRequestService - Request Started: http://localhost:8093/device
12:45:52.721 [http-nio-8080-exec-10] INFO  c.m.c.service.DeviceRequestService - Request Returned: http://localhost:8093/device
12:45:52.722 [http-nio-8080-exec-10] INFO  c.m.caller.api.CallerController - Returning:Caller.call():8.0
12:45:52.728 [http-nio-8080-exec-1] INFO  c.m.caller.api.CallerController - Starting:Caller.call()
12:45:52.728 [http-nio-8080-exec-1] INFO  c.m.c.service.DeviceRequestService - Request Started: http://localhost:8091/device
12:45:52.735 [http-nio-8080-exec-1] INFO  c.m.c.service.DeviceRequestService - Request Returned: http://localhost:8091/device
12:45:52.735 [http-nio-8080-exec-1] INFO  c.m.c.service.DeviceRequestService - Request Started: http://localhost:8092/device
12:45:52.741 [http-nio-8080-exec-1] INFO  c.m.c.service.DeviceRequestService - Request Returned: http://localhost:8092/device
12:45:52.741 [http-nio-8080-exec-1] INFO  c.m.c.service.DeviceRequestService - Request Started: http://localhost:8093/device
12:45:52.748 [http-nio-8080-exec-1] INFO  c.m.c.service.DeviceRequestService - Request Returned: http://localhost:8093/device
12:45:52.749 [http-nio-8080-exec-1] INFO  c.m.caller.api.CallerController - Returning:Caller.call():14.0
12:45:52.786 [http-nio-8080-exec-2] INFO  c.m.caller.api.CallerController - Starting:Caller.call()
12:45:52.787 [http-nio-8080-exec-2] INFO  c.m.c.service.DeviceRequestService - Request Started: http://localhost:8091/device
12:45:52.797 [http-nio-8080-exec-2] INFO  c.m.c.service.DeviceRequestService - Request Returned: http://localhost:8091/device
12:45:52.797 [http-nio-8080-exec-2] INFO  c.m.c.service.DeviceRequestService - Request Started: http://localhost:8092/device
12:45:52.804 [http-nio-8080-exec-2] INFO  c.m.c.service.DeviceRequestService - Request Returned: http://localhost:8092/device
12:45:52.804 [http-nio-8080-exec-2] INFO  c.m.c.service.DeviceRequestService - Request Started: http://localhost:8093/device
12:45:52.820 [http-nio-8080-exec-2] INFO  c.m.c.service.DeviceRequestService - Request Returned: http://localhost:8093/device
12:45:52.820 [http-nio-8080-exec-2] INFO  c.m.caller.api.CallerController - Returning:Caller.call():15.0
12:45:52.828 [http-nio-8080-exec-5] INFO  c.m.caller.api.CallerController - Starting:Caller.call()
12:45:52.828 [http-nio-8080-exec-5] INFO  c.m.c.service.DeviceRequestService - Request Started: http://localhost:8091/device
12:45:52.834 [http-nio-8080-exec-5] INFO  c.m.c.service.DeviceRequestService - Request Returned: http://localhost:8091/device
12:45:52.834 [http-nio-8080-exec-5] INFO  c.m.c.service.DeviceRequestService - Request Started: http://localhost:8092/device
12:45:52.842 [http-nio-8080-exec-5] INFO  c.m.c.service.DeviceRequestService - Request Returned: http://localhost:8092/device
12:45:52.842 [http-nio-8080-exec-5] INFO  c.m.c.service.DeviceRequestService - Request Started: http://localhost:8093/device
12:45:52.847 [http-nio-8080-exec-5] INFO  c.m.c.service.DeviceRequestService - Request Returned: http://localhost:8093/device
12:45:52.848 [http-nio-8080-exec-5] INFO  c.m.caller.api.CallerController - Returning:Caller.call():19.0
12:45:52.853 [http-nio-8080-exec-4] INFO  c.m.caller.api.CallerController - Starting:Caller.call()
12:45:52.854 [http-nio-8080-exec-4] INFO  c.m.c.service.DeviceRequestService - Request Started: http://localhost:8091/device
12:45:52.860 [http-nio-8080-exec-4] INFO  c.m.c.service.DeviceRequestService - Request Returned: http://localhost:8091/device
12:45:52.861 [http-nio-8080-exec-4] INFO  c.m.c.service.DeviceRequestService - Request Started: http://localhost:8092/device
12:45:52.868 [http-nio-8080-exec-4] INFO  c.m.c.service.DeviceRequestService - Request Returned: http://localhost:8092/device
12:45:52.868 [http-nio-8080-exec-4] INFO  c.m.c.service.DeviceRequestService - Request Started: http://localhost:8093/device
12:45:52.875 [http-nio-8080-exec-4] INFO  c.m.c.service.DeviceRequestService - Request Returned: http://localhost:8093/device
12:45:52.875 [http-nio-8080-exec-4] INFO  c.m.caller.api.CallerController - Returning:Caller.call():21.0
12:45:52.880 [http-nio-8080-exec-6] INFO  c.m.caller.api.CallerController - Starting:Caller.call()
12:45:52.881 [http-nio-8080-exec-6] INFO  c.m.c.service.DeviceRequestService - Request Started: http://localhost:8091/device
12:45:52.886 [http-nio-8080-exec-6] INFO  c.m.c.service.DeviceRequestService - Request Returned: http://localhost:8091/device
12:45:52.886 [http-nio-8080-exec-6] INFO  c.m.c.service.DeviceRequestService - Request Started: http://localhost:8092/device
12:45:52.892 [http-nio-8080-exec-6] INFO  c.m.c.service.DeviceRequestService - Request Returned: http://localhost:8092/device
12:45:52.892 [http-nio-8080-exec-6] INFO  c.m.c.service.DeviceRequestService - Request Started: http://localhost:8093/device
12:45:52.897 [http-nio-8080-exec-6] INFO  c.m.c.service.DeviceRequestService - Request Returned: http://localhost:8093/device
12:45:52.898 [http-nio-8080-exec-6] INFO  c.m.caller.api.CallerController - Returning:Caller.call():22.0
12:45:52.903 [http-nio-8080-exec-3] INFO  c.m.caller.api.CallerController - Starting:Caller.call()
12:45:52.903 [http-nio-8080-exec-3] INFO  c.m.c.service.DeviceRequestService - Request Started: http://localhost:8091/device
12:45:52.909 [http-nio-8080-exec-3] INFO  c.m.c.service.DeviceRequestService - Request Returned: http://localhost:8091/device
12:45:52.909 [http-nio-8080-exec-3] INFO  c.m.c.service.DeviceRequestService - Request Started: http://localhost:8092/device
12:45:52.915 [http-nio-8080-exec-3] INFO  c.m.c.service.DeviceRequestService - Request Returned: http://localhost:8092/device
12:45:52.916 [http-nio-8080-exec-3] INFO  c.m.c.service.DeviceRequestService - Request Started: http://localhost:8093/device
12:45:52.922 [http-nio-8080-exec-3] INFO  c.m.c.service.DeviceRequestService - Request Returned: http://localhost:8093/device
12:45:52.922 [http-nio-8080-exec-3] INFO  c.m.caller.api.CallerController - Returning:Caller.call():24.0
12:45:52.927 [http-nio-8080-exec-7] INFO  c.m.caller.api.CallerController - Starting:Caller.call()
12:45:52.928 [http-nio-8080-exec-7] INFO  c.m.c.service.DeviceRequestService - Request Started: http://localhost:8091/device
12:45:52.933 [http-nio-8080-exec-7] INFO  c.m.c.service.DeviceRequestService - Request Returned: http://localhost:8091/device
12:45:52.933 [http-nio-8080-exec-7] INFO  c.m.c.service.DeviceRequestService - Request Started: http://localhost:8092/device
12:45:52.938 [http-nio-8080-exec-7] INFO  c.m.c.service.DeviceRequestService - Request Returned: http://localhost:8092/device
12:45:52.938 [http-nio-8080-exec-7] INFO  c.m.c.service.DeviceRequestService - Request Started: http://localhost:8093/device
12:45:52.943 [http-nio-8080-exec-7] INFO  c.m.c.service.DeviceRequestService - Request Returned: http://localhost:8093/device
12:45:52.944 [http-nio-8080-exec-7] INFO  c.m.caller.api.CallerController - Returning:Caller.call():27.0
12:45:52.949 [http-nio-8080-exec-8] INFO  c.m.caller.api.CallerController - Starting:Caller.call()
12:45:52.949 [http-nio-8080-exec-8] INFO  c.m.c.service.DeviceRequestService - Request Started: http://localhost:8091/device
12:45:52.956 [http-nio-8080-exec-8] INFO  c.m.c.service.DeviceRequestService - Request Returned: http://localhost:8091/device
12:45:52.956 [http-nio-8080-exec-8] INFO  c.m.c.service.DeviceRequestService - Request Started: http://localhost:8092/device
12:45:52.972 [http-nio-8080-exec-8] INFO  c.m.c.service.DeviceRequestService - Request Returned: http://localhost:8092/device
12:45:52.972 [http-nio-8080-exec-8] INFO  c.m.c.service.DeviceRequestService - Request Started: http://localhost:8093/device
12:45:52.978 [http-nio-8080-exec-8] INFO  c.m.c.service.DeviceRequestService - Request Returned: http://localhost:8093/device
12:45:52.978 [http-nio-8080-exec-8] INFO  c.m.caller.api.CallerController - Returning:Caller.call():18.0
12:45:52.984 [http-nio-8080-exec-9] INFO  c.m.caller.api.CallerController - Starting:Caller.call()
12:45:52.985 [http-nio-8080-exec-9] INFO  c.m.c.service.DeviceRequestService - Request Started: http://localhost:8091/device
12:45:52.995 [http-nio-8080-exec-9] INFO  c.m.c.service.DeviceRequestService - Request Returned: http://localhost:8091/device
12:45:52.996 [http-nio-8080-exec-9] INFO  c.m.c.service.DeviceRequestService - Request Started: http://localhost:8092/device
12:45:53.002 [http-nio-8080-exec-9] INFO  c.m.c.service.DeviceRequestService - Request Returned: http://localhost:8092/device
12:45:53.003 [http-nio-8080-exec-9] INFO  c.m.c.service.DeviceRequestService - Request Started: http://localhost:8093/device
12:45:53.010 [http-nio-8080-exec-9] INFO  c.m.c.service.DeviceRequestService - Request Returned: http://localhost:8093/device
12:45:53.013 [http-nio-8080-exec-9] INFO  c.m.caller.api.CallerController - Returning:Caller.call():17.0
12:45:53.018 [http-nio-8080-exec-10] INFO  c.m.caller.api.CallerController - Starting:Caller.call()
12:45:53.018 [http-nio-8080-exec-10] INFO  c.m.c.service.DeviceRequestService - Request Started: http://localhost:8091/device
12:45:53.026 [http-nio-8080-exec-10] INFO  c.m.c.service.DeviceRequestService - Request Returned: http://localhost:8091/device
12:45:53.026 [http-nio-8080-exec-10] INFO  c.m.c.service.DeviceRequestService - Request Started: http://localhost:8092/device
12:45:53.111 [http-nio-8080-exec-10] INFO  c.m.c.service.DeviceRequestService - Request Returned: http://localhost:8092/device
12:45:53.112 [http-nio-8080-exec-10] INFO  c.m.c.service.DeviceRequestService - Request Started: http://localhost:8093/device
12:45:53.121 [http-nio-8080-exec-10] INFO  c.m.c.service.DeviceRequestService - Request Returned: http://localhost:8093/device
12:45:53.121 [http-nio-8080-exec-10] INFO  c.m.caller.api.CallerController - Returning:Caller.call():14.0
12:45:53.135 [http-nio-8080-exec-1] INFO  c.m.caller.api.CallerController - Starting:Caller.call()
12:45:53.136 [http-nio-8080-exec-1] INFO  c.m.c.service.DeviceRequestService - Request Started: http://localhost:8091/device
12:45:53.142 [http-nio-8080-exec-1] INFO  c.m.c.service.DeviceRequestService - Request Returned: http://localhost:8091/device
12:45:53.143 [http-nio-8080-exec-1] INFO  c.m.c.service.DeviceRequestService - Request Started: http://localhost:8092/device
12:45:53.148 [http-nio-8080-exec-1] INFO  c.m.c.service.DeviceRequestService - Request Returned: http://localhost:8092/device
12:45:53.149 [http-nio-8080-exec-1] INFO  c.m.c.service.DeviceRequestService - Request Started: http://localhost:8093/device
12:45:53.163 [http-nio-8080-exec-1] INFO  c.m.c.service.DeviceRequestService - Request Returned: http://localhost:8093/device
12:45:53.164 [http-nio-8080-exec-1] INFO  c.m.caller.api.CallerController - Returning:Caller.call():11.0
12:45:53.171 [http-nio-8080-exec-2] INFO  c.m.caller.api.CallerController - Starting:Caller.call()
12:45:53.175 [http-nio-8080-exec-2] INFO  c.m.c.service.DeviceRequestService - Request Started: http://localhost:8091/device
12:45:53.186 [http-nio-8080-exec-2] INFO  c.m.c.service.DeviceRequestService - Request Returned: http://localhost:8091/device
12:45:53.186 [http-nio-8080-exec-2] INFO  c.m.c.service.DeviceRequestService - Request Started: http://localhost:8092/device
12:45:53.219 [http-nio-8080-exec-2] INFO  c.m.c.service.DeviceRequestService - Request Returned: http://localhost:8092/device
12:45:53.220 [http-nio-8080-exec-2] INFO  c.m.c.service.DeviceRequestService - Request Started: http://localhost:8093/device
12:45:53.242 [http-nio-8080-exec-2] INFO  c.m.c.service.DeviceRequestService - Request Returned: http://localhost:8093/device
12:45:53.243 [http-nio-8080-exec-2] INFO  c.m.caller.api.CallerController - Returning:Caller.call():9.0
12:45:53.248 [http-nio-8080-exec-5] INFO  c.m.caller.api.CallerController - Starting:Caller.call()
12:45:53.255 [http-nio-8080-exec-5] INFO  c.m.c.service.DeviceRequestService - Request Started: http://localhost:8091/device
12:45:53.262 [http-nio-8080-exec-5] INFO  c.m.c.service.DeviceRequestService - Request Returned: http://localhost:8091/device
12:45:53.313 [http-nio-8080-exec-5] INFO  c.m.c.service.DeviceRequestService - Request Started: http://localhost:8092/device
12:45:53.352 [http-nio-8080-exec-5] INFO  c.m.c.service.DeviceRequestService - Request Returned: http://localhost:8092/device
12:45:53.353 [http-nio-8080-exec-5] INFO  c.m.c.service.DeviceRequestService - Request Started: http://localhost:8093/device
12:45:53.359 [http-nio-8080-exec-5] INFO  c.m.c.service.DeviceRequestService - Request Returned: http://localhost:8093/device
12:45:53.359 [http-nio-8080-exec-5] INFO  c.m.caller.api.CallerController - Returning:Caller.call():3.0
12:45:53.464 [http-nio-8080-exec-4] INFO  c.m.caller.api.CallerController - Starting:Caller.call()
12:45:53.464 [http-nio-8080-exec-4] INFO  c.m.c.service.DeviceRequestService - Request Started: http://localhost:8091/device
12:45:53.507 [http-nio-8080-exec-4] INFO  c.m.c.service.DeviceRequestService - Request Returned: http://localhost:8091/device
12:45:53.508 [http-nio-8080-exec-4] INFO  c.m.c.service.DeviceRequestService - Request Started: http://localhost:8092/device
12:45:53.523 [http-nio-8080-exec-4] INFO  c.m.c.service.DeviceRequestService - Request Returned: http://localhost:8092/device
12:45:53.525 [http-nio-8080-exec-4] INFO  c.m.c.service.DeviceRequestService - Request Started: http://localhost:8093/device
12:45:53.556 [http-nio-8080-exec-4] INFO  c.m.c.service.DeviceRequestService - Request Returned: http://localhost:8093/device
12:45:53.556 [http-nio-8080-exec-4] INFO  c.m.caller.api.CallerController - Returning:Caller.call():14.0
12:45:53.583 [http-nio-8080-exec-6] INFO  c.m.caller.api.CallerController - Starting:Caller.call()
12:45:53.584 [http-nio-8080-exec-6] INFO  c.m.c.service.DeviceRequestService - Request Started: http://localhost:8091/device
12:45:53.589 [http-nio-8080-exec-6] INFO  c.m.c.service.DeviceRequestService - Request Returned: http://localhost:8091/device
12:45:53.590 [http-nio-8080-exec-6] INFO  c.m.c.service.DeviceRequestService - Request Started: http://localhost:8092/device
12:45:53.596 [http-nio-8080-exec-6] INFO  c.m.c.service.DeviceRequestService - Request Returned: http://localhost:8092/device
12:45:53.596 [http-nio-8080-exec-6] INFO  c.m.c.service.DeviceRequestService - Request Started: http://localhost:8093/device
12:45:53.605 [http-nio-8080-exec-6] INFO  c.m.c.service.DeviceRequestService - Request Returned: http://localhost:8093/device
12:45:53.618 [http-nio-8080-exec-6] INFO  c.m.caller.api.CallerController - Returning:Caller.call():10.0
12:45:53.626 [http-nio-8080-exec-3] INFO  c.m.caller.api.CallerController - Starting:Caller.call()
12:45:53.626 [http-nio-8080-exec-3] INFO  c.m.c.service.DeviceRequestService - Request Started: http://localhost:8091/device
12:45:53.633 [http-nio-8080-exec-3] INFO  c.m.c.service.DeviceRequestService - Request Returned: http://localhost:8091/device
12:45:53.633 [http-nio-8080-exec-3] INFO  c.m.c.service.DeviceRequestService - Request Started: http://localhost:8092/device
12:45:53.664 [http-nio-8080-exec-3] INFO  c.m.c.service.DeviceRequestService - Request Returned: http://localhost:8092/device
12:45:53.693 [http-nio-8080-exec-3] INFO  c.m.c.service.DeviceRequestService - Request Started: http://localhost:8093/device
12:45:53.708 [http-nio-8080-exec-3] INFO  c.m.c.service.DeviceRequestService - Request Returned: http://localhost:8093/device
12:45:53.709 [http-nio-8080-exec-3] INFO  c.m.caller.api.CallerController - Returning:Caller.call():11.0
12:45:53.716 [http-nio-8080-exec-7] INFO  c.m.caller.api.CallerController - Starting:Caller.call()
12:45:53.716 [http-nio-8080-exec-7] INFO  c.m.c.service.DeviceRequestService - Request Started: http://localhost:8091/device
12:45:53.722 [http-nio-8080-exec-7] INFO  c.m.c.service.DeviceRequestService - Request Returned: http://localhost:8091/device
12:45:53.723 [http-nio-8080-exec-7] INFO  c.m.c.service.DeviceRequestService - Request Started: http://localhost:8092/device
12:45:53.730 [http-nio-8080-exec-7] INFO  c.m.c.service.DeviceRequestService - Request Returned: http://localhost:8092/device
12:45:53.731 [http-nio-8080-exec-7] INFO  c.m.c.service.DeviceRequestService - Request Started: http://localhost:8093/device
12:45:53.742 [http-nio-8080-exec-7] INFO  c.m.c.service.DeviceRequestService - Request Returned: http://localhost:8093/device
12:45:53.744 [http-nio-8080-exec-7] INFO  c.m.caller.api.CallerController - Returning:Caller.call():15.0
12:45:53.750 [http-nio-8080-exec-8] INFO  c.m.caller.api.CallerController - Starting:Caller.call()
12:45:53.751 [http-nio-8080-exec-8] INFO  c.m.c.service.DeviceRequestService - Request Started: http://localhost:8091/device
12:45:53.757 [http-nio-8080-exec-8] INFO  c.m.c.service.DeviceRequestService - Request Returned: http://localhost:8091/device
12:45:53.757 [http-nio-8080-exec-8] INFO  c.m.c.service.DeviceRequestService - Request Started: http://localhost:8092/device
12:45:53.763 [http-nio-8080-exec-8] INFO  c.m.c.service.DeviceRequestService - Request Returned: http://localhost:8092/device
12:45:53.764 [http-nio-8080-exec-8] INFO  c.m.c.service.DeviceRequestService - Request Started: http://localhost:8093/device
12:45:53.773 [http-nio-8080-exec-8] INFO  c.m.c.service.DeviceRequestService - Request Returned: http://localhost:8093/device
12:45:53.774 [http-nio-8080-exec-8] INFO  c.m.caller.api.CallerController - Returning:Caller.call():4.0
12:45:53.778 [http-nio-8080-exec-9] INFO  c.m.caller.api.CallerController - Starting:Caller.call()
12:45:53.779 [http-nio-8080-exec-9] INFO  c.m.c.service.DeviceRequestService - Request Started: http://localhost:8091/device
12:45:53.784 [http-nio-8080-exec-9] INFO  c.m.c.service.DeviceRequestService - Request Returned: http://localhost:8091/device
12:45:53.784 [http-nio-8080-exec-9] INFO  c.m.c.service.DeviceRequestService - Request Started: http://localhost:8092/device
12:45:53.798 [http-nio-8080-exec-9] INFO  c.m.c.service.DeviceRequestService - Request Returned: http://localhost:8092/device
12:45:53.799 [http-nio-8080-exec-9] INFO  c.m.c.service.DeviceRequestService - Request Started: http://localhost:8093/device
12:45:53.804 [http-nio-8080-exec-9] INFO  c.m.c.service.DeviceRequestService - Request Returned: http://localhost:8093/device
12:45:53.805 [http-nio-8080-exec-9] INFO  c.m.caller.api.CallerController - Returning:Caller.call():7.0
12:45:53.809 [http-nio-8080-exec-10] INFO  c.m.caller.api.CallerController - Starting:Caller.call()
12:45:53.810 [http-nio-8080-exec-10] INFO  c.m.c.service.DeviceRequestService - Request Started: http://localhost:8091/device
12:45:53.815 [http-nio-8080-exec-10] INFO  c.m.c.service.DeviceRequestService - Request Returned: http://localhost:8091/device
12:45:53.815 [http-nio-8080-exec-10] INFO  c.m.c.service.DeviceRequestService - Request Started: http://localhost:8092/device
12:45:53.846 [http-nio-8080-exec-10] INFO  c.m.c.service.DeviceRequestService - Request Returned: http://localhost:8092/device
12:45:53.847 [http-nio-8080-exec-10] INFO  c.m.c.service.DeviceRequestService - Request Started: http://localhost:8093/device
12:45:53.856 [http-nio-8080-exec-10] INFO  c.m.c.service.DeviceRequestService - Request Returned: http://localhost:8093/device
12:45:53.856 [http-nio-8080-exec-10] INFO  c.m.caller.api.CallerController - Returning:Caller.call():2.0
12:45:53.861 [http-nio-8080-exec-1] INFO  c.m.caller.api.CallerController - Starting:Caller.call()
12:45:53.865 [http-nio-8080-exec-1] INFO  c.m.c.service.DeviceRequestService - Request Started: http://localhost:8091/device
12:45:53.873 [http-nio-8080-exec-1] INFO  c.m.c.service.DeviceRequestService - Request Returned: http://localhost:8091/device
12:45:53.878 [http-nio-8080-exec-1] INFO  c.m.c.service.DeviceRequestService - Request Started: http://localhost:8092/device
12:45:53.883 [http-nio-8080-exec-1] INFO  c.m.c.service.DeviceRequestService - Request Returned: http://localhost:8092/device
12:45:53.892 [http-nio-8080-exec-1] INFO  c.m.c.service.DeviceRequestService - Request Started: http://localhost:8093/device
12:45:54.061 [http-nio-8080-exec-1] INFO  c.m.c.service.DeviceRequestService - Request Returned: http://localhost:8093/device
12:45:54.061 [http-nio-8080-exec-1] INFO  c.m.caller.api.CallerController - Returning:Caller.call():8.0
12:45:54.067 [http-nio-8080-exec-2] INFO  c.m.caller.api.CallerController - Starting:Caller.call()
12:45:54.068 [http-nio-8080-exec-2] INFO  c.m.c.service.DeviceRequestService - Request Started: http://localhost:8091/device
12:45:54.073 [http-nio-8080-exec-2] INFO  c.m.c.service.DeviceRequestService - Request Returned: http://localhost:8091/device
12:45:54.074 [http-nio-8080-exec-2] INFO  c.m.c.service.DeviceRequestService - Request Started: http://localhost:8092/device
12:45:54.079 [http-nio-8080-exec-2] INFO  c.m.c.service.DeviceRequestService - Request Returned: http://localhost:8092/device
12:45:54.079 [http-nio-8080-exec-2] INFO  c.m.c.service.DeviceRequestService - Request Started: http://localhost:8093/device
12:45:54.186 [http-nio-8080-exec-2] INFO  c.m.c.service.DeviceRequestService - Request Returned: http://localhost:8093/device
12:45:54.187 [http-nio-8080-exec-2] INFO  c.m.caller.api.CallerController - Returning:Caller.call():14.0
12:45:54.195 [http-nio-8080-exec-5] INFO  c.m.caller.api.CallerController - Starting:Caller.call()
12:45:54.195 [http-nio-8080-exec-5] INFO  c.m.c.service.DeviceRequestService - Request Started: http://localhost:8091/device
12:45:54.201 [http-nio-8080-exec-5] INFO  c.m.c.service.DeviceRequestService - Request Returned: http://localhost:8091/device
12:45:54.201 [http-nio-8080-exec-5] INFO  c.m.c.service.DeviceRequestService - Request Started: http://localhost:8092/device
12:45:54.208 [http-nio-8080-exec-5] INFO  c.m.c.service.DeviceRequestService - Request Returned: http://localhost:8092/device
12:45:54.208 [http-nio-8080-exec-5] INFO  c.m.c.service.DeviceRequestService - Request Started: http://localhost:8093/device
12:45:54.220 [http-nio-8080-exec-5] INFO  c.m.c.service.DeviceRequestService - Request Returned: http://localhost:8093/device
12:45:54.224 [http-nio-8080-exec-5] INFO  c.m.caller.api.CallerController - Returning:Caller.call():15.0
12:45:54.231 [http-nio-8080-exec-4] INFO  c.m.caller.api.CallerController - Starting:Caller.call()
12:45:54.231 [http-nio-8080-exec-4] INFO  c.m.c.service.DeviceRequestService - Request Started: http://localhost:8091/device
12:45:54.237 [http-nio-8080-exec-4] INFO  c.m.c.service.DeviceRequestService - Request Returned: http://localhost:8091/device
12:45:54.238 [http-nio-8080-exec-4] INFO  c.m.c.service.DeviceRequestService - Request Started: http://localhost:8092/device
12:45:54.243 [http-nio-8080-exec-4] INFO  c.m.c.service.DeviceRequestService - Request Returned: http://localhost:8092/device
12:45:54.243 [http-nio-8080-exec-4] INFO  c.m.c.service.DeviceRequestService - Request Started: http://localhost:8093/device
12:45:54.254 [http-nio-8080-exec-4] INFO  c.m.c.service.DeviceRequestService - Request Returned: http://localhost:8093/device
12:45:54.254 [http-nio-8080-exec-4] INFO  c.m.caller.api.CallerController - Returning:Caller.call():19.0
12:45:54.269 [http-nio-8080-exec-6] INFO  c.m.caller.api.CallerController - Starting:Caller.call()
12:45:54.269 [http-nio-8080-exec-6] INFO  c.m.c.service.DeviceRequestService - Request Started: http://localhost:8091/device
12:45:54.290 [http-nio-8080-exec-6] INFO  c.m.c.service.DeviceRequestService - Request Returned: http://localhost:8091/device
12:45:54.290 [http-nio-8080-exec-6] INFO  c.m.c.service.DeviceRequestService - Request Started: http://localhost:8092/device
12:45:54.295 [http-nio-8080-exec-6] INFO  c.m.c.service.DeviceRequestService - Request Returned: http://localhost:8092/device
12:45:54.295 [http-nio-8080-exec-6] INFO  c.m.c.service.DeviceRequestService - Request Started: http://localhost:8093/device
12:45:54.303 [http-nio-8080-exec-6] INFO  c.m.c.service.DeviceRequestService - Request Returned: http://localhost:8093/device
12:45:54.303 [http-nio-8080-exec-6] INFO  c.m.caller.api.CallerController - Returning:Caller.call():21.0
12:45:54.314 [http-nio-8080-exec-3] INFO  c.m.caller.api.CallerController - Starting:Caller.call()
12:45:54.315 [http-nio-8080-exec-3] INFO  c.m.c.service.DeviceRequestService - Request Started: http://localhost:8091/device
12:45:54.321 [http-nio-8080-exec-3] INFO  c.m.c.service.DeviceRequestService - Request Returned: http://localhost:8091/device
12:45:54.321 [http-nio-8080-exec-3] INFO  c.m.c.service.DeviceRequestService - Request Started: http://localhost:8092/device
12:45:54.327 [http-nio-8080-exec-3] INFO  c.m.c.service.DeviceRequestService - Request Returned: http://localhost:8092/device
12:45:54.328 [http-nio-8080-exec-3] INFO  c.m.c.service.DeviceRequestService - Request Started: http://localhost:8093/device
12:45:54.337 [http-nio-8080-exec-3] INFO  c.m.c.service.DeviceRequestService - Request Returned: http://localhost:8093/device
12:45:54.337 [http-nio-8080-exec-3] INFO  c.m.caller.api.CallerController - Returning:Caller.call():22.0
12:45:54.345 [http-nio-8080-exec-7] INFO  c.m.caller.api.CallerController - Starting:Caller.call()
12:45:54.345 [http-nio-8080-exec-7] INFO  c.m.c.service.DeviceRequestService - Request Started: http://localhost:8091/device
12:45:54.357 [http-nio-8080-exec-7] INFO  c.m.c.service.DeviceRequestService - Request Returned: http://localhost:8091/device
12:45:54.357 [http-nio-8080-exec-7] INFO  c.m.c.service.DeviceRequestService - Request Started: http://localhost:8092/device
12:45:54.365 [http-nio-8080-exec-7] INFO  c.m.c.service.DeviceRequestService - Request Returned: http://localhost:8092/device
12:45:54.365 [http-nio-8080-exec-7] INFO  c.m.c.service.DeviceRequestService - Request Started: http://localhost:8093/device
12:45:54.387 [http-nio-8080-exec-7] INFO  c.m.c.service.DeviceRequestService - Request Returned: http://localhost:8093/device
12:45:54.387 [http-nio-8080-exec-7] INFO  c.m.caller.api.CallerController - Returning:Caller.call():24.0
12:45:54.395 [http-nio-8080-exec-8] INFO  c.m.caller.api.CallerController - Starting:Caller.call()
12:45:54.395 [http-nio-8080-exec-8] INFO  c.m.c.service.DeviceRequestService - Request Started: http://localhost:8091/device
12:45:54.401 [http-nio-8080-exec-8] INFO  c.m.c.service.DeviceRequestService - Request Returned: http://localhost:8091/device
12:45:54.401 [http-nio-8080-exec-8] INFO  c.m.c.service.DeviceRequestService - Request Started: http://localhost:8092/device
12:45:54.416 [http-nio-8080-exec-8] INFO  c.m.c.service.DeviceRequestService - Request Returned: http://localhost:8092/device
12:45:54.416 [http-nio-8080-exec-8] INFO  c.m.c.service.DeviceRequestService - Request Started: http://localhost:8093/device
12:45:54.423 [http-nio-8080-exec-8] INFO  c.m.c.service.DeviceRequestService - Request Returned: http://localhost:8093/device
12:45:54.423 [http-nio-8080-exec-8] INFO  c.m.caller.api.CallerController - Returning:Caller.call():27.0
12:45:54.429 [http-nio-8080-exec-9] INFO  c.m.caller.api.CallerController - Starting:Caller.call()
12:45:54.429 [http-nio-8080-exec-9] INFO  c.m.c.service.DeviceRequestService - Request Started: http://localhost:8091/device
12:45:54.434 [http-nio-8080-exec-9] INFO  c.m.c.service.DeviceRequestService - Request Returned: http://localhost:8091/device
12:45:54.434 [http-nio-8080-exec-9] INFO  c.m.c.service.DeviceRequestService - Request Started: http://localhost:8092/device
12:45:54.443 [http-nio-8080-exec-9] INFO  c.m.c.service.DeviceRequestService - Request Returned: http://localhost:8092/device
12:45:54.444 [http-nio-8080-exec-9] INFO  c.m.c.service.DeviceRequestService - Request Started: http://localhost:8093/device
12:45:54.452 [http-nio-8080-exec-9] INFO  c.m.c.service.DeviceRequestService - Request Returned: http://localhost:8093/device
12:45:54.453 [http-nio-8080-exec-9] INFO  c.m.caller.api.CallerController - Returning:Caller.call():18.0
12:45:54.458 [http-nio-8080-exec-10] INFO  c.m.caller.api.CallerController - Starting:Caller.call()
12:45:54.458 [http-nio-8080-exec-10] INFO  c.m.c.service.DeviceRequestService - Request Started: http://localhost:8091/device
12:45:54.464 [http-nio-8080-exec-10] INFO  c.m.c.service.DeviceRequestService - Request Returned: http://localhost:8091/device
12:45:54.465 [http-nio-8080-exec-10] INFO  c.m.c.service.DeviceRequestService - Request Started: http://localhost:8092/device
12:45:54.470 [http-nio-8080-exec-10] INFO  c.m.c.service.DeviceRequestService - Request Returned: http://localhost:8092/device
12:45:54.470 [http-nio-8080-exec-10] INFO  c.m.c.service.DeviceRequestService - Request Started: http://localhost:8093/device
12:45:54.481 [http-nio-8080-exec-10] INFO  c.m.c.service.DeviceRequestService - Request Returned: http://localhost:8093/device
12:45:54.481 [http-nio-8080-exec-10] INFO  c.m.caller.api.CallerController - Returning:Caller.call():17.0
12:45:54.488 [http-nio-8080-exec-1] INFO  c.m.caller.api.CallerController - Starting:Caller.call()
12:45:54.488 [http-nio-8080-exec-1] INFO  c.m.c.service.DeviceRequestService - Request Started: http://localhost:8091/device
12:45:54.495 [http-nio-8080-exec-1] INFO  c.m.c.service.DeviceRequestService - Request Returned: http://localhost:8091/device
12:45:54.495 [http-nio-8080-exec-1] INFO  c.m.c.service.DeviceRequestService - Request Started: http://localhost:8092/device
12:45:54.501 [http-nio-8080-exec-1] INFO  c.m.c.service.DeviceRequestService - Request Returned: http://localhost:8092/device
12:45:54.501 [http-nio-8080-exec-1] INFO  c.m.c.service.DeviceRequestService - Request Started: http://localhost:8093/device
12:45:54.507 [http-nio-8080-exec-1] INFO  c.m.c.service.DeviceRequestService - Request Returned: http://localhost:8093/device
12:45:54.507 [http-nio-8080-exec-1] INFO  c.m.caller.api.CallerController - Returning:Caller.call():14.0
12:45:54.512 [http-nio-8080-exec-2] INFO  c.m.caller.api.CallerController - Starting:Caller.call()
12:45:54.512 [http-nio-8080-exec-2] INFO  c.m.c.service.DeviceRequestService - Request Started: http://localhost:8091/device
12:45:54.518 [http-nio-8080-exec-2] INFO  c.m.c.service.DeviceRequestService - Request Returned: http://localhost:8091/device
12:45:54.518 [http-nio-8080-exec-2] INFO  c.m.c.service.DeviceRequestService - Request Started: http://localhost:8092/device
12:45:54.523 [http-nio-8080-exec-2] INFO  c.m.c.service.DeviceRequestService - Request Returned: http://localhost:8092/device
12:45:54.523 [http-nio-8080-exec-2] INFO  c.m.c.service.DeviceRequestService - Request Started: http://localhost:8093/device
12:45:54.529 [http-nio-8080-exec-2] INFO  c.m.c.service.DeviceRequestService - Request Returned: http://localhost:8093/device
12:45:54.530 [http-nio-8080-exec-2] INFO  c.m.caller.api.CallerController - Returning:Caller.call():11.0
12:45:54.539 [http-nio-8080-exec-5] INFO  c.m.caller.api.CallerController - Starting:Caller.call()
12:45:54.540 [http-nio-8080-exec-5] INFO  c.m.c.service.DeviceRequestService - Request Started: http://localhost:8091/device
12:45:54.569 [http-nio-8080-exec-5] INFO  c.m.c.service.DeviceRequestService - Request Returned: http://localhost:8091/device
12:45:54.569 [http-nio-8080-exec-5] INFO  c.m.c.service.DeviceRequestService - Request Started: http://localhost:8092/device
12:45:54.575 [http-nio-8080-exec-5] INFO  c.m.c.service.DeviceRequestService - Request Returned: http://localhost:8092/device
12:45:54.577 [http-nio-8080-exec-5] INFO  c.m.c.service.DeviceRequestService - Request Started: http://localhost:8093/device
12:45:54.585 [http-nio-8080-exec-5] INFO  c.m.c.service.DeviceRequestService - Request Returned: http://localhost:8093/device
12:45:54.585 [http-nio-8080-exec-5] INFO  c.m.caller.api.CallerController - Returning:Caller.call():9.0
12:45:54.592 [http-nio-8080-exec-4] INFO  c.m.caller.api.CallerController - Starting:Caller.call()
12:45:54.592 [http-nio-8080-exec-4] INFO  c.m.c.service.DeviceRequestService - Request Started: http://localhost:8091/device
12:45:54.603 [http-nio-8080-exec-4] INFO  c.m.c.service.DeviceRequestService - Request Returned: http://localhost:8091/device
12:45:54.606 [http-nio-8080-exec-4] INFO  c.m.c.service.DeviceRequestService - Request Started: http://localhost:8092/device
12:45:54.616 [http-nio-8080-exec-4] INFO  c.m.c.service.DeviceRequestService - Request Returned: http://localhost:8092/device
12:45:54.617 [http-nio-8080-exec-4] INFO  c.m.c.service.DeviceRequestService - Request Started: http://localhost:8093/device
12:45:54.626 [http-nio-8080-exec-4] INFO  c.m.c.service.DeviceRequestService - Request Returned: http://localhost:8093/device
12:45:54.627 [http-nio-8080-exec-4] INFO  c.m.caller.api.CallerController - Returning:Caller.call():3.0
12:45:54.636 [http-nio-8080-exec-6] INFO  c.m.caller.api.CallerController - Starting:Caller.call()
12:45:54.636 [http-nio-8080-exec-6] INFO  c.m.c.service.DeviceRequestService - Request Started: http://localhost:8091/device
12:45:54.653 [http-nio-8080-exec-6] INFO  c.m.c.service.DeviceRequestService - Request Returned: http://localhost:8091/device
12:45:54.654 [http-nio-8080-exec-6] INFO  c.m.c.service.DeviceRequestService - Request Started: http://localhost:8092/device
12:45:54.660 [http-nio-8080-exec-6] INFO  c.m.c.service.DeviceRequestService - Request Returned: http://localhost:8092/device
12:45:54.660 [http-nio-8080-exec-6] INFO  c.m.c.service.DeviceRequestService - Request Started: http://localhost:8093/device
12:45:54.670 [http-nio-8080-exec-6] INFO  c.m.c.service.DeviceRequestService - Request Returned: http://localhost:8093/device
12:45:54.670 [http-nio-8080-exec-6] INFO  c.m.caller.api.CallerController - Returning:Caller.call():14.0
12:45:54.677 [http-nio-8080-exec-3] INFO  c.m.caller.api.CallerController - Starting:Caller.call()
12:45:54.678 [http-nio-8080-exec-3] INFO  c.m.c.service.DeviceRequestService - Request Started: http://localhost:8091/device
12:45:54.682 [http-nio-8080-exec-3] INFO  c.m.c.service.DeviceRequestService - Request Returned: http://localhost:8091/device
12:45:54.683 [http-nio-8080-exec-3] INFO  c.m.c.service.DeviceRequestService - Request Started: http://localhost:8092/device
12:45:54.689 [http-nio-8080-exec-3] INFO  c.m.c.service.DeviceRequestService - Request Returned: http://localhost:8092/device
12:45:54.689 [http-nio-8080-exec-3] INFO  c.m.c.service.DeviceRequestService - Request Started: http://localhost:8093/device
12:45:54.699 [http-nio-8080-exec-3] INFO  c.m.c.service.DeviceRequestService - Request Returned: http://localhost:8093/device
12:45:54.699 [http-nio-8080-exec-3] INFO  c.m.caller.api.CallerController - Returning:Caller.call():10.0
12:45:54.708 [http-nio-8080-exec-7] INFO  c.m.caller.api.CallerController - Starting:Caller.call()
12:45:54.708 [http-nio-8080-exec-7] INFO  c.m.c.service.DeviceRequestService - Request Started: http://localhost:8091/device
12:45:54.712 [http-nio-8080-exec-7] INFO  c.m.c.service.DeviceRequestService - Request Returned: http://localhost:8091/device
12:45:54.713 [http-nio-8080-exec-7] INFO  c.m.c.service.DeviceRequestService - Request Started: http://localhost:8092/device
12:45:54.719 [http-nio-8080-exec-7] INFO  c.m.c.service.DeviceRequestService - Request Returned: http://localhost:8092/device
12:45:54.720 [http-nio-8080-exec-7] INFO  c.m.c.service.DeviceRequestService - Request Started: http://localhost:8093/device
12:45:54.725 [http-nio-8080-exec-7] INFO  c.m.c.service.DeviceRequestService - Request Returned: http://localhost:8093/device
12:45:54.726 [http-nio-8080-exec-7] INFO  c.m.caller.api.CallerController - Returning:Caller.call():11.0
12:45:54.733 [http-nio-8080-exec-8] INFO  c.m.caller.api.CallerController - Starting:Caller.call()
12:45:54.733 [http-nio-8080-exec-8] INFO  c.m.c.service.DeviceRequestService - Request Started: http://localhost:8091/device
12:45:54.738 [http-nio-8080-exec-8] INFO  c.m.c.service.DeviceRequestService - Request Returned: http://localhost:8091/device
12:45:54.738 [http-nio-8080-exec-8] INFO  c.m.c.service.DeviceRequestService - Request Started: http://localhost:8092/device
12:45:54.752 [http-nio-8080-exec-8] INFO  c.m.c.service.DeviceRequestService - Request Returned: http://localhost:8092/device
12:45:54.752 [http-nio-8080-exec-8] INFO  c.m.c.service.DeviceRequestService - Request Started: http://localhost:8093/device
12:45:54.757 [http-nio-8080-exec-8] INFO  c.m.c.service.DeviceRequestService - Request Returned: http://localhost:8093/device
12:45:54.758 [http-nio-8080-exec-8] INFO  c.m.caller.api.CallerController - Returning:Caller.call():15.0
12:45:54.766 [http-nio-8080-exec-9] INFO  c.m.caller.api.CallerController - Starting:Caller.call()
12:45:54.767 [http-nio-8080-exec-9] INFO  c.m.c.service.DeviceRequestService - Request Started: http://localhost:8091/device
12:45:54.771 [http-nio-8080-exec-9] INFO  c.m.c.service.DeviceRequestService - Request Returned: http://localhost:8091/device
12:45:54.771 [http-nio-8080-exec-9] INFO  c.m.c.service.DeviceRequestService - Request Started: http://localhost:8092/device
12:45:54.776 [http-nio-8080-exec-9] INFO  c.m.c.service.DeviceRequestService - Request Returned: http://localhost:8092/device
12:45:54.776 [http-nio-8080-exec-9] INFO  c.m.c.service.DeviceRequestService - Request Started: http://localhost:8093/device
12:45:54.786 [http-nio-8080-exec-9] INFO  c.m.c.service.DeviceRequestService - Request Returned: http://localhost:8093/device
12:45:54.786 [http-nio-8080-exec-9] INFO  c.m.caller.api.CallerController - Returning:Caller.call():4.0
12:45:54.791 [http-nio-8080-exec-10] INFO  c.m.caller.api.CallerController - Starting:Caller.call()
12:45:54.792 [http-nio-8080-exec-10] INFO  c.m.c.service.DeviceRequestService - Request Started: http://localhost:8091/device
12:45:54.797 [http-nio-8080-exec-10] INFO  c.m.c.service.DeviceRequestService - Request Returned: http://localhost:8091/device
12:45:54.797 [http-nio-8080-exec-10] INFO  c.m.c.service.DeviceRequestService - Request Started: http://localhost:8092/device
12:45:54.813 [http-nio-8080-exec-10] INFO  c.m.c.service.DeviceRequestService - Request Returned: http://localhost:8092/device
12:45:54.814 [http-nio-8080-exec-10] INFO  c.m.c.service.DeviceRequestService - Request Started: http://localhost:8093/device
12:45:54.819 [http-nio-8080-exec-10] INFO  c.m.c.service.DeviceRequestService - Request Returned: http://localhost:8093/device
12:45:54.820 [http-nio-8080-exec-10] INFO  c.m.caller.api.CallerController - Returning:Caller.call():7.0
12:45:54.825 [http-nio-8080-exec-1] INFO  c.m.caller.api.CallerController - Starting:Caller.call()
12:45:54.825 [http-nio-8080-exec-1] INFO  c.m.c.service.DeviceRequestService - Request Started: http://localhost:8091/device
12:45:54.831 [http-nio-8080-exec-1] INFO  c.m.c.service.DeviceRequestService - Request Returned: http://localhost:8091/device
12:45:54.832 [http-nio-8080-exec-1] INFO  c.m.c.service.DeviceRequestService - Request Started: http://localhost:8092/device
12:45:54.844 [http-nio-8080-exec-1] INFO  c.m.c.service.DeviceRequestService - Request Returned: http://localhost:8092/device
12:45:54.844 [http-nio-8080-exec-1] INFO  c.m.c.service.DeviceRequestService - Request Started: http://localhost:8093/device
12:45:54.850 [http-nio-8080-exec-1] INFO  c.m.c.service.DeviceRequestService - Request Returned: http://localhost:8093/device
12:45:54.850 [http-nio-8080-exec-1] INFO  c.m.caller.api.CallerController - Returning:Caller.call():2.0
12:45:54.858 [http-nio-8080-exec-2] INFO  c.m.caller.api.CallerController - Starting:Caller.call()
12:45:54.858 [http-nio-8080-exec-2] INFO  c.m.c.service.DeviceRequestService - Request Started: http://localhost:8091/device
12:45:54.863 [http-nio-8080-exec-2] INFO  c.m.c.service.DeviceRequestService - Request Returned: http://localhost:8091/device
12:45:54.863 [http-nio-8080-exec-2] INFO  c.m.c.service.DeviceRequestService - Request Started: http://localhost:8092/device
12:45:54.869 [http-nio-8080-exec-2] INFO  c.m.c.service.DeviceRequestService - Request Returned: http://localhost:8092/device
12:45:54.869 [http-nio-8080-exec-2] INFO  c.m.c.service.DeviceRequestService - Request Started: http://localhost:8093/device
12:45:54.878 [http-nio-8080-exec-2] INFO  c.m.c.service.DeviceRequestService - Request Returned: http://localhost:8093/device
12:45:54.879 [http-nio-8080-exec-2] INFO  c.m.caller.api.CallerController - Returning:Caller.call():8.0
12:45:54.884 [http-nio-8080-exec-5] INFO  c.m.caller.api.CallerController - Starting:Caller.call()
12:45:54.884 [http-nio-8080-exec-5] INFO  c.m.c.service.DeviceRequestService - Request Started: http://localhost:8091/device
12:45:54.896 [http-nio-8080-exec-5] INFO  c.m.c.service.DeviceRequestService - Request Returned: http://localhost:8091/device
12:45:54.897 [http-nio-8080-exec-5] INFO  c.m.c.service.DeviceRequestService - Request Started: http://localhost:8092/device
12:45:54.902 [http-nio-8080-exec-5] INFO  c.m.c.service.DeviceRequestService - Request Returned: http://localhost:8092/device
12:45:54.902 [http-nio-8080-exec-5] INFO  c.m.c.service.DeviceRequestService - Request Started: http://localhost:8093/device
12:45:54.910 [http-nio-8080-exec-5] INFO  c.m.c.service.DeviceRequestService - Request Returned: http://localhost:8093/device
12:45:54.910 [http-nio-8080-exec-5] INFO  c.m.caller.api.CallerController - Returning:Caller.call():14.0
12:45:54.918 [http-nio-8080-exec-4] INFO  c.m.caller.api.CallerController - Starting:Caller.call()
12:45:54.918 [http-nio-8080-exec-4] INFO  c.m.c.service.DeviceRequestService - Request Started: http://localhost:8091/device
12:45:54.923 [http-nio-8080-exec-4] INFO  c.m.c.service.DeviceRequestService - Request Returned: http://localhost:8091/device
12:45:54.923 [http-nio-8080-exec-4] INFO  c.m.c.service.DeviceRequestService - Request Started: http://localhost:8092/device
12:45:54.932 [http-nio-8080-exec-4] INFO  c.m.c.service.DeviceRequestService - Request Returned: http://localhost:8092/device
12:45:54.932 [http-nio-8080-exec-4] INFO  c.m.c.service.DeviceRequestService - Request Started: http://localhost:8093/device
12:45:55.039 [http-nio-8080-exec-4] INFO  c.m.c.service.DeviceRequestService - Request Returned: http://localhost:8093/device
12:45:55.039 [http-nio-8080-exec-4] INFO  c.m.caller.api.CallerController - Returning:Caller.call():15.0
12:45:55.044 [http-nio-8080-exec-6] INFO  c.m.caller.api.CallerController - Starting:Caller.call()
12:45:55.045 [http-nio-8080-exec-6] INFO  c.m.c.service.DeviceRequestService - Request Started: http://localhost:8091/device
12:45:55.052 [http-nio-8080-exec-6] INFO  c.m.c.service.DeviceRequestService - Request Returned: http://localhost:8091/device
12:45:55.052 [http-nio-8080-exec-6] INFO  c.m.c.service.DeviceRequestService - Request Started: http://localhost:8092/device
12:45:55.058 [http-nio-8080-exec-6] INFO  c.m.c.service.DeviceRequestService - Request Returned: http://localhost:8092/device
12:45:55.059 [http-nio-8080-exec-6] INFO  c.m.c.service.DeviceRequestService - Request Started: http://localhost:8093/device
12:45:55.063 [http-nio-8080-exec-6] INFO  c.m.c.service.DeviceRequestService - Request Returned: http://localhost:8093/device
12:45:55.064 [http-nio-8080-exec-6] INFO  c.m.caller.api.CallerController - Returning:Caller.call():19.0
12:45:55.069 [http-nio-8080-exec-3] INFO  c.m.caller.api.CallerController - Starting:Caller.call()
12:45:55.069 [http-nio-8080-exec-3] INFO  c.m.c.service.DeviceRequestService - Request Started: http://localhost:8091/device
12:45:55.074 [http-nio-8080-exec-3] INFO  c.m.c.service.DeviceRequestService - Request Returned: http://localhost:8091/device
12:45:55.074 [http-nio-8080-exec-3] INFO  c.m.c.service.DeviceRequestService - Request Started: http://localhost:8092/device
12:45:55.079 [http-nio-8080-exec-3] INFO  c.m.c.service.DeviceRequestService - Request Returned: http://localhost:8092/device
12:45:55.079 [http-nio-8080-exec-3] INFO  c.m.c.service.DeviceRequestService - Request Started: http://localhost:8093/device
12:45:55.087 [http-nio-8080-exec-3] INFO  c.m.c.service.DeviceRequestService - Request Returned: http://localhost:8093/device
12:45:55.088 [http-nio-8080-exec-3] INFO  c.m.caller.api.CallerController - Returning:Caller.call():21.0
12:45:55.094 [http-nio-8080-exec-7] INFO  c.m.caller.api.CallerController - Starting:Caller.call()
12:45:55.094 [http-nio-8080-exec-7] INFO  c.m.c.service.DeviceRequestService - Request Started: http://localhost:8091/device
12:45:55.100 [http-nio-8080-exec-7] INFO  c.m.c.service.DeviceRequestService - Request Returned: http://localhost:8091/device
12:45:55.101 [http-nio-8080-exec-7] INFO  c.m.c.service.DeviceRequestService - Request Started: http://localhost:8092/device
12:45:55.129 [http-nio-8080-exec-7] INFO  c.m.c.service.DeviceRequestService - Request Returned: http://localhost:8092/device
12:45:55.130 [http-nio-8080-exec-7] INFO  c.m.c.service.DeviceRequestService - Request Started: http://localhost:8093/device
12:45:55.135 [http-nio-8080-exec-7] INFO  c.m.c.service.DeviceRequestService - Request Returned: http://localhost:8093/device
12:45:55.135 [http-nio-8080-exec-7] INFO  c.m.caller.api.CallerController - Returning:Caller.call():22.0
12:45:55.145 [http-nio-8080-exec-8] INFO  c.m.caller.api.CallerController - Starting:Caller.call()
12:45:55.145 [http-nio-8080-exec-8] INFO  c.m.c.service.DeviceRequestService - Request Started: http://localhost:8091/device
12:45:55.167 [http-nio-8080-exec-8] INFO  c.m.c.service.DeviceRequestService - Request Returned: http://localhost:8091/device
12:45:55.168 [http-nio-8080-exec-8] INFO  c.m.c.service.DeviceRequestService - Request Started: http://localhost:8092/device
12:45:55.172 [http-nio-8080-exec-8] INFO  c.m.c.service.DeviceRequestService - Request Returned: http://localhost:8092/device
12:45:55.173 [http-nio-8080-exec-8] INFO  c.m.c.service.DeviceRequestService - Request Started: http://localhost:8093/device
12:45:55.177 [http-nio-8080-exec-8] INFO  c.m.c.service.DeviceRequestService - Request Returned: http://localhost:8093/device
12:45:55.177 [http-nio-8080-exec-8] INFO  c.m.caller.api.CallerController - Returning:Caller.call():24.0
12:45:55.183 [http-nio-8080-exec-9] INFO  c.m.caller.api.CallerController - Starting:Caller.call()
12:45:55.183 [http-nio-8080-exec-9] INFO  c.m.c.service.DeviceRequestService - Request Started: http://localhost:8091/device
12:45:55.188 [http-nio-8080-exec-9] INFO  c.m.c.service.DeviceRequestService - Request Returned: http://localhost:8091/device
12:45:55.189 [http-nio-8080-exec-9] INFO  c.m.c.service.DeviceRequestService - Request Started: http://localhost:8092/device
12:45:55.193 [http-nio-8080-exec-9] INFO  c.m.c.service.DeviceRequestService - Request Returned: http://localhost:8092/device
12:45:55.194 [http-nio-8080-exec-9] INFO  c.m.c.service.DeviceRequestService - Request Started: http://localhost:8093/device
12:45:55.198 [http-nio-8080-exec-9] INFO  c.m.c.service.DeviceRequestService - Request Returned: http://localhost:8093/device
12:45:55.198 [http-nio-8080-exec-9] INFO  c.m.caller.api.CallerController - Returning:Caller.call():27.0
12:45:55.203 [http-nio-8080-exec-10] INFO  c.m.caller.api.CallerController - Starting:Caller.call()
12:45:55.204 [http-nio-8080-exec-10] INFO  c.m.c.service.DeviceRequestService - Request Started: http://localhost:8091/device
12:45:55.208 [http-nio-8080-exec-10] INFO  c.m.c.service.DeviceRequestService - Request Returned: http://localhost:8091/device
12:45:55.208 [http-nio-8080-exec-10] INFO  c.m.c.service.DeviceRequestService - Request Started: http://localhost:8092/device
12:45:55.214 [http-nio-8080-exec-10] INFO  c.m.c.service.DeviceRequestService - Request Returned: http://localhost:8092/device
12:45:55.214 [http-nio-8080-exec-10] INFO  c.m.c.service.DeviceRequestService - Request Started: http://localhost:8093/device
12:45:55.220 [http-nio-8080-exec-10] INFO  c.m.c.service.DeviceRequestService - Request Returned: http://localhost:8093/device
12:45:55.220 [http-nio-8080-exec-10] INFO  c.m.caller.api.CallerController - Returning:Caller.call():18.0
12:45:55.226 [http-nio-8080-exec-1] INFO  c.m.caller.api.CallerController - Starting:Caller.call()
12:45:55.227 [http-nio-8080-exec-1] INFO  c.m.c.service.DeviceRequestService - Request Started: http://localhost:8091/device
12:45:55.233 [http-nio-8080-exec-1] INFO  c.m.c.service.DeviceRequestService - Request Returned: http://localhost:8091/device
12:45:55.233 [http-nio-8080-exec-1] INFO  c.m.c.service.DeviceRequestService - Request Started: http://localhost:8092/device
12:45:55.245 [http-nio-8080-exec-1] INFO  c.m.c.service.DeviceRequestService - Request Returned: http://localhost:8092/device
12:45:55.245 [http-nio-8080-exec-1] INFO  c.m.c.service.DeviceRequestService - Request Started: http://localhost:8093/device
12:45:55.250 [http-nio-8080-exec-1] INFO  c.m.c.service.DeviceRequestService - Request Returned: http://localhost:8093/device
12:45:55.250 [http-nio-8080-exec-1] INFO  c.m.caller.api.CallerController - Returning:Caller.call():17.0
12:45:55.262 [http-nio-8080-exec-2] INFO  c.m.caller.api.CallerController - Starting:Caller.call()
12:45:55.262 [http-nio-8080-exec-2] INFO  c.m.c.service.DeviceRequestService - Request Started: http://localhost:8091/device
12:45:55.267 [http-nio-8080-exec-2] INFO  c.m.c.service.DeviceRequestService - Request Returned: http://localhost:8091/device
12:45:55.267 [http-nio-8080-exec-2] INFO  c.m.c.service.DeviceRequestService - Request Started: http://localhost:8092/device
12:45:55.274 [http-nio-8080-exec-2] INFO  c.m.c.service.DeviceRequestService - Request Returned: http://localhost:8092/device
12:45:55.275 [http-nio-8080-exec-2] INFO  c.m.c.service.DeviceRequestService - Request Started: http://localhost:8093/device
12:45:55.283 [http-nio-8080-exec-2] INFO  c.m.c.service.DeviceRequestService - Request Returned: http://localhost:8093/device
12:45:55.283 [http-nio-8080-exec-2] INFO  c.m.caller.api.CallerController - Returning:Caller.call():14.0
12:45:55.293 [http-nio-8080-exec-5] INFO  c.m.caller.api.CallerController - Starting:Caller.call()
12:45:55.293 [http-nio-8080-exec-5] INFO  c.m.c.service.DeviceRequestService - Request Started: http://localhost:8091/device
12:45:55.298 [http-nio-8080-exec-5] INFO  c.m.c.service.DeviceRequestService - Request Returned: http://localhost:8091/device
12:45:55.298 [http-nio-8080-exec-5] INFO  c.m.c.service.DeviceRequestService - Request Started: http://localhost:8092/device
12:45:55.303 [http-nio-8080-exec-5] INFO  c.m.c.service.DeviceRequestService - Request Returned: http://localhost:8092/device
12:45:55.303 [http-nio-8080-exec-5] INFO  c.m.c.service.DeviceRequestService - Request Started: http://localhost:8093/device
12:45:55.308 [http-nio-8080-exec-5] INFO  c.m.c.service.DeviceRequestService - Request Returned: http://localhost:8093/device
12:45:55.308 [http-nio-8080-exec-5] INFO  c.m.caller.api.CallerController - Returning:Caller.call():11.0
12:45:55.312 [http-nio-8080-exec-4] INFO  c.m.caller.api.CallerController - Starting:Caller.call()
12:45:55.313 [http-nio-8080-exec-4] INFO  c.m.c.service.DeviceRequestService - Request Started: http://localhost:8091/device
12:45:55.321 [http-nio-8080-exec-4] INFO  c.m.c.service.DeviceRequestService - Request Returned: http://localhost:8091/device
12:45:55.321 [http-nio-8080-exec-4] INFO  c.m.c.service.DeviceRequestService - Request Started: http://localhost:8092/device
12:45:55.332 [http-nio-8080-exec-4] INFO  c.m.c.service.DeviceRequestService - Request Returned: http://localhost:8092/device
12:45:55.333 [http-nio-8080-exec-4] INFO  c.m.c.service.DeviceRequestService - Request Started: http://localhost:8093/device
12:45:55.338 [http-nio-8080-exec-4] INFO  c.m.c.service.DeviceRequestService - Request Returned: http://localhost:8093/device
12:45:55.339 [http-nio-8080-exec-4] INFO  c.m.caller.api.CallerController - Returning:Caller.call():9.0
12:45:55.348 [http-nio-8080-exec-6] INFO  c.m.caller.api.CallerController - Starting:Caller.call()
12:45:55.348 [http-nio-8080-exec-6] INFO  c.m.c.service.DeviceRequestService - Request Started: http://localhost:8091/device
12:45:55.353 [http-nio-8080-exec-6] INFO  c.m.c.service.DeviceRequestService - Request Returned: http://localhost:8091/device
12:45:55.354 [http-nio-8080-exec-6] INFO  c.m.c.service.DeviceRequestService - Request Started: http://localhost:8092/device
12:45:55.359 [http-nio-8080-exec-6] INFO  c.m.c.service.DeviceRequestService - Request Returned: http://localhost:8092/device
12:45:55.359 [http-nio-8080-exec-6] INFO  c.m.c.service.DeviceRequestService - Request Started: http://localhost:8093/device
12:45:55.363 [http-nio-8080-exec-6] INFO  c.m.c.service.DeviceRequestService - Request Returned: http://localhost:8093/device
12:45:55.363 [http-nio-8080-exec-6] INFO  c.m.caller.api.CallerController - Returning:Caller.call():3.0
12:45:55.373 [http-nio-8080-exec-3] INFO  c.m.caller.api.CallerController - Starting:Caller.call()
12:45:55.373 [http-nio-8080-exec-3] INFO  c.m.c.service.DeviceRequestService - Request Started: http://localhost:8091/device
12:45:55.378 [http-nio-8080-exec-3] INFO  c.m.c.service.DeviceRequestService - Request Returned: http://localhost:8091/device
12:45:55.379 [http-nio-8080-exec-3] INFO  c.m.c.service.DeviceRequestService - Request Started: http://localhost:8092/device
12:45:55.384 [http-nio-8080-exec-3] INFO  c.m.c.service.DeviceRequestService - Request Returned: http://localhost:8092/device
12:45:55.385 [http-nio-8080-exec-3] INFO  c.m.c.service.DeviceRequestService - Request Started: http://localhost:8093/device
12:45:55.402 [http-nio-8080-exec-3] INFO  c.m.c.service.DeviceRequestService - Request Returned: http://localhost:8093/device
12:45:55.404 [http-nio-8080-exec-3] INFO  c.m.caller.api.CallerController - Returning:Caller.call():14.0
12:45:55.413 [http-nio-8080-exec-7] INFO  c.m.caller.api.CallerController - Starting:Caller.call()
12:45:55.413 [http-nio-8080-exec-7] INFO  c.m.c.service.DeviceRequestService - Request Started: http://localhost:8091/device
12:45:55.419 [http-nio-8080-exec-7] INFO  c.m.c.service.DeviceRequestService - Request Returned: http://localhost:8091/device
12:45:55.419 [http-nio-8080-exec-7] INFO  c.m.c.service.DeviceRequestService - Request Started: http://localhost:8092/device
12:45:55.427 [http-nio-8080-exec-7] INFO  c.m.c.service.DeviceRequestService - Request Returned: http://localhost:8092/device
12:45:55.427 [http-nio-8080-exec-7] INFO  c.m.c.service.DeviceRequestService - Request Started: http://localhost:8093/device
12:45:55.432 [http-nio-8080-exec-7] INFO  c.m.c.service.DeviceRequestService - Request Returned: http://localhost:8093/device
12:45:55.433 [http-nio-8080-exec-7] INFO  c.m.caller.api.CallerController - Returning:Caller.call():10.0
12:45:55.445 [http-nio-8080-exec-8] INFO  c.m.caller.api.CallerController - Starting:Caller.call()
12:45:55.445 [http-nio-8080-exec-8] INFO  c.m.c.service.DeviceRequestService - Request Started: http://localhost:8091/device
12:45:55.452 [http-nio-8080-exec-8] INFO  c.m.c.service.DeviceRequestService - Request Returned: http://localhost:8091/device
12:45:55.453 [http-nio-8080-exec-8] INFO  c.m.c.service.DeviceRequestService - Request Started: http://localhost:8092/device
12:45:55.460 [http-nio-8080-exec-8] INFO  c.m.c.service.DeviceRequestService - Request Returned: http://localhost:8092/device
12:45:55.461 [http-nio-8080-exec-8] INFO  c.m.c.service.DeviceRequestService - Request Started: http://localhost:8093/device
12:45:55.466 [http-nio-8080-exec-8] INFO  c.m.c.service.DeviceRequestService - Request Returned: http://localhost:8093/device
12:45:55.466 [http-nio-8080-exec-8] INFO  c.m.caller.api.CallerController - Returning:Caller.call():11.0
12:45:55.478 [http-nio-8080-exec-9] INFO  c.m.caller.api.CallerController - Starting:Caller.call()
12:45:55.478 [http-nio-8080-exec-9] INFO  c.m.c.service.DeviceRequestService - Request Started: http://localhost:8091/device
12:45:55.498 [http-nio-8080-exec-9] INFO  c.m.c.service.DeviceRequestService - Request Returned: http://localhost:8091/device
12:45:55.498 [http-nio-8080-exec-9] INFO  c.m.c.service.DeviceRequestService - Request Started: http://localhost:8092/device
12:45:55.503 [http-nio-8080-exec-9] INFO  c.m.c.service.DeviceRequestService - Request Returned: http://localhost:8092/device
12:45:55.503 [http-nio-8080-exec-9] INFO  c.m.c.service.DeviceRequestService - Request Started: http://localhost:8093/device
12:45:55.517 [http-nio-8080-exec-9] INFO  c.m.c.service.DeviceRequestService - Request Returned: http://localhost:8093/device
12:45:55.517 [http-nio-8080-exec-9] INFO  c.m.caller.api.CallerController - Returning:Caller.call():15.0
12:45:55.525 [http-nio-8080-exec-10] INFO  c.m.caller.api.CallerController - Starting:Caller.call()
12:45:55.525 [http-nio-8080-exec-10] INFO  c.m.c.service.DeviceRequestService - Request Started: http://localhost:8091/device
12:45:55.535 [http-nio-8080-exec-10] INFO  c.m.c.service.DeviceRequestService - Request Returned: http://localhost:8091/device
12:45:55.536 [http-nio-8080-exec-10] INFO  c.m.c.service.DeviceRequestService - Request Started: http://localhost:8092/device
12:45:55.549 [http-nio-8080-exec-10] INFO  c.m.c.service.DeviceRequestService - Request Returned: http://localhost:8092/device
12:45:55.549 [http-nio-8080-exec-10] INFO  c.m.c.service.DeviceRequestService - Request Started: http://localhost:8093/device
12:45:55.557 [http-nio-8080-exec-10] INFO  c.m.c.service.DeviceRequestService - Request Returned: http://localhost:8093/device
12:45:55.557 [http-nio-8080-exec-10] INFO  c.m.caller.api.CallerController - Returning:Caller.call():4.0
12:45:55.574 [http-nio-8080-exec-1] INFO  c.m.caller.api.CallerController - Starting:Caller.call()
12:45:55.574 [http-nio-8080-exec-1] INFO  c.m.c.service.DeviceRequestService - Request Started: http://localhost:8091/device
12:45:55.590 [http-nio-8080-exec-1] INFO  c.m.c.service.DeviceRequestService - Request Returned: http://localhost:8091/device
12:45:55.590 [http-nio-8080-exec-1] INFO  c.m.c.service.DeviceRequestService - Request Started: http://localhost:8092/device
12:45:55.595 [http-nio-8080-exec-1] INFO  c.m.c.service.DeviceRequestService - Request Returned: http://localhost:8092/device
12:45:55.595 [http-nio-8080-exec-1] INFO  c.m.c.service.DeviceRequestService - Request Started: http://localhost:8093/device
12:45:55.601 [http-nio-8080-exec-1] INFO  c.m.c.service.DeviceRequestService - Request Returned: http://localhost:8093/device
12:45:55.602 [http-nio-8080-exec-1] INFO  c.m.caller.api.CallerController - Returning:Caller.call():7.0
12:45:55.630 [http-nio-8080-exec-2] INFO  c.m.caller.api.CallerController - Starting:Caller.call()
12:45:55.630 [http-nio-8080-exec-2] INFO  c.m.c.service.DeviceRequestService - Request Started: http://localhost:8091/device
12:45:55.635 [http-nio-8080-exec-2] INFO  c.m.c.service.DeviceRequestService - Request Returned: http://localhost:8091/device
12:45:55.636 [http-nio-8080-exec-2] INFO  c.m.c.service.DeviceRequestService - Request Started: http://localhost:8092/device
12:45:55.648 [http-nio-8080-exec-2] INFO  c.m.c.service.DeviceRequestService - Request Returned: http://localhost:8092/device
12:45:55.648 [http-nio-8080-exec-2] INFO  c.m.c.service.DeviceRequestService - Request Started: http://localhost:8093/device
12:45:55.655 [http-nio-8080-exec-2] INFO  c.m.c.service.DeviceRequestService - Request Returned: http://localhost:8093/device
12:45:55.655 [http-nio-8080-exec-2] INFO  c.m.caller.api.CallerController - Returning:Caller.call():2.0
12:45:55.664 [http-nio-8080-exec-5] INFO  c.m.caller.api.CallerController - Starting:Caller.call()
12:45:55.664 [http-nio-8080-exec-5] INFO  c.m.c.service.DeviceRequestService - Request Started: http://localhost:8091/device
12:45:55.671 [http-nio-8080-exec-5] INFO  c.m.c.service.DeviceRequestService - Request Returned: http://localhost:8091/device
12:45:55.671 [http-nio-8080-exec-5] INFO  c.m.c.service.DeviceRequestService - Request Started: http://localhost:8092/device
12:45:55.677 [http-nio-8080-exec-5] INFO  c.m.c.service.DeviceRequestService - Request Returned: http://localhost:8092/device
12:45:55.678 [http-nio-8080-exec-5] INFO  c.m.c.service.DeviceRequestService - Request Started: http://localhost:8093/device
12:45:55.683 [http-nio-8080-exec-5] INFO  c.m.c.service.DeviceRequestService - Request Returned: http://localhost:8093/device
12:45:55.683 [http-nio-8080-exec-5] INFO  c.m.caller.api.CallerController - Returning:Caller.call():8.0
12:45:55.698 [http-nio-8080-exec-4] INFO  c.m.caller.api.CallerController - Starting:Caller.call()
12:45:55.698 [http-nio-8080-exec-4] INFO  c.m.c.service.DeviceRequestService - Request Started: http://localhost:8091/device
12:45:55.703 [http-nio-8080-exec-4] INFO  c.m.c.service.DeviceRequestService - Request Returned: http://localhost:8091/device
12:45:55.703 [http-nio-8080-exec-4] INFO  c.m.c.service.DeviceRequestService - Request Started: http://localhost:8092/device
12:45:55.710 [http-nio-8080-exec-4] INFO  c.m.c.service.DeviceRequestService - Request Returned: http://localhost:8092/device
12:45:55.710 [http-nio-8080-exec-4] INFO  c.m.c.service.DeviceRequestService - Request Started: http://localhost:8093/device
12:45:55.715 [http-nio-8080-exec-4] INFO  c.m.c.service.DeviceRequestService - Request Returned: http://localhost:8093/device
12:45:55.716 [http-nio-8080-exec-4] INFO  c.m.caller.api.CallerController - Returning:Caller.call():14.0
12:45:55.726 [http-nio-8080-exec-6] INFO  c.m.caller.api.CallerController - Starting:Caller.call()
12:45:55.727 [http-nio-8080-exec-6] INFO  c.m.c.service.DeviceRequestService - Request Started: http://localhost:8091/device
12:45:55.731 [http-nio-8080-exec-6] INFO  c.m.c.service.DeviceRequestService - Request Returned: http://localhost:8091/device
12:45:55.731 [http-nio-8080-exec-6] INFO  c.m.c.service.DeviceRequestService - Request Started: http://localhost:8092/device
12:45:55.738 [http-nio-8080-exec-6] INFO  c.m.c.service.DeviceRequestService - Request Returned: http://localhost:8092/device
12:45:55.738 [http-nio-8080-exec-6] INFO  c.m.c.service.DeviceRequestService - Request Started: http://localhost:8093/device
12:45:55.749 [http-nio-8080-exec-6] INFO  c.m.c.service.DeviceRequestService - Request Returned: http://localhost:8093/device
12:45:55.750 [http-nio-8080-exec-6] INFO  c.m.caller.api.CallerController - Returning:Caller.call():15.0
12:45:55.757 [http-nio-8080-exec-3] INFO  c.m.caller.api.CallerController - Starting:Caller.call()
12:45:55.757 [http-nio-8080-exec-3] INFO  c.m.c.service.DeviceRequestService - Request Started: http://localhost:8091/device
12:45:55.762 [http-nio-8080-exec-3] INFO  c.m.c.service.DeviceRequestService - Request Returned: http://localhost:8091/device
12:45:55.762 [http-nio-8080-exec-3] INFO  c.m.c.service.DeviceRequestService - Request Started: http://localhost:8092/device
12:45:55.767 [http-nio-8080-exec-3] INFO  c.m.c.service.DeviceRequestService - Request Returned: http://localhost:8092/device
12:45:55.768 [http-nio-8080-exec-3] INFO  c.m.c.service.DeviceRequestService - Request Started: http://localhost:8093/device
12:45:55.774 [http-nio-8080-exec-3] INFO  c.m.c.service.DeviceRequestService - Request Returned: http://localhost:8093/device
12:45:55.775 [http-nio-8080-exec-3] INFO  c.m.caller.api.CallerController - Returning:Caller.call():19.0
12:45:55.819 [http-nio-8080-exec-7] INFO  c.m.caller.api.CallerController - Starting:Caller.call()
12:45:55.819 [http-nio-8080-exec-7] INFO  c.m.c.service.DeviceRequestService - Request Started: http://localhost:8091/device
12:45:55.826 [http-nio-8080-exec-7] INFO  c.m.c.service.DeviceRequestService - Request Returned: http://localhost:8091/device
12:45:55.826 [http-nio-8080-exec-7] INFO  c.m.c.service.DeviceRequestService - Request Started: http://localhost:8092/device
12:45:55.838 [http-nio-8080-exec-7] INFO  c.m.c.service.DeviceRequestService - Request Returned: http://localhost:8092/device
12:45:55.839 [http-nio-8080-exec-7] INFO  c.m.c.service.DeviceRequestService - Request Started: http://localhost:8093/device
12:45:55.844 [http-nio-8080-exec-7] INFO  c.m.c.service.DeviceRequestService - Request Returned: http://localhost:8093/device
12:45:55.845 [http-nio-8080-exec-7] INFO  c.m.caller.api.CallerController - Returning:Caller.call():21.0
12:45:55.865 [http-nio-8080-exec-8] INFO  c.m.caller.api.CallerController - Starting:Caller.call()
12:45:55.865 [http-nio-8080-exec-8] INFO  c.m.c.service.DeviceRequestService - Request Started: http://localhost:8091/device
12:45:55.870 [http-nio-8080-exec-8] INFO  c.m.c.service.DeviceRequestService - Request Returned: http://localhost:8091/device
12:45:55.870 [http-nio-8080-exec-8] INFO  c.m.c.service.DeviceRequestService - Request Started: http://localhost:8092/device
12:45:55.877 [http-nio-8080-exec-8] INFO  c.m.c.service.DeviceRequestService - Request Returned: http://localhost:8092/device
12:45:55.877 [http-nio-8080-exec-8] INFO  c.m.c.service.DeviceRequestService - Request Started: http://localhost:8093/device
12:45:55.890 [http-nio-8080-exec-8] INFO  c.m.c.service.DeviceRequestService - Request Returned: http://localhost:8093/device
12:45:55.890 [http-nio-8080-exec-8] INFO  c.m.caller.api.CallerController - Returning:Caller.call():22.0
12:45:55.900 [http-nio-8080-exec-9] INFO  c.m.caller.api.CallerController - Starting:Caller.call()
12:45:55.900 [http-nio-8080-exec-9] INFO  c.m.c.service.DeviceRequestService - Request Started: http://localhost:8091/device
12:45:55.905 [http-nio-8080-exec-9] INFO  c.m.c.service.DeviceRequestService - Request Returned: http://localhost:8091/device
12:45:55.905 [http-nio-8080-exec-9] INFO  c.m.c.service.DeviceRequestService - Request Started: http://localhost:8092/device
12:45:55.909 [http-nio-8080-exec-9] INFO  c.m.c.service.DeviceRequestService - Request Returned: http://localhost:8092/device
12:45:55.909 [http-nio-8080-exec-9] INFO  c.m.c.service.DeviceRequestService - Request Started: http://localhost:8093/device
12:45:55.915 [http-nio-8080-exec-9] INFO  c.m.c.service.DeviceRequestService - Request Returned: http://localhost:8093/device
12:45:55.915 [http-nio-8080-exec-9] INFO  c.m.caller.api.CallerController - Returning:Caller.call():24.0
12:45:55.939 [http-nio-8080-exec-10] INFO  c.m.caller.api.CallerController - Starting:Caller.call()
12:45:55.939 [http-nio-8080-exec-10] INFO  c.m.c.service.DeviceRequestService - Request Started: http://localhost:8091/device
12:45:55.944 [http-nio-8080-exec-10] INFO  c.m.c.service.DeviceRequestService - Request Returned: http://localhost:8091/device
12:45:55.944 [http-nio-8080-exec-10] INFO  c.m.c.service.DeviceRequestService - Request Started: http://localhost:8092/device
12:45:55.949 [http-nio-8080-exec-10] INFO  c.m.c.service.DeviceRequestService - Request Returned: http://localhost:8092/device
12:45:55.949 [http-nio-8080-exec-10] INFO  c.m.c.service.DeviceRequestService - Request Started: http://localhost:8093/device
12:45:55.964 [http-nio-8080-exec-10] INFO  c.m.c.service.DeviceRequestService - Request Returned: http://localhost:8093/device
12:45:55.964 [http-nio-8080-exec-10] INFO  c.m.caller.api.CallerController - Returning:Caller.call():27.0
12:45:55.988 [http-nio-8080-exec-1] INFO  c.m.caller.api.CallerController - Starting:Caller.call()
12:45:55.988 [http-nio-8080-exec-1] INFO  c.m.c.service.DeviceRequestService - Request Started: http://localhost:8091/device
12:45:55.994 [http-nio-8080-exec-1] INFO  c.m.c.service.DeviceRequestService - Request Returned: http://localhost:8091/device
12:45:55.994 [http-nio-8080-exec-1] INFO  c.m.c.service.DeviceRequestService - Request Started: http://localhost:8092/device
12:45:56.000 [http-nio-8080-exec-1] INFO  c.m.c.service.DeviceRequestService - Request Returned: http://localhost:8092/device
12:45:56.000 [http-nio-8080-exec-1] INFO  c.m.c.service.DeviceRequestService - Request Started: http://localhost:8093/device
12:45:56.006 [http-nio-8080-exec-1] INFO  c.m.c.service.DeviceRequestService - Request Returned: http://localhost:8093/device
12:45:56.006 [http-nio-8080-exec-1] INFO  c.m.caller.api.CallerController - Returning:Caller.call():18.0
12:45:56.014 [http-nio-8080-exec-2] INFO  c.m.caller.api.CallerController - Starting:Caller.call()
12:45:56.014 [http-nio-8080-exec-2] INFO  c.m.c.service.DeviceRequestService - Request Started: http://localhost:8091/device
12:45:56.018 [http-nio-8080-exec-2] INFO  c.m.c.service.DeviceRequestService - Request Returned: http://localhost:8091/device
12:45:56.018 [http-nio-8080-exec-2] INFO  c.m.c.service.DeviceRequestService - Request Started: http://localhost:8092/device
12:45:56.023 [http-nio-8080-exec-2] INFO  c.m.c.service.DeviceRequestService - Request Returned: http://localhost:8092/device
12:45:56.023 [http-nio-8080-exec-2] INFO  c.m.c.service.DeviceRequestService - Request Started: http://localhost:8093/device
12:45:56.028 [http-nio-8080-exec-2] INFO  c.m.c.service.DeviceRequestService - Request Returned: http://localhost:8093/device
12:45:56.029 [http-nio-8080-exec-2] INFO  c.m.caller.api.CallerController - Returning:Caller.call():17.0
