12:39:51.001 [main] INFO  c.m.i.IoTDeviceServiceApplication - Starting IoTDeviceServiceApplication on macbook-gibeon.ecs.soton.ac.uk with PID 28500 (/Users/gibeon/git/MicroThingsExperiment1/iotdeviceservice/bin/main started by gibeon in /Users/gibeon/git/MicroThingsExperiment1/iotdeviceservice)
12:39:51.252 [main] INFO  c.m.i.IoTDeviceServiceApplication - No active profile set, falling back to default profiles: default
12:39:51.955 [main] INFO  c.m.i.IoTDeviceServiceApplication - Starting IoTDeviceServiceApplication on macbook-gibeon.ecs.soton.ac.uk with PID 28501 (/Users/gibeon/git/MicroThingsExperiment1/iotdeviceservice/bin/main started by gibeon in /Users/gibeon/git/MicroThingsExperiment1/iotdeviceservice)
12:39:52.086 [main] INFO  c.m.i.IoTDeviceServiceApplication - No active profile set, falling back to default profiles: default
12:39:57.094 [main] INFO  c.m.i.IoTDeviceServiceApplication - Starting IoTDeviceServiceApplication on macbook-gibeon.ecs.soton.ac.uk with PID 28503 (/Users/gibeon/git/MicroThingsExperiment1/iotdeviceservice/bin/main started by gibeon in /Users/gibeon/git/MicroThingsExperiment1/iotdeviceservice)
12:39:57.110 [main] INFO  c.m.i.IoTDeviceServiceApplication - No active profile set, falling back to default profiles: default
12:40:04.425 [main] INFO  c.m.i.IoTDeviceServiceApplication - Started IoTDeviceServiceApplication in 15.457 seconds (JVM running for 17.773)
12:40:14.765 [main] INFO  c.m.i.IoTDeviceServiceApplication - Starting IoTDeviceServiceApplication on macbook-gibeon.ecs.soton.ac.uk with PID 28513 (/Users/gibeon/git/MicroThingsExperiment1/iotdeviceservice/bin/main started by gibeon in /Users/gibeon/git/MicroThingsExperiment1/iotdeviceservice)
12:40:14.795 [main] INFO  c.m.i.IoTDeviceServiceApplication - No active profile set, falling back to default profiles: default
12:40:19.666 [main] INFO  c.m.i.IoTDeviceServiceApplication - Started IoTDeviceServiceApplication in 5.753 seconds (JVM running for 7.029)
12:40:20.144 [main] INFO  c.m.i.IoTDeviceServiceApplication - Starting IoTDeviceServiceApplication on macbook-gibeon.ecs.soton.ac.uk with PID 28517 (/Users/gibeon/git/MicroThingsExperiment1/iotdeviceservice/bin/main started by gibeon in /Users/gibeon/git/MicroThingsExperiment1/iotdeviceservice)
12:40:20.152 [main] INFO  c.m.i.IoTDeviceServiceApplication - No active profile set, falling back to default profiles: default
12:40:25.181 [main] INFO  c.m.i.IoTDeviceServiceApplication - Starting IoTDeviceServiceApplication on macbook-gibeon.ecs.soton.ac.uk with PID 28520 (/Users/gibeon/git/MicroThingsExperiment1/iotdeviceservice/bin/main started by gibeon in /Users/gibeon/git/MicroThingsExperiment1/iotdeviceservice)
12:40:25.188 [main] INFO  c.m.i.IoTDeviceServiceApplication - No active profile set, falling back to default profiles: default
12:40:27.216 [main] INFO  c.m.i.IoTDeviceServiceApplication - Started IoTDeviceServiceApplication in 7.953 seconds (JVM running for 9.607)
12:40:29.969 [main] INFO  c.m.i.IoTDeviceServiceApplication - Started IoTDeviceServiceApplication in 5.708 seconds (JVM running for 7.241)
12:45:39.410 [http-nio-8091-exec-1] INFO  c.m.i.rest.IoTDeviceController - Starting IoTDevice.Setup:[]
12:45:39.415 [http-nio-8091-exec-1] INFO  c.m.i.rest.IoTDeviceController - Finishing IoTDevice.Setup:[]
12:45:45.388 [http-nio-8092-exec-1] INFO  c.m.i.rest.IoTDeviceController - Starting IoTDevice.Setup:[]
12:45:45.395 [http-nio-8092-exec-1] INFO  c.m.i.rest.IoTDeviceController - Finishing IoTDevice.Setup:[]
12:45:46.355 [http-nio-8093-exec-1] INFO  c.m.i.rest.IoTDeviceController - Starting IoTDevice.Setup:[]
12:45:46.356 [http-nio-8093-exec-1] INFO  c.m.i.rest.IoTDeviceController - Finishing IoTDevice.Setup:[]
12:45:49.790 [http-nio-8091-exec-4] INFO  c.m.i.rest.IoTDeviceController - Starting:getDeviceData()
12:45:49.790 [http-nio-8091-exec-3] INFO  c.m.i.rest.IoTDeviceController - Starting:getDeviceData()
12:45:49.811 [http-nio-8091-exec-3] INFO  c.m.i.rest.IoTDeviceController - Returning:IoTDevice.getDeviceData():11.0
12:45:49.812 [http-nio-8091-exec-4] INFO  c.m.i.rest.IoTDeviceController - Returning:IoTDevice.getDeviceData():10.0
12:45:50.191 [http-nio-8091-exec-5] INFO  c.m.i.rest.IoTDeviceController - Starting:getDeviceData()
12:45:50.192 [http-nio-8091-exec-5] INFO  c.m.i.rest.IoTDeviceController - Returning:IoTDevice.getDeviceData():15.0
12:45:50.416 [http-nio-8092-exec-3] INFO  c.m.i.rest.IoTDeviceController - Starting:getDeviceData()
12:45:50.419 [http-nio-8092-exec-4] INFO  c.m.i.rest.IoTDeviceController - Starting:getDeviceData()
12:45:50.424 [http-nio-8092-exec-4] INFO  c.m.i.rest.IoTDeviceController - Returning:IoTDevice.getDeviceData():11.0
12:45:50.424 [http-nio-8092-exec-3] INFO  c.m.i.rest.IoTDeviceController - Returning:IoTDevice.getDeviceData():10.0
12:45:50.424 [http-nio-8092-exec-2] INFO  c.m.i.rest.IoTDeviceController - Starting:getDeviceData()
12:45:50.425 [http-nio-8092-exec-2] INFO  c.m.i.rest.IoTDeviceController - Returning:IoTDevice.getDeviceData():15.0
12:45:50.723 [http-nio-8091-exec-6] INFO  c.m.i.rest.IoTDeviceController - Starting:getDeviceData()
12:45:50.737 [http-nio-8091-exec-6] INFO  c.m.i.rest.IoTDeviceController - Returning:IoTDevice.getDeviceData():4.0
12:45:50.773 [http-nio-8093-exec-2] INFO  c.m.i.rest.IoTDeviceController - Starting:getDeviceData()
12:45:50.783 [http-nio-8093-exec-2] INFO  c.m.i.rest.IoTDeviceController - Returning:IoTDevice.getDeviceData():10.0
12:45:50.889 [http-nio-8093-exec-3] INFO  c.m.i.rest.IoTDeviceController - Starting:getDeviceData()
12:45:50.889 [http-nio-8093-exec-3] INFO  c.m.i.rest.IoTDeviceController - Returning:IoTDevice.getDeviceData():11.0
12:45:50.891 [http-nio-8092-exec-5] INFO  c.m.i.rest.IoTDeviceController - Starting:getDeviceData()
12:45:50.891 [http-nio-8093-exec-4] INFO  c.m.i.rest.IoTDeviceController - Starting:getDeviceData()
12:45:50.892 [http-nio-8092-exec-5] INFO  c.m.i.rest.IoTDeviceController - Returning:IoTDevice.getDeviceData():4.0
12:45:50.892 [http-nio-8093-exec-4] INFO  c.m.i.rest.IoTDeviceController - Returning:IoTDevice.getDeviceData():15.0
12:45:50.914 [http-nio-8093-exec-5] INFO  c.m.i.rest.IoTDeviceController - Starting:getDeviceData()
12:45:50.915 [http-nio-8093-exec-5] INFO  c.m.i.rest.IoTDeviceController - Returning:IoTDevice.getDeviceData():4.0
12:45:51.175 [http-nio-8091-exec-7] INFO  c.m.i.rest.IoTDeviceController - Starting:getDeviceData()
12:45:51.177 [http-nio-8091-exec-7] INFO  c.m.i.rest.IoTDeviceController - Returning:IoTDevice.getDeviceData():7.0
12:45:51.209 [http-nio-8092-exec-6] INFO  c.m.i.rest.IoTDeviceController - Starting:getDeviceData()
12:45:51.210 [http-nio-8092-exec-6] INFO  c.m.i.rest.IoTDeviceController - Returning:IoTDevice.getDeviceData():7.0
12:45:51.223 [http-nio-8093-exec-6] INFO  c.m.i.rest.IoTDeviceController - Starting:getDeviceData()
12:45:51.224 [http-nio-8093-exec-6] INFO  c.m.i.rest.IoTDeviceController - Returning:IoTDevice.getDeviceData():7.0
12:45:51.360 [http-nio-8091-exec-8] INFO  c.m.i.rest.IoTDeviceController - Starting:getDeviceData()
12:45:51.360 [http-nio-8091-exec-8] INFO  c.m.i.rest.IoTDeviceController - Returning:IoTDevice.getDeviceData():2.0
12:45:51.371 [http-nio-8092-exec-7] INFO  c.m.i.rest.IoTDeviceController - Starting:getDeviceData()
12:45:51.372 [http-nio-8092-exec-7] INFO  c.m.i.rest.IoTDeviceController - Returning:IoTDevice.getDeviceData():2.0
12:45:51.389 [http-nio-8093-exec-7] INFO  c.m.i.rest.IoTDeviceController - Starting:getDeviceData()
12:45:51.390 [http-nio-8093-exec-7] INFO  c.m.i.rest.IoTDeviceController - Returning:IoTDevice.getDeviceData():2.0
12:45:51.404 [http-nio-8091-exec-9] INFO  c.m.i.rest.IoTDeviceController - Starting:getDeviceData()
12:45:51.405 [http-nio-8091-exec-9] INFO  c.m.i.rest.IoTDeviceController - Returning:IoTDevice.getDeviceData():8.0
12:45:51.418 [http-nio-8092-exec-8] INFO  c.m.i.rest.IoTDeviceController - Starting:getDeviceData()
12:45:51.419 [http-nio-8092-exec-8] INFO  c.m.i.rest.IoTDeviceController - Returning:IoTDevice.getDeviceData():8.0
12:45:51.434 [http-nio-8093-exec-8] INFO  c.m.i.rest.IoTDeviceController - Starting:getDeviceData()
12:45:51.434 [http-nio-8093-exec-8] INFO  c.m.i.rest.IoTDeviceController - Returning:IoTDevice.getDeviceData():8.0
12:45:51.466 [http-nio-8091-exec-10] INFO  c.m.i.rest.IoTDeviceController - Starting:getDeviceData()
12:45:51.467 [http-nio-8091-exec-10] INFO  c.m.i.rest.IoTDeviceController - Returning:IoTDevice.getDeviceData():14.0
12:45:51.476 [http-nio-8092-exec-9] INFO  c.m.i.rest.IoTDeviceController - Starting:getDeviceData()
12:45:51.478 [http-nio-8092-exec-9] INFO  c.m.i.rest.IoTDeviceController - Returning:IoTDevice.getDeviceData():14.0
12:45:51.490 [http-nio-8093-exec-9] INFO  c.m.i.rest.IoTDeviceController - Starting:getDeviceData()
12:45:51.491 [http-nio-8093-exec-9] INFO  c.m.i.rest.IoTDeviceController - Returning:IoTDevice.getDeviceData():14.0
12:45:51.505 [http-nio-8091-exec-1] INFO  c.m.i.rest.IoTDeviceController - Starting:getDeviceData()
12:45:51.506 [http-nio-8091-exec-1] INFO  c.m.i.rest.IoTDeviceController - Returning:IoTDevice.getDeviceData():15.0
12:45:51.529 [http-nio-8092-exec-10] INFO  c.m.i.rest.IoTDeviceController - Starting:getDeviceData()
12:45:51.573 [http-nio-8092-exec-10] INFO  c.m.i.rest.IoTDeviceController - Returning:IoTDevice.getDeviceData():15.0
12:45:51.586 [http-nio-8093-exec-10] INFO  c.m.i.rest.IoTDeviceController - Starting:getDeviceData()
12:45:51.586 [http-nio-8093-exec-10] INFO  c.m.i.rest.IoTDeviceController - Returning:IoTDevice.getDeviceData():15.0
12:45:51.618 [http-nio-8091-exec-2] INFO  c.m.i.rest.IoTDeviceController - Starting:getDeviceData()
12:45:51.619 [http-nio-8091-exec-2] INFO  c.m.i.rest.IoTDeviceController - Returning:IoTDevice.getDeviceData():19.0
12:45:51.632 [http-nio-8092-exec-1] INFO  c.m.i.rest.IoTDeviceController - Starting:getDeviceData()
12:45:51.638 [http-nio-8092-exec-1] INFO  c.m.i.rest.IoTDeviceController - Returning:IoTDevice.getDeviceData():19.0
12:45:51.646 [http-nio-8093-exec-1] INFO  c.m.i.rest.IoTDeviceController - Starting:getDeviceData()
12:45:51.647 [http-nio-8093-exec-1] INFO  c.m.i.rest.IoTDeviceController - Returning:IoTDevice.getDeviceData():19.0
12:45:51.667 [http-nio-8091-exec-4] INFO  c.m.i.rest.IoTDeviceController - Starting:getDeviceData()
12:45:51.667 [http-nio-8091-exec-4] INFO  c.m.i.rest.IoTDeviceController - Returning:IoTDevice.getDeviceData():21.0
12:45:51.674 [http-nio-8092-exec-2] INFO  c.m.i.rest.IoTDeviceController - Starting:getDeviceData()
12:45:51.674 [http-nio-8092-exec-2] INFO  c.m.i.rest.IoTDeviceController - Returning:IoTDevice.getDeviceData():21.0
12:45:51.680 [http-nio-8093-exec-3] INFO  c.m.i.rest.IoTDeviceController - Starting:getDeviceData()
12:45:51.680 [http-nio-8093-exec-3] INFO  c.m.i.rest.IoTDeviceController - Returning:IoTDevice.getDeviceData():21.0
12:45:51.695 [http-nio-8091-exec-5] INFO  c.m.i.rest.IoTDeviceController - Starting:getDeviceData()
12:45:51.696 [http-nio-8091-exec-5] INFO  c.m.i.rest.IoTDeviceController - Returning:IoTDevice.getDeviceData():22.0
12:45:51.702 [http-nio-8092-exec-3] INFO  c.m.i.rest.IoTDeviceController - Starting:getDeviceData()
12:45:51.703 [http-nio-8092-exec-3] INFO  c.m.i.rest.IoTDeviceController - Returning:IoTDevice.getDeviceData():22.0
12:45:51.708 [http-nio-8093-exec-5] INFO  c.m.i.rest.IoTDeviceController - Starting:getDeviceData()
12:45:51.709 [http-nio-8093-exec-5] INFO  c.m.i.rest.IoTDeviceController - Returning:IoTDevice.getDeviceData():22.0
12:45:51.723 [http-nio-8091-exec-3] INFO  c.m.i.rest.IoTDeviceController - Starting:getDeviceData()
12:45:51.723 [http-nio-8091-exec-3] INFO  c.m.i.rest.IoTDeviceController - Returning:IoTDevice.getDeviceData():24.0
12:45:51.750 [http-nio-8092-exec-4] INFO  c.m.i.rest.IoTDeviceController - Starting:getDeviceData()
12:45:51.750 [http-nio-8092-exec-4] INFO  c.m.i.rest.IoTDeviceController - Returning:IoTDevice.getDeviceData():24.0
12:45:51.801 [http-nio-8093-exec-4] INFO  c.m.i.rest.IoTDeviceController - Starting:getDeviceData()
12:45:51.801 [http-nio-8093-exec-4] INFO  c.m.i.rest.IoTDeviceController - Returning:IoTDevice.getDeviceData():24.0
12:45:51.816 [http-nio-8091-exec-6] INFO  c.m.i.rest.IoTDeviceController - Starting:getDeviceData()
12:45:51.817 [http-nio-8091-exec-6] INFO  c.m.i.rest.IoTDeviceController - Returning:IoTDevice.getDeviceData():27.0
12:45:51.827 [http-nio-8092-exec-5] INFO  c.m.i.rest.IoTDeviceController - Starting:getDeviceData()
12:45:51.828 [http-nio-8092-exec-5] INFO  c.m.i.rest.IoTDeviceController - Returning:IoTDevice.getDeviceData():27.0
12:45:51.835 [http-nio-8093-exec-2] INFO  c.m.i.rest.IoTDeviceController - Starting:getDeviceData()
12:45:51.835 [http-nio-8093-exec-2] INFO  c.m.i.rest.IoTDeviceController - Returning:IoTDevice.getDeviceData():27.0
12:45:51.848 [http-nio-8091-exec-7] INFO  c.m.i.rest.IoTDeviceController - Starting:getDeviceData()
12:45:51.848 [http-nio-8091-exec-7] INFO  c.m.i.rest.IoTDeviceController - Returning:IoTDevice.getDeviceData():18.0
12:45:51.862 [http-nio-8092-exec-6] INFO  c.m.i.rest.IoTDeviceController - Starting:getDeviceData()
12:45:51.953 [http-nio-8092-exec-6] INFO  c.m.i.rest.IoTDeviceController - Returning:IoTDevice.getDeviceData():18.0
12:45:51.986 [http-nio-8093-exec-6] INFO  c.m.i.rest.IoTDeviceController - Starting:getDeviceData()
12:45:51.987 [http-nio-8093-exec-6] INFO  c.m.i.rest.IoTDeviceController - Returning:IoTDevice.getDeviceData():18.0
12:45:52.030 [http-nio-8091-exec-8] INFO  c.m.i.rest.IoTDeviceController - Starting:getDeviceData()
12:45:52.031 [http-nio-8091-exec-8] INFO  c.m.i.rest.IoTDeviceController - Returning:IoTDevice.getDeviceData():17.0
12:45:52.048 [http-nio-8092-exec-7] INFO  c.m.i.rest.IoTDeviceController - Starting:getDeviceData()
12:45:52.049 [http-nio-8092-exec-7] INFO  c.m.i.rest.IoTDeviceController - Returning:IoTDevice.getDeviceData():17.0
12:45:52.059 [http-nio-8093-exec-7] INFO  c.m.i.rest.IoTDeviceController - Starting:getDeviceData()
12:45:52.060 [http-nio-8093-exec-7] INFO  c.m.i.rest.IoTDeviceController - Returning:IoTDevice.getDeviceData():17.0
12:45:52.102 [http-nio-8091-exec-9] INFO  c.m.i.rest.IoTDeviceController - Starting:getDeviceData()
12:45:52.103 [http-nio-8091-exec-9] INFO  c.m.i.rest.IoTDeviceController - Returning:IoTDevice.getDeviceData():14.0
12:45:52.109 [http-nio-8092-exec-8] INFO  c.m.i.rest.IoTDeviceController - Starting:getDeviceData()
12:45:52.110 [http-nio-8092-exec-8] INFO  c.m.i.rest.IoTDeviceController - Returning:IoTDevice.getDeviceData():14.0
12:45:52.186 [http-nio-8093-exec-8] INFO  c.m.i.rest.IoTDeviceController - Starting:getDeviceData()
12:45:52.186 [http-nio-8093-exec-8] INFO  c.m.i.rest.IoTDeviceController - Returning:IoTDevice.getDeviceData():14.0
12:45:52.210 [http-nio-8091-exec-10] INFO  c.m.i.rest.IoTDeviceController - Starting:getDeviceData()
12:45:52.210 [http-nio-8091-exec-10] INFO  c.m.i.rest.IoTDeviceController - Returning:IoTDevice.getDeviceData():11.0
12:45:52.217 [http-nio-8092-exec-9] INFO  c.m.i.rest.IoTDeviceController - Starting:getDeviceData()
12:45:52.217 [http-nio-8092-exec-9] INFO  c.m.i.rest.IoTDeviceController - Returning:IoTDevice.getDeviceData():11.0
12:45:52.236 [http-nio-8093-exec-9] INFO  c.m.i.rest.IoTDeviceController - Starting:getDeviceData()
12:45:52.239 [http-nio-8093-exec-9] INFO  c.m.i.rest.IoTDeviceController - Returning:IoTDevice.getDeviceData():11.0
12:45:52.261 [http-nio-8091-exec-1] INFO  c.m.i.rest.IoTDeviceController - Starting:getDeviceData()
12:45:52.262 [http-nio-8091-exec-1] INFO  c.m.i.rest.IoTDeviceController - Returning:IoTDevice.getDeviceData():9.0
12:45:52.282 [http-nio-8092-exec-10] INFO  c.m.i.rest.IoTDeviceController - Starting:getDeviceData()
12:45:52.284 [http-nio-8092-exec-10] INFO  c.m.i.rest.IoTDeviceController - Returning:IoTDevice.getDeviceData():9.0
12:45:52.289 [http-nio-8093-exec-10] INFO  c.m.i.rest.IoTDeviceController - Starting:getDeviceData()
12:45:52.290 [http-nio-8093-exec-10] INFO  c.m.i.rest.IoTDeviceController - Returning:IoTDevice.getDeviceData():9.0
12:45:52.303 [http-nio-8091-exec-2] INFO  c.m.i.rest.IoTDeviceController - Starting:getDeviceData()
12:45:52.304 [http-nio-8091-exec-2] INFO  c.m.i.rest.IoTDeviceController - Returning:IoTDevice.getDeviceData():3.0
12:45:52.309 [http-nio-8092-exec-1] INFO  c.m.i.rest.IoTDeviceController - Starting:getDeviceData()
12:45:52.310 [http-nio-8092-exec-1] INFO  c.m.i.rest.IoTDeviceController - Returning:IoTDevice.getDeviceData():3.0
12:45:52.337 [http-nio-8093-exec-1] INFO  c.m.i.rest.IoTDeviceController - Starting:getDeviceData()
12:45:52.338 [http-nio-8093-exec-1] INFO  c.m.i.rest.IoTDeviceController - Returning:IoTDevice.getDeviceData():3.0
12:45:52.355 [http-nio-8091-exec-4] INFO  c.m.i.rest.IoTDeviceController - Starting:getDeviceData()
12:45:52.356 [http-nio-8091-exec-4] INFO  c.m.i.rest.IoTDeviceController - Returning:IoTDevice.getDeviceData():14.0
12:45:52.367 [http-nio-8092-exec-2] INFO  c.m.i.rest.IoTDeviceController - Starting:getDeviceData()
12:45:52.367 [http-nio-8092-exec-2] INFO  c.m.i.rest.IoTDeviceController - Returning:IoTDevice.getDeviceData():14.0
12:45:52.396 [http-nio-8093-exec-3] INFO  c.m.i.rest.IoTDeviceController - Starting:getDeviceData()
12:45:52.396 [http-nio-8093-exec-3] INFO  c.m.i.rest.IoTDeviceController - Returning:IoTDevice.getDeviceData():14.0
12:45:52.427 [http-nio-8091-exec-5] INFO  c.m.i.rest.IoTDeviceController - Starting:getDeviceData()
12:45:52.431 [http-nio-8091-exec-5] INFO  c.m.i.rest.IoTDeviceController - Returning:IoTDevice.getDeviceData():10.0
12:45:52.444 [http-nio-8092-exec-3] INFO  c.m.i.rest.IoTDeviceController - Starting:getDeviceData()
12:45:52.446 [http-nio-8092-exec-3] INFO  c.m.i.rest.IoTDeviceController - Returning:IoTDevice.getDeviceData():10.0
12:45:52.465 [http-nio-8093-exec-5] INFO  c.m.i.rest.IoTDeviceController - Starting:getDeviceData()
12:45:52.466 [http-nio-8093-exec-5] INFO  c.m.i.rest.IoTDeviceController - Returning:IoTDevice.getDeviceData():10.0
12:45:52.484 [http-nio-8091-exec-3] INFO  c.m.i.rest.IoTDeviceController - Starting:getDeviceData()
12:45:52.485 [http-nio-8091-exec-3] INFO  c.m.i.rest.IoTDeviceController - Returning:IoTDevice.getDeviceData():11.0
12:45:52.491 [http-nio-8092-exec-4] INFO  c.m.i.rest.IoTDeviceController - Starting:getDeviceData()
12:45:52.491 [http-nio-8092-exec-4] INFO  c.m.i.rest.IoTDeviceController - Returning:IoTDevice.getDeviceData():11.0
12:45:52.498 [http-nio-8093-exec-4] INFO  c.m.i.rest.IoTDeviceController - Starting:getDeviceData()
12:45:52.499 [http-nio-8093-exec-4] INFO  c.m.i.rest.IoTDeviceController - Returning:IoTDevice.getDeviceData():11.0
12:45:52.511 [http-nio-8091-exec-6] INFO  c.m.i.rest.IoTDeviceController - Starting:getDeviceData()
12:45:52.511 [http-nio-8091-exec-6] INFO  c.m.i.rest.IoTDeviceController - Returning:IoTDevice.getDeviceData():15.0
12:45:52.517 [http-nio-8092-exec-5] INFO  c.m.i.rest.IoTDeviceController - Starting:getDeviceData()
12:45:52.518 [http-nio-8092-exec-5] INFO  c.m.i.rest.IoTDeviceController - Returning:IoTDevice.getDeviceData():15.0
12:45:52.531 [http-nio-8093-exec-2] INFO  c.m.i.rest.IoTDeviceController - Starting:getDeviceData()
12:45:52.531 [http-nio-8093-exec-2] INFO  c.m.i.rest.IoTDeviceController - Returning:IoTDevice.getDeviceData():15.0
12:45:52.545 [http-nio-8091-exec-7] INFO  c.m.i.rest.IoTDeviceController - Starting:getDeviceData()
12:45:52.547 [http-nio-8091-exec-7] INFO  c.m.i.rest.IoTDeviceController - Returning:IoTDevice.getDeviceData():4.0
12:45:52.608 [http-nio-8092-exec-6] INFO  c.m.i.rest.IoTDeviceController - Starting:getDeviceData()
12:45:52.608 [http-nio-8092-exec-6] INFO  c.m.i.rest.IoTDeviceController - Returning:IoTDevice.getDeviceData():4.0
12:45:52.616 [http-nio-8093-exec-6] INFO  c.m.i.rest.IoTDeviceController - Starting:getDeviceData()
12:45:52.616 [http-nio-8093-exec-6] INFO  c.m.i.rest.IoTDeviceController - Returning:IoTDevice.getDeviceData():4.0
12:45:52.631 [http-nio-8091-exec-8] INFO  c.m.i.rest.IoTDeviceController - Starting:getDeviceData()
12:45:52.632 [http-nio-8091-exec-8] INFO  c.m.i.rest.IoTDeviceController - Returning:IoTDevice.getDeviceData():7.0
12:45:52.638 [http-nio-8092-exec-7] INFO  c.m.i.rest.IoTDeviceController - Starting:getDeviceData()
12:45:52.643 [http-nio-8092-exec-7] INFO  c.m.i.rest.IoTDeviceController - Returning:IoTDevice.getDeviceData():7.0
12:45:52.651 [http-nio-8093-exec-7] INFO  c.m.i.rest.IoTDeviceController - Starting:getDeviceData()
12:45:52.652 [http-nio-8093-exec-7] INFO  c.m.i.rest.IoTDeviceController - Returning:IoTDevice.getDeviceData():7.0
12:45:52.666 [http-nio-8091-exec-9] INFO  c.m.i.rest.IoTDeviceController - Starting:getDeviceData()
12:45:52.667 [http-nio-8091-exec-9] INFO  c.m.i.rest.IoTDeviceController - Returning:IoTDevice.getDeviceData():2.0
12:45:52.673 [http-nio-8092-exec-8] INFO  c.m.i.rest.IoTDeviceController - Starting:getDeviceData()
12:45:52.674 [http-nio-8092-exec-8] INFO  c.m.i.rest.IoTDeviceController - Returning:IoTDevice.getDeviceData():2.0
12:45:52.682 [http-nio-8093-exec-8] INFO  c.m.i.rest.IoTDeviceController - Starting:getDeviceData()
12:45:52.682 [http-nio-8093-exec-8] INFO  c.m.i.rest.IoTDeviceController - Returning:IoTDevice.getDeviceData():2.0
12:45:52.703 [http-nio-8091-exec-10] INFO  c.m.i.rest.IoTDeviceController - Starting:getDeviceData()
12:45:52.704 [http-nio-8091-exec-10] INFO  c.m.i.rest.IoTDeviceController - Returning:IoTDevice.getDeviceData():8.0
12:45:52.709 [http-nio-8092-exec-9] INFO  c.m.i.rest.IoTDeviceController - Starting:getDeviceData()
12:45:52.710 [http-nio-8092-exec-9] INFO  c.m.i.rest.IoTDeviceController - Returning:IoTDevice.getDeviceData():8.0
12:45:52.717 [http-nio-8093-exec-9] INFO  c.m.i.rest.IoTDeviceController - Starting:getDeviceData()
12:45:52.717 [http-nio-8093-exec-9] INFO  c.m.i.rest.IoTDeviceController - Returning:IoTDevice.getDeviceData():8.0
12:45:52.730 [http-nio-8091-exec-1] INFO  c.m.i.rest.IoTDeviceController - Starting:getDeviceData()
12:45:52.731 [http-nio-8091-exec-1] INFO  c.m.i.rest.IoTDeviceController - Returning:IoTDevice.getDeviceData():14.0
12:45:52.738 [http-nio-8092-exec-10] INFO  c.m.i.rest.IoTDeviceController - Starting:getDeviceData()
12:45:52.739 [http-nio-8092-exec-10] INFO  c.m.i.rest.IoTDeviceController - Returning:IoTDevice.getDeviceData():14.0
12:45:52.745 [http-nio-8093-exec-10] INFO  c.m.i.rest.IoTDeviceController - Starting:getDeviceData()
12:45:52.746 [http-nio-8093-exec-10] INFO  c.m.i.rest.IoTDeviceController - Returning:IoTDevice.getDeviceData():14.0
12:45:52.790 [http-nio-8091-exec-2] INFO  c.m.i.rest.IoTDeviceController - Starting:getDeviceData()
12:45:52.794 [http-nio-8091-exec-2] INFO  c.m.i.rest.IoTDeviceController - Returning:IoTDevice.getDeviceData():15.0
12:45:52.800 [http-nio-8092-exec-1] INFO  c.m.i.rest.IoTDeviceController - Starting:getDeviceData()
12:45:52.801 [http-nio-8092-exec-1] INFO  c.m.i.rest.IoTDeviceController - Returning:IoTDevice.getDeviceData():15.0
12:45:52.813 [http-nio-8093-exec-1] INFO  c.m.i.rest.IoTDeviceController - Starting:getDeviceData()
12:45:52.814 [http-nio-8093-exec-1] INFO  c.m.i.rest.IoTDeviceController - Returning:IoTDevice.getDeviceData():15.0
12:45:52.831 [http-nio-8091-exec-4] INFO  c.m.i.rest.IoTDeviceController - Starting:getDeviceData()
12:45:52.831 [http-nio-8091-exec-4] INFO  c.m.i.rest.IoTDeviceController - Returning:IoTDevice.getDeviceData():19.0
12:45:52.839 [http-nio-8092-exec-2] INFO  c.m.i.rest.IoTDeviceController - Starting:getDeviceData()
12:45:52.839 [http-nio-8092-exec-2] INFO  c.m.i.rest.IoTDeviceController - Returning:IoTDevice.getDeviceData():19.0
12:45:52.845 [http-nio-8093-exec-3] INFO  c.m.i.rest.IoTDeviceController - Starting:getDeviceData()
12:45:52.845 [http-nio-8093-exec-3] INFO  c.m.i.rest.IoTDeviceController - Returning:IoTDevice.getDeviceData():19.0
12:45:52.856 [http-nio-8091-exec-5] INFO  c.m.i.rest.IoTDeviceController - Starting:getDeviceData()
12:45:52.856 [http-nio-8091-exec-5] INFO  c.m.i.rest.IoTDeviceController - Returning:IoTDevice.getDeviceData():21.0
12:45:52.864 [http-nio-8092-exec-3] INFO  c.m.i.rest.IoTDeviceController - Starting:getDeviceData()
12:45:52.865 [http-nio-8092-exec-3] INFO  c.m.i.rest.IoTDeviceController - Returning:IoTDevice.getDeviceData():21.0
12:45:52.872 [http-nio-8093-exec-5] INFO  c.m.i.rest.IoTDeviceController - Starting:getDeviceData()
12:45:52.873 [http-nio-8093-exec-5] INFO  c.m.i.rest.IoTDeviceController - Returning:IoTDevice.getDeviceData():21.0
12:45:52.883 [http-nio-8091-exec-3] INFO  c.m.i.rest.IoTDeviceController - Starting:getDeviceData()
12:45:52.884 [http-nio-8091-exec-3] INFO  c.m.i.rest.IoTDeviceController - Returning:IoTDevice.getDeviceData():22.0
12:45:52.889 [http-nio-8092-exec-4] INFO  c.m.i.rest.IoTDeviceController - Starting:getDeviceData()
12:45:52.889 [http-nio-8092-exec-4] INFO  c.m.i.rest.IoTDeviceController - Returning:IoTDevice.getDeviceData():22.0
12:45:52.894 [http-nio-8093-exec-4] INFO  c.m.i.rest.IoTDeviceController - Starting:getDeviceData()
12:45:52.895 [http-nio-8093-exec-4] INFO  c.m.i.rest.IoTDeviceController - Returning:IoTDevice.getDeviceData():22.0
12:45:52.905 [http-nio-8091-exec-6] INFO  c.m.i.rest.IoTDeviceController - Starting:getDeviceData()
12:45:52.906 [http-nio-8091-exec-6] INFO  c.m.i.rest.IoTDeviceController - Returning:IoTDevice.getDeviceData():24.0
12:45:52.913 [http-nio-8092-exec-5] INFO  c.m.i.rest.IoTDeviceController - Starting:getDeviceData()
12:45:52.913 [http-nio-8092-exec-5] INFO  c.m.i.rest.IoTDeviceController - Returning:IoTDevice.getDeviceData():24.0
12:45:52.918 [http-nio-8093-exec-2] INFO  c.m.i.rest.IoTDeviceController - Starting:getDeviceData()
12:45:52.919 [http-nio-8093-exec-2] INFO  c.m.i.rest.IoTDeviceController - Returning:IoTDevice.getDeviceData():24.0
12:45:52.930 [http-nio-8091-exec-7] INFO  c.m.i.rest.IoTDeviceController - Starting:getDeviceData()
12:45:52.931 [http-nio-8091-exec-7] INFO  c.m.i.rest.IoTDeviceController - Returning:IoTDevice.getDeviceData():27.0
12:45:52.935 [http-nio-8092-exec-6] INFO  c.m.i.rest.IoTDeviceController - Starting:getDeviceData()
12:45:52.936 [http-nio-8092-exec-6] INFO  c.m.i.rest.IoTDeviceController - Returning:IoTDevice.getDeviceData():27.0
12:45:52.941 [http-nio-8093-exec-6] INFO  c.m.i.rest.IoTDeviceController - Starting:getDeviceData()
12:45:52.941 [http-nio-8093-exec-6] INFO  c.m.i.rest.IoTDeviceController - Returning:IoTDevice.getDeviceData():27.0
12:45:52.952 [http-nio-8091-exec-8] INFO  c.m.i.rest.IoTDeviceController - Starting:getDeviceData()
12:45:52.953 [http-nio-8091-exec-8] INFO  c.m.i.rest.IoTDeviceController - Returning:IoTDevice.getDeviceData():18.0
12:45:52.960 [http-nio-8092-exec-7] INFO  c.m.i.rest.IoTDeviceController - Starting:getDeviceData()
12:45:52.960 [http-nio-8092-exec-7] INFO  c.m.i.rest.IoTDeviceController - Returning:IoTDevice.getDeviceData():18.0
12:45:52.974 [http-nio-8093-exec-7] INFO  c.m.i.rest.IoTDeviceController - Starting:getDeviceData()
12:45:52.975 [http-nio-8093-exec-7] INFO  c.m.i.rest.IoTDeviceController - Returning:IoTDevice.getDeviceData():18.0
12:45:52.987 [http-nio-8091-exec-9] INFO  c.m.i.rest.IoTDeviceController - Starting:getDeviceData()
12:45:52.988 [http-nio-8091-exec-9] INFO  c.m.i.rest.IoTDeviceController - Returning:IoTDevice.getDeviceData():17.0
12:45:52.999 [http-nio-8092-exec-8] INFO  c.m.i.rest.IoTDeviceController - Starting:getDeviceData()
12:45:52.999 [http-nio-8092-exec-8] INFO  c.m.i.rest.IoTDeviceController - Returning:IoTDevice.getDeviceData():17.0
12:45:53.006 [http-nio-8093-exec-8] INFO  c.m.i.rest.IoTDeviceController - Starting:getDeviceData()
12:45:53.006 [http-nio-8093-exec-8] INFO  c.m.i.rest.IoTDeviceController - Returning:IoTDevice.getDeviceData():17.0
12:45:53.021 [http-nio-8091-exec-10] INFO  c.m.i.rest.IoTDeviceController - Starting:getDeviceData()
12:45:53.022 [http-nio-8091-exec-10] INFO  c.m.i.rest.IoTDeviceController - Returning:IoTDevice.getDeviceData():14.0
12:45:53.107 [http-nio-8092-exec-9] INFO  c.m.i.rest.IoTDeviceController - Starting:getDeviceData()
12:45:53.108 [http-nio-8092-exec-9] INFO  c.m.i.rest.IoTDeviceController - Returning:IoTDevice.getDeviceData():14.0
12:45:53.116 [http-nio-8093-exec-9] INFO  c.m.i.rest.IoTDeviceController - Starting:getDeviceData()
12:45:53.118 [http-nio-8093-exec-9] INFO  c.m.i.rest.IoTDeviceController - Returning:IoTDevice.getDeviceData():14.0
12:45:53.139 [http-nio-8091-exec-1] INFO  c.m.i.rest.IoTDeviceController - Starting:getDeviceData()
12:45:53.139 [http-nio-8091-exec-1] INFO  c.m.i.rest.IoTDeviceController - Returning:IoTDevice.getDeviceData():11.0
12:45:53.146 [http-nio-8092-exec-10] INFO  c.m.i.rest.IoTDeviceController - Starting:getDeviceData()
12:45:53.146 [http-nio-8092-exec-10] INFO  c.m.i.rest.IoTDeviceController - Returning:IoTDevice.getDeviceData():11.0
12:45:53.158 [http-nio-8093-exec-10] INFO  c.m.i.rest.IoTDeviceController - Starting:getDeviceData()
12:45:53.158 [http-nio-8093-exec-10] INFO  c.m.i.rest.IoTDeviceController - Returning:IoTDevice.getDeviceData():11.0
12:45:53.178 [http-nio-8091-exec-2] INFO  c.m.i.rest.IoTDeviceController - Starting:getDeviceData()
12:45:53.178 [http-nio-8091-exec-2] INFO  c.m.i.rest.IoTDeviceController - Returning:IoTDevice.getDeviceData():9.0
12:45:53.204 [http-nio-8092-exec-1] INFO  c.m.i.rest.IoTDeviceController - Starting:getDeviceData()
12:45:53.205 [http-nio-8092-exec-1] INFO  c.m.i.rest.IoTDeviceController - Returning:IoTDevice.getDeviceData():9.0
12:45:53.239 [http-nio-8093-exec-1] INFO  c.m.i.rest.IoTDeviceController - Starting:getDeviceData()
12:45:53.240 [http-nio-8093-exec-1] INFO  c.m.i.rest.IoTDeviceController - Returning:IoTDevice.getDeviceData():9.0
12:45:53.258 [http-nio-8091-exec-4] INFO  c.m.i.rest.IoTDeviceController - Starting:getDeviceData()
12:45:53.259 [http-nio-8091-exec-4] INFO  c.m.i.rest.IoTDeviceController - Returning:IoTDevice.getDeviceData():3.0
12:45:53.349 [http-nio-8092-exec-2] INFO  c.m.i.rest.IoTDeviceController - Starting:getDeviceData()
12:45:53.350 [http-nio-8092-exec-2] INFO  c.m.i.rest.IoTDeviceController - Returning:IoTDevice.getDeviceData():3.0
12:45:53.355 [http-nio-8093-exec-3] INFO  c.m.i.rest.IoTDeviceController - Starting:getDeviceData()
12:45:53.356 [http-nio-8093-exec-3] INFO  c.m.i.rest.IoTDeviceController - Returning:IoTDevice.getDeviceData():3.0
12:45:53.467 [http-nio-8091-exec-5] INFO  c.m.i.rest.IoTDeviceController - Starting:getDeviceData()
12:45:53.467 [http-nio-8091-exec-5] INFO  c.m.i.rest.IoTDeviceController - Returning:IoTDevice.getDeviceData():14.0
12:45:53.516 [http-nio-8092-exec-3] INFO  c.m.i.rest.IoTDeviceController - Starting:getDeviceData()
12:45:53.516 [http-nio-8092-exec-3] INFO  c.m.i.rest.IoTDeviceController - Returning:IoTDevice.getDeviceData():14.0
12:45:53.551 [http-nio-8093-exec-5] INFO  c.m.i.rest.IoTDeviceController - Starting:getDeviceData()
12:45:53.552 [http-nio-8093-exec-5] INFO  c.m.i.rest.IoTDeviceController - Returning:IoTDevice.getDeviceData():14.0
12:45:53.586 [http-nio-8091-exec-3] INFO  c.m.i.rest.IoTDeviceController - Starting:getDeviceData()
12:45:53.586 [http-nio-8091-exec-3] INFO  c.m.i.rest.IoTDeviceController - Returning:IoTDevice.getDeviceData():10.0
12:45:53.593 [http-nio-8092-exec-4] INFO  c.m.i.rest.IoTDeviceController - Starting:getDeviceData()
12:45:53.593 [http-nio-8092-exec-4] INFO  c.m.i.rest.IoTDeviceController - Returning:IoTDevice.getDeviceData():10.0
12:45:53.599 [http-nio-8093-exec-4] INFO  c.m.i.rest.IoTDeviceController - Starting:getDeviceData()
12:45:53.599 [http-nio-8093-exec-4] INFO  c.m.i.rest.IoTDeviceController - Returning:IoTDevice.getDeviceData():10.0
12:45:53.630 [http-nio-8091-exec-6] INFO  c.m.i.rest.IoTDeviceController - Starting:getDeviceData()
12:45:53.631 [http-nio-8091-exec-6] INFO  c.m.i.rest.IoTDeviceController - Returning:IoTDevice.getDeviceData():11.0
12:45:53.655 [http-nio-8092-exec-5] INFO  c.m.i.rest.IoTDeviceController - Starting:getDeviceData()
12:45:53.656 [http-nio-8092-exec-5] INFO  c.m.i.rest.IoTDeviceController - Returning:IoTDevice.getDeviceData():11.0
12:45:53.699 [http-nio-8093-exec-2] INFO  c.m.i.rest.IoTDeviceController - Starting:getDeviceData()
12:45:53.705 [http-nio-8093-exec-2] INFO  c.m.i.rest.IoTDeviceController - Returning:IoTDevice.getDeviceData():11.0
12:45:53.719 [http-nio-8091-exec-7] INFO  c.m.i.rest.IoTDeviceController - Starting:getDeviceData()
12:45:53.720 [http-nio-8091-exec-7] INFO  c.m.i.rest.IoTDeviceController - Returning:IoTDevice.getDeviceData():15.0
12:45:53.726 [http-nio-8092-exec-6] INFO  c.m.i.rest.IoTDeviceController - Starting:getDeviceData()
12:45:53.726 [http-nio-8092-exec-6] INFO  c.m.i.rest.IoTDeviceController - Returning:IoTDevice.getDeviceData():15.0
12:45:53.739 [http-nio-8093-exec-6] INFO  c.m.i.rest.IoTDeviceController - Starting:getDeviceData()
12:45:53.739 [http-nio-8093-exec-6] INFO  c.m.i.rest.IoTDeviceController - Returning:IoTDevice.getDeviceData():15.0
12:45:53.753 [http-nio-8091-exec-8] INFO  c.m.i.rest.IoTDeviceController - Starting:getDeviceData()
12:45:53.754 [http-nio-8091-exec-8] INFO  c.m.i.rest.IoTDeviceController - Returning:IoTDevice.getDeviceData():4.0
12:45:53.759 [http-nio-8092-exec-7] INFO  c.m.i.rest.IoTDeviceController - Starting:getDeviceData()
12:45:53.760 [http-nio-8092-exec-7] INFO  c.m.i.rest.IoTDeviceController - Returning:IoTDevice.getDeviceData():4.0
12:45:53.766 [http-nio-8093-exec-7] INFO  c.m.i.rest.IoTDeviceController - Starting:getDeviceData()
12:45:53.767 [http-nio-8093-exec-7] INFO  c.m.i.rest.IoTDeviceController - Returning:IoTDevice.getDeviceData():4.0
12:45:53.781 [http-nio-8091-exec-9] INFO  c.m.i.rest.IoTDeviceController - Starting:getDeviceData()
12:45:53.781 [http-nio-8091-exec-9] INFO  c.m.i.rest.IoTDeviceController - Returning:IoTDevice.getDeviceData():7.0
12:45:53.786 [http-nio-8092-exec-8] INFO  c.m.i.rest.IoTDeviceController - Starting:getDeviceData()
12:45:53.787 [http-nio-8092-exec-8] INFO  c.m.i.rest.IoTDeviceController - Returning:IoTDevice.getDeviceData():7.0
12:45:53.801 [http-nio-8093-exec-8] INFO  c.m.i.rest.IoTDeviceController - Starting:getDeviceData()
12:45:53.801 [http-nio-8093-exec-8] INFO  c.m.i.rest.IoTDeviceController - Returning:IoTDevice.getDeviceData():7.0
12:45:53.812 [http-nio-8091-exec-10] INFO  c.m.i.rest.IoTDeviceController - Starting:getDeviceData()
12:45:53.812 [http-nio-8091-exec-10] INFO  c.m.i.rest.IoTDeviceController - Returning:IoTDevice.getDeviceData():2.0
12:45:53.818 [http-nio-8092-exec-9] INFO  c.m.i.rest.IoTDeviceController - Starting:getDeviceData()
12:45:53.819 [http-nio-8092-exec-9] INFO  c.m.i.rest.IoTDeviceController - Returning:IoTDevice.getDeviceData():2.0
12:45:53.849 [http-nio-8093-exec-9] INFO  c.m.i.rest.IoTDeviceController - Starting:getDeviceData()
12:45:53.851 [http-nio-8093-exec-9] INFO  c.m.i.rest.IoTDeviceController - Returning:IoTDevice.getDeviceData():2.0
12:45:53.870 [http-nio-8091-exec-1] INFO  c.m.i.rest.IoTDeviceController - Starting:getDeviceData()
12:45:53.870 [http-nio-8091-exec-1] INFO  c.m.i.rest.IoTDeviceController - Returning:IoTDevice.getDeviceData():8.0
12:45:53.880 [http-nio-8092-exec-10] INFO  c.m.i.rest.IoTDeviceController - Starting:getDeviceData()
12:45:53.881 [http-nio-8092-exec-10] INFO  c.m.i.rest.IoTDeviceController - Returning:IoTDevice.getDeviceData():8.0
12:45:53.896 [http-nio-8093-exec-10] INFO  c.m.i.rest.IoTDeviceController - Starting:getDeviceData()
12:45:53.896 [http-nio-8093-exec-10] INFO  c.m.i.rest.IoTDeviceController - Returning:IoTDevice.getDeviceData():8.0
12:45:54.070 [http-nio-8091-exec-2] INFO  c.m.i.rest.IoTDeviceController - Starting:getDeviceData()
12:45:54.071 [http-nio-8091-exec-2] INFO  c.m.i.rest.IoTDeviceController - Returning:IoTDevice.getDeviceData():14.0
12:45:54.076 [http-nio-8092-exec-1] INFO  c.m.i.rest.IoTDeviceController - Starting:getDeviceData()
12:45:54.076 [http-nio-8092-exec-1] INFO  c.m.i.rest.IoTDeviceController - Returning:IoTDevice.getDeviceData():14.0
12:45:54.133 [http-nio-8093-exec-1] INFO  c.m.i.rest.IoTDeviceController - Starting:getDeviceData()
12:45:54.134 [http-nio-8093-exec-1] INFO  c.m.i.rest.IoTDeviceController - Returning:IoTDevice.getDeviceData():14.0
12:45:54.198 [http-nio-8091-exec-4] INFO  c.m.i.rest.IoTDeviceController - Starting:getDeviceData()
12:45:54.199 [http-nio-8091-exec-4] INFO  c.m.i.rest.IoTDeviceController - Returning:IoTDevice.getDeviceData():15.0
12:45:54.205 [http-nio-8092-exec-2] INFO  c.m.i.rest.IoTDeviceController - Starting:getDeviceData()
12:45:54.205 [http-nio-8092-exec-2] INFO  c.m.i.rest.IoTDeviceController - Returning:IoTDevice.getDeviceData():15.0
12:45:54.210 [http-nio-8093-exec-3] INFO  c.m.i.rest.IoTDeviceController - Starting:getDeviceData()
12:45:54.211 [http-nio-8093-exec-3] INFO  c.m.i.rest.IoTDeviceController - Returning:IoTDevice.getDeviceData():15.0
12:45:54.233 [http-nio-8091-exec-5] INFO  c.m.i.rest.IoTDeviceController - Starting:getDeviceData()
12:45:54.234 [http-nio-8091-exec-5] INFO  c.m.i.rest.IoTDeviceController - Returning:IoTDevice.getDeviceData():19.0
12:45:54.240 [http-nio-8092-exec-3] INFO  c.m.i.rest.IoTDeviceController - Starting:getDeviceData()
12:45:54.241 [http-nio-8092-exec-3] INFO  c.m.i.rest.IoTDeviceController - Returning:IoTDevice.getDeviceData():19.0
12:45:54.246 [http-nio-8093-exec-5] INFO  c.m.i.rest.IoTDeviceController - Starting:getDeviceData()
12:45:54.246 [http-nio-8093-exec-5] INFO  c.m.i.rest.IoTDeviceController - Returning:IoTDevice.getDeviceData():19.0
12:45:54.287 [http-nio-8091-exec-3] INFO  c.m.i.rest.IoTDeviceController - Starting:getDeviceData()
12:45:54.287 [http-nio-8091-exec-3] INFO  c.m.i.rest.IoTDeviceController - Returning:IoTDevice.getDeviceData():21.0
12:45:54.292 [http-nio-8092-exec-4] INFO  c.m.i.rest.IoTDeviceController - Starting:getDeviceData()
12:45:54.293 [http-nio-8092-exec-4] INFO  c.m.i.rest.IoTDeviceController - Returning:IoTDevice.getDeviceData():21.0
12:45:54.298 [http-nio-8093-exec-4] INFO  c.m.i.rest.IoTDeviceController - Starting:getDeviceData()
12:45:54.298 [http-nio-8093-exec-4] INFO  c.m.i.rest.IoTDeviceController - Returning:IoTDevice.getDeviceData():21.0
12:45:54.317 [http-nio-8091-exec-6] INFO  c.m.i.rest.IoTDeviceController - Starting:getDeviceData()
12:45:54.317 [http-nio-8091-exec-6] INFO  c.m.i.rest.IoTDeviceController - Returning:IoTDevice.getDeviceData():22.0
12:45:54.324 [http-nio-8092-exec-5] INFO  c.m.i.rest.IoTDeviceController - Starting:getDeviceData()
12:45:54.324 [http-nio-8092-exec-5] INFO  c.m.i.rest.IoTDeviceController - Returning:IoTDevice.getDeviceData():22.0
12:45:54.332 [http-nio-8093-exec-2] INFO  c.m.i.rest.IoTDeviceController - Starting:getDeviceData()
12:45:54.333 [http-nio-8093-exec-2] INFO  c.m.i.rest.IoTDeviceController - Returning:IoTDevice.getDeviceData():22.0
12:45:54.354 [http-nio-8091-exec-7] INFO  c.m.i.rest.IoTDeviceController - Starting:getDeviceData()
12:45:54.354 [http-nio-8091-exec-7] INFO  c.m.i.rest.IoTDeviceController - Returning:IoTDevice.getDeviceData():24.0
12:45:54.360 [http-nio-8092-exec-6] INFO  c.m.i.rest.IoTDeviceController - Starting:getDeviceData()
12:45:54.360 [http-nio-8092-exec-6] INFO  c.m.i.rest.IoTDeviceController - Returning:IoTDevice.getDeviceData():24.0
12:45:54.368 [http-nio-8093-exec-6] INFO  c.m.i.rest.IoTDeviceController - Starting:getDeviceData()
12:45:54.368 [http-nio-8093-exec-6] INFO  c.m.i.rest.IoTDeviceController - Returning:IoTDevice.getDeviceData():24.0
12:45:54.398 [http-nio-8091-exec-8] INFO  c.m.i.rest.IoTDeviceController - Starting:getDeviceData()
12:45:54.398 [http-nio-8091-exec-8] INFO  c.m.i.rest.IoTDeviceController - Returning:IoTDevice.getDeviceData():27.0
12:45:54.403 [http-nio-8092-exec-7] INFO  c.m.i.rest.IoTDeviceController - Starting:getDeviceData()
12:45:54.404 [http-nio-8092-exec-7] INFO  c.m.i.rest.IoTDeviceController - Returning:IoTDevice.getDeviceData():27.0
12:45:54.420 [http-nio-8093-exec-7] INFO  c.m.i.rest.IoTDeviceController - Starting:getDeviceData()
12:45:54.421 [http-nio-8093-exec-7] INFO  c.m.i.rest.IoTDeviceController - Returning:IoTDevice.getDeviceData():27.0
12:45:54.431 [http-nio-8091-exec-9] INFO  c.m.i.rest.IoTDeviceController - Starting:getDeviceData()
12:45:54.431 [http-nio-8091-exec-9] INFO  c.m.i.rest.IoTDeviceController - Returning:IoTDevice.getDeviceData():18.0
12:45:54.436 [http-nio-8092-exec-8] INFO  c.m.i.rest.IoTDeviceController - Starting:getDeviceData()
12:45:54.436 [http-nio-8092-exec-8] INFO  c.m.i.rest.IoTDeviceController - Returning:IoTDevice.getDeviceData():18.0
12:45:54.449 [http-nio-8093-exec-8] INFO  c.m.i.rest.IoTDeviceController - Starting:getDeviceData()
12:45:54.450 [http-nio-8093-exec-8] INFO  c.m.i.rest.IoTDeviceController - Returning:IoTDevice.getDeviceData():18.0
12:45:54.461 [http-nio-8091-exec-10] INFO  c.m.i.rest.IoTDeviceController - Starting:getDeviceData()
12:45:54.461 [http-nio-8091-exec-10] INFO  c.m.i.rest.IoTDeviceController - Returning:IoTDevice.getDeviceData():17.0
12:45:54.467 [http-nio-8092-exec-9] INFO  c.m.i.rest.IoTDeviceController - Starting:getDeviceData()
12:45:54.467 [http-nio-8092-exec-9] INFO  c.m.i.rest.IoTDeviceController - Returning:IoTDevice.getDeviceData():17.0
12:45:54.478 [http-nio-8093-exec-9] INFO  c.m.i.rest.IoTDeviceController - Starting:getDeviceData()
12:45:54.478 [http-nio-8093-exec-9] INFO  c.m.i.rest.IoTDeviceController - Returning:IoTDevice.getDeviceData():17.0
12:45:54.490 [http-nio-8091-exec-1] INFO  c.m.i.rest.IoTDeviceController - Starting:getDeviceData()
12:45:54.491 [http-nio-8091-exec-1] INFO  c.m.i.rest.IoTDeviceController - Returning:IoTDevice.getDeviceData():14.0
12:45:54.497 [http-nio-8092-exec-10] INFO  c.m.i.rest.IoTDeviceController - Starting:getDeviceData()
12:45:54.498 [http-nio-8092-exec-10] INFO  c.m.i.rest.IoTDeviceController - Returning:IoTDevice.getDeviceData():14.0
12:45:54.504 [http-nio-8093-exec-10] INFO  c.m.i.rest.IoTDeviceController - Starting:getDeviceData()
12:45:54.504 [http-nio-8093-exec-10] INFO  c.m.i.rest.IoTDeviceController - Returning:IoTDevice.getDeviceData():14.0
12:45:54.514 [http-nio-8091-exec-2] INFO  c.m.i.rest.IoTDeviceController - Starting:getDeviceData()
12:45:54.514 [http-nio-8091-exec-2] INFO  c.m.i.rest.IoTDeviceController - Returning:IoTDevice.getDeviceData():11.0
12:45:54.520 [http-nio-8092-exec-1] INFO  c.m.i.rest.IoTDeviceController - Starting:getDeviceData()
12:45:54.521 [http-nio-8092-exec-1] INFO  c.m.i.rest.IoTDeviceController - Returning:IoTDevice.getDeviceData():11.0
12:45:54.525 [http-nio-8093-exec-1] INFO  c.m.i.rest.IoTDeviceController - Starting:getDeviceData()
12:45:54.526 [http-nio-8093-exec-1] INFO  c.m.i.rest.IoTDeviceController - Returning:IoTDevice.getDeviceData():11.0
12:45:54.566 [http-nio-8091-exec-4] INFO  c.m.i.rest.IoTDeviceController - Starting:getDeviceData()
12:45:54.566 [http-nio-8091-exec-4] INFO  c.m.i.rest.IoTDeviceController - Returning:IoTDevice.getDeviceData():9.0
12:45:54.573 [http-nio-8092-exec-2] INFO  c.m.i.rest.IoTDeviceController - Starting:getDeviceData()
12:45:54.573 [http-nio-8092-exec-2] INFO  c.m.i.rest.IoTDeviceController - Returning:IoTDevice.getDeviceData():9.0
12:45:54.582 [http-nio-8093-exec-3] INFO  c.m.i.rest.IoTDeviceController - Starting:getDeviceData()
12:45:54.582 [http-nio-8093-exec-3] INFO  c.m.i.rest.IoTDeviceController - Returning:IoTDevice.getDeviceData():9.0
12:45:54.596 [http-nio-8091-exec-5] INFO  c.m.i.rest.IoTDeviceController - Starting:getDeviceData()
12:45:54.597 [http-nio-8091-exec-5] INFO  c.m.i.rest.IoTDeviceController - Returning:IoTDevice.getDeviceData():3.0
12:45:54.614 [http-nio-8092-exec-3] INFO  c.m.i.rest.IoTDeviceController - Starting:getDeviceData()
12:45:54.614 [http-nio-8092-exec-3] INFO  c.m.i.rest.IoTDeviceController - Returning:IoTDevice.getDeviceData():3.0
12:45:54.622 [http-nio-8093-exec-5] INFO  c.m.i.rest.IoTDeviceController - Starting:getDeviceData()
12:45:54.622 [http-nio-8093-exec-5] INFO  c.m.i.rest.IoTDeviceController - Returning:IoTDevice.getDeviceData():3.0
12:45:54.641 [http-nio-8091-exec-3] INFO  c.m.i.rest.IoTDeviceController - Starting:getDeviceData()
12:45:54.641 [http-nio-8091-exec-3] INFO  c.m.i.rest.IoTDeviceController - Returning:IoTDevice.getDeviceData():14.0
12:45:54.657 [http-nio-8092-exec-4] INFO  c.m.i.rest.IoTDeviceController - Starting:getDeviceData()
12:45:54.657 [http-nio-8092-exec-4] INFO  c.m.i.rest.IoTDeviceController - Returning:IoTDevice.getDeviceData():14.0
12:45:54.667 [http-nio-8093-exec-4] INFO  c.m.i.rest.IoTDeviceController - Starting:getDeviceData()
12:45:54.667 [http-nio-8093-exec-4] INFO  c.m.i.rest.IoTDeviceController - Returning:IoTDevice.getDeviceData():14.0
12:45:54.680 [http-nio-8091-exec-6] INFO  c.m.i.rest.IoTDeviceController - Starting:getDeviceData()
12:45:54.680 [http-nio-8091-exec-6] INFO  c.m.i.rest.IoTDeviceController - Returning:IoTDevice.getDeviceData():10.0
12:45:54.685 [http-nio-8092-exec-5] INFO  c.m.i.rest.IoTDeviceController - Starting:getDeviceData()
12:45:54.685 [http-nio-8092-exec-5] INFO  c.m.i.rest.IoTDeviceController - Returning:IoTDevice.getDeviceData():10.0
12:45:54.695 [http-nio-8093-exec-2] INFO  c.m.i.rest.IoTDeviceController - Starting:getDeviceData()
12:45:54.697 [http-nio-8093-exec-2] INFO  c.m.i.rest.IoTDeviceController - Returning:IoTDevice.getDeviceData():10.0
12:45:54.710 [http-nio-8091-exec-7] INFO  c.m.i.rest.IoTDeviceController - Starting:getDeviceData()
12:45:54.710 [http-nio-8091-exec-7] INFO  c.m.i.rest.IoTDeviceController - Returning:IoTDevice.getDeviceData():11.0
12:45:54.715 [http-nio-8092-exec-6] INFO  c.m.i.rest.IoTDeviceController - Starting:getDeviceData()
12:45:54.716 [http-nio-8092-exec-6] INFO  c.m.i.rest.IoTDeviceController - Returning:IoTDevice.getDeviceData():11.0
12:45:54.722 [http-nio-8093-exec-6] INFO  c.m.i.rest.IoTDeviceController - Starting:getDeviceData()
12:45:54.722 [http-nio-8093-exec-6] INFO  c.m.i.rest.IoTDeviceController - Returning:IoTDevice.getDeviceData():11.0
12:45:54.735 [http-nio-8091-exec-8] INFO  c.m.i.rest.IoTDeviceController - Starting:getDeviceData()
12:45:54.736 [http-nio-8091-exec-8] INFO  c.m.i.rest.IoTDeviceController - Returning:IoTDevice.getDeviceData():15.0
12:45:54.746 [http-nio-8092-exec-7] INFO  c.m.i.rest.IoTDeviceController - Starting:getDeviceData()
12:45:54.746 [http-nio-8092-exec-7] INFO  c.m.i.rest.IoTDeviceController - Returning:IoTDevice.getDeviceData():15.0
12:45:54.755 [http-nio-8093-exec-7] INFO  c.m.i.rest.IoTDeviceController - Starting:getDeviceData()
12:45:54.755 [http-nio-8093-exec-7] INFO  c.m.i.rest.IoTDeviceController - Returning:IoTDevice.getDeviceData():15.0
12:45:54.769 [http-nio-8091-exec-9] INFO  c.m.i.rest.IoTDeviceController - Starting:getDeviceData()
12:45:54.769 [http-nio-8091-exec-9] INFO  c.m.i.rest.IoTDeviceController - Returning:IoTDevice.getDeviceData():4.0
12:45:54.774 [http-nio-8092-exec-8] INFO  c.m.i.rest.IoTDeviceController - Starting:getDeviceData()
12:45:54.774 [http-nio-8092-exec-8] INFO  c.m.i.rest.IoTDeviceController - Returning:IoTDevice.getDeviceData():4.0
12:45:54.778 [http-nio-8093-exec-8] INFO  c.m.i.rest.IoTDeviceController - Starting:getDeviceData()
12:45:54.779 [http-nio-8093-exec-8] INFO  c.m.i.rest.IoTDeviceController - Returning:IoTDevice.getDeviceData():4.0
12:45:54.794 [http-nio-8091-exec-10] INFO  c.m.i.rest.IoTDeviceController - Starting:getDeviceData()
12:45:54.794 [http-nio-8091-exec-10] INFO  c.m.i.rest.IoTDeviceController - Returning:IoTDevice.getDeviceData():7.0
12:45:54.804 [http-nio-8092-exec-9] INFO  c.m.i.rest.IoTDeviceController - Starting:getDeviceData()
12:45:54.805 [http-nio-8092-exec-9] INFO  c.m.i.rest.IoTDeviceController - Returning:IoTDevice.getDeviceData():7.0
12:45:54.816 [http-nio-8093-exec-9] INFO  c.m.i.rest.IoTDeviceController - Starting:getDeviceData()
12:45:54.817 [http-nio-8093-exec-9] INFO  c.m.i.rest.IoTDeviceController - Returning:IoTDevice.getDeviceData():7.0
12:45:54.828 [http-nio-8091-exec-1] INFO  c.m.i.rest.IoTDeviceController - Starting:getDeviceData()
12:45:54.829 [http-nio-8091-exec-1] INFO  c.m.i.rest.IoTDeviceController - Returning:IoTDevice.getDeviceData():2.0
12:45:54.835 [http-nio-8092-exec-10] INFO  c.m.i.rest.IoTDeviceController - Starting:getDeviceData()
12:45:54.835 [http-nio-8092-exec-10] INFO  c.m.i.rest.IoTDeviceController - Returning:IoTDevice.getDeviceData():2.0
12:45:54.848 [http-nio-8093-exec-10] INFO  c.m.i.rest.IoTDeviceController - Starting:getDeviceData()
12:45:54.848 [http-nio-8093-exec-10] INFO  c.m.i.rest.IoTDeviceController - Returning:IoTDevice.getDeviceData():2.0
12:45:54.861 [http-nio-8091-exec-2] INFO  c.m.i.rest.IoTDeviceController - Starting:getDeviceData()
12:45:54.861 [http-nio-8091-exec-2] INFO  c.m.i.rest.IoTDeviceController - Returning:IoTDevice.getDeviceData():8.0
12:45:54.866 [http-nio-8092-exec-1] INFO  c.m.i.rest.IoTDeviceController - Starting:getDeviceData()
12:45:54.866 [http-nio-8092-exec-1] INFO  c.m.i.rest.IoTDeviceController - Returning:IoTDevice.getDeviceData():8.0
12:45:54.871 [http-nio-8093-exec-1] INFO  c.m.i.rest.IoTDeviceController - Starting:getDeviceData()
12:45:54.872 [http-nio-8093-exec-1] INFO  c.m.i.rest.IoTDeviceController - Returning:IoTDevice.getDeviceData():8.0
12:45:54.887 [http-nio-8091-exec-4] INFO  c.m.i.rest.IoTDeviceController - Starting:getDeviceData()
12:45:54.887 [http-nio-8091-exec-4] INFO  c.m.i.rest.IoTDeviceController - Returning:IoTDevice.getDeviceData():14.0
12:45:54.899 [http-nio-8092-exec-2] INFO  c.m.i.rest.IoTDeviceController - Starting:getDeviceData()
12:45:54.899 [http-nio-8092-exec-2] INFO  c.m.i.rest.IoTDeviceController - Returning:IoTDevice.getDeviceData():14.0
12:45:54.905 [http-nio-8093-exec-3] INFO  c.m.i.rest.IoTDeviceController - Starting:getDeviceData()
12:45:54.905 [http-nio-8093-exec-3] INFO  c.m.i.rest.IoTDeviceController - Returning:IoTDevice.getDeviceData():14.0
12:45:54.921 [http-nio-8091-exec-5] INFO  c.m.i.rest.IoTDeviceController - Starting:getDeviceData()
12:45:54.921 [http-nio-8091-exec-5] INFO  c.m.i.rest.IoTDeviceController - Returning:IoTDevice.getDeviceData():15.0
12:45:54.925 [http-nio-8092-exec-3] INFO  c.m.i.rest.IoTDeviceController - Starting:getDeviceData()
12:45:54.925 [http-nio-8092-exec-3] INFO  c.m.i.rest.IoTDeviceController - Returning:IoTDevice.getDeviceData():15.0
12:45:54.934 [http-nio-8093-exec-5] INFO  c.m.i.rest.IoTDeviceController - Starting:getDeviceData()
12:45:54.935 [http-nio-8093-exec-5] INFO  c.m.i.rest.IoTDeviceController - Returning:IoTDevice.getDeviceData():15.0
12:45:55.047 [http-nio-8091-exec-3] INFO  c.m.i.rest.IoTDeviceController - Starting:getDeviceData()
12:45:55.048 [http-nio-8091-exec-3] INFO  c.m.i.rest.IoTDeviceController - Returning:IoTDevice.getDeviceData():19.0
12:45:55.056 [http-nio-8092-exec-4] INFO  c.m.i.rest.IoTDeviceController - Starting:getDeviceData()
12:45:55.056 [http-nio-8092-exec-4] INFO  c.m.i.rest.IoTDeviceController - Returning:IoTDevice.getDeviceData():19.0
12:45:55.061 [http-nio-8093-exec-4] INFO  c.m.i.rest.IoTDeviceController - Starting:getDeviceData()
12:45:55.061 [http-nio-8093-exec-4] INFO  c.m.i.rest.IoTDeviceController - Returning:IoTDevice.getDeviceData():19.0
12:45:55.071 [http-nio-8091-exec-6] INFO  c.m.i.rest.IoTDeviceController - Starting:getDeviceData()
12:45:55.072 [http-nio-8091-exec-6] INFO  c.m.i.rest.IoTDeviceController - Returning:IoTDevice.getDeviceData():21.0
12:45:55.076 [http-nio-8092-exec-5] INFO  c.m.i.rest.IoTDeviceController - Starting:getDeviceData()
12:45:55.077 [http-nio-8092-exec-5] INFO  c.m.i.rest.IoTDeviceController - Returning:IoTDevice.getDeviceData():21.0
12:45:55.081 [http-nio-8093-exec-2] INFO  c.m.i.rest.IoTDeviceController - Starting:getDeviceData()
12:45:55.082 [http-nio-8093-exec-2] INFO  c.m.i.rest.IoTDeviceController - Returning:IoTDevice.getDeviceData():21.0
12:45:55.097 [http-nio-8091-exec-7] INFO  c.m.i.rest.IoTDeviceController - Starting:getDeviceData()
12:45:55.097 [http-nio-8091-exec-7] INFO  c.m.i.rest.IoTDeviceController - Returning:IoTDevice.getDeviceData():22.0
12:45:55.126 [http-nio-8092-exec-6] INFO  c.m.i.rest.IoTDeviceController - Starting:getDeviceData()
12:45:55.126 [http-nio-8092-exec-6] INFO  c.m.i.rest.IoTDeviceController - Returning:IoTDevice.getDeviceData():22.0
12:45:55.132 [http-nio-8093-exec-6] INFO  c.m.i.rest.IoTDeviceController - Starting:getDeviceData()
12:45:55.132 [http-nio-8093-exec-6] INFO  c.m.i.rest.IoTDeviceController - Returning:IoTDevice.getDeviceData():22.0
12:45:55.147 [http-nio-8091-exec-8] INFO  c.m.i.rest.IoTDeviceController - Starting:getDeviceData()
12:45:55.147 [http-nio-8091-exec-8] INFO  c.m.i.rest.IoTDeviceController - Returning:IoTDevice.getDeviceData():24.0
12:45:55.170 [http-nio-8092-exec-7] INFO  c.m.i.rest.IoTDeviceController - Starting:getDeviceData()
12:45:55.170 [http-nio-8092-exec-7] INFO  c.m.i.rest.IoTDeviceController - Returning:IoTDevice.getDeviceData():24.0
12:45:55.175 [http-nio-8093-exec-7] INFO  c.m.i.rest.IoTDeviceController - Starting:getDeviceData()
12:45:55.175 [http-nio-8093-exec-7] INFO  c.m.i.rest.IoTDeviceController - Returning:IoTDevice.getDeviceData():24.0
12:45:55.185 [http-nio-8091-exec-9] INFO  c.m.i.rest.IoTDeviceController - Starting:getDeviceData()
12:45:55.186 [http-nio-8091-exec-9] INFO  c.m.i.rest.IoTDeviceController - Returning:IoTDevice.getDeviceData():27.0
12:45:55.191 [http-nio-8092-exec-8] INFO  c.m.i.rest.IoTDeviceController - Starting:getDeviceData()
12:45:55.191 [http-nio-8092-exec-8] INFO  c.m.i.rest.IoTDeviceController - Returning:IoTDevice.getDeviceData():27.0
12:45:55.196 [http-nio-8093-exec-8] INFO  c.m.i.rest.IoTDeviceController - Starting:getDeviceData()
12:45:55.196 [http-nio-8093-exec-8] INFO  c.m.i.rest.IoTDeviceController - Returning:IoTDevice.getDeviceData():27.0
12:45:55.206 [http-nio-8091-exec-10] INFO  c.m.i.rest.IoTDeviceController - Starting:getDeviceData()
12:45:55.206 [http-nio-8091-exec-10] INFO  c.m.i.rest.IoTDeviceController - Returning:IoTDevice.getDeviceData():18.0
12:45:55.211 [http-nio-8092-exec-9] INFO  c.m.i.rest.IoTDeviceController - Starting:getDeviceData()
12:45:55.211 [http-nio-8092-exec-9] INFO  c.m.i.rest.IoTDeviceController - Returning:IoTDevice.getDeviceData():18.0
12:45:55.217 [http-nio-8093-exec-9] INFO  c.m.i.rest.IoTDeviceController - Starting:getDeviceData()
12:45:55.218 [http-nio-8093-exec-9] INFO  c.m.i.rest.IoTDeviceController - Returning:IoTDevice.getDeviceData():18.0
12:45:55.229 [http-nio-8091-exec-1] INFO  c.m.i.rest.IoTDeviceController - Starting:getDeviceData()
12:45:55.230 [http-nio-8091-exec-1] INFO  c.m.i.rest.IoTDeviceController - Returning:IoTDevice.getDeviceData():17.0
12:45:55.238 [http-nio-8092-exec-10] INFO  c.m.i.rest.IoTDeviceController - Starting:getDeviceData()
12:45:55.242 [http-nio-8092-exec-10] INFO  c.m.i.rest.IoTDeviceController - Returning:IoTDevice.getDeviceData():17.0
12:45:55.247 [http-nio-8093-exec-10] INFO  c.m.i.rest.IoTDeviceController - Starting:getDeviceData()
12:45:55.248 [http-nio-8093-exec-10] INFO  c.m.i.rest.IoTDeviceController - Returning:IoTDevice.getDeviceData():17.0
12:45:55.264 [http-nio-8091-exec-2] INFO  c.m.i.rest.IoTDeviceController - Starting:getDeviceData()
12:45:55.265 [http-nio-8091-exec-2] INFO  c.m.i.rest.IoTDeviceController - Returning:IoTDevice.getDeviceData():14.0
12:45:55.271 [http-nio-8092-exec-1] INFO  c.m.i.rest.IoTDeviceController - Starting:getDeviceData()
12:45:55.272 [http-nio-8092-exec-1] INFO  c.m.i.rest.IoTDeviceController - Returning:IoTDevice.getDeviceData():14.0
12:45:55.277 [http-nio-8093-exec-1] INFO  c.m.i.rest.IoTDeviceController - Starting:getDeviceData()
12:45:55.277 [http-nio-8093-exec-1] INFO  c.m.i.rest.IoTDeviceController - Returning:IoTDevice.getDeviceData():14.0
12:45:55.295 [http-nio-8091-exec-4] INFO  c.m.i.rest.IoTDeviceController - Starting:getDeviceData()
12:45:55.296 [http-nio-8091-exec-4] INFO  c.m.i.rest.IoTDeviceController - Returning:IoTDevice.getDeviceData():11.0
12:45:55.300 [http-nio-8092-exec-2] INFO  c.m.i.rest.IoTDeviceController - Starting:getDeviceData()
12:45:55.301 [http-nio-8092-exec-2] INFO  c.m.i.rest.IoTDeviceController - Returning:IoTDevice.getDeviceData():11.0
12:45:55.305 [http-nio-8093-exec-3] INFO  c.m.i.rest.IoTDeviceController - Starting:getDeviceData()
12:45:55.306 [http-nio-8093-exec-3] INFO  c.m.i.rest.IoTDeviceController - Returning:IoTDevice.getDeviceData():11.0
12:45:55.316 [http-nio-8091-exec-5] INFO  c.m.i.rest.IoTDeviceController - Starting:getDeviceData()
12:45:55.317 [http-nio-8091-exec-5] INFO  c.m.i.rest.IoTDeviceController - Returning:IoTDevice.getDeviceData():9.0
12:45:55.324 [http-nio-8092-exec-3] INFO  c.m.i.rest.IoTDeviceController - Starting:getDeviceData()
12:45:55.329 [http-nio-8092-exec-3] INFO  c.m.i.rest.IoTDeviceController - Returning:IoTDevice.getDeviceData():9.0
12:45:55.335 [http-nio-8093-exec-5] INFO  c.m.i.rest.IoTDeviceController - Starting:getDeviceData()
12:45:55.336 [http-nio-8093-exec-5] INFO  c.m.i.rest.IoTDeviceController - Returning:IoTDevice.getDeviceData():9.0
12:45:55.350 [http-nio-8091-exec-3] INFO  c.m.i.rest.IoTDeviceController - Starting:getDeviceData()
12:45:55.351 [http-nio-8091-exec-3] INFO  c.m.i.rest.IoTDeviceController - Returning:IoTDevice.getDeviceData():3.0
12:45:55.356 [http-nio-8092-exec-4] INFO  c.m.i.rest.IoTDeviceController - Starting:getDeviceData()
12:45:55.356 [http-nio-8092-exec-4] INFO  c.m.i.rest.IoTDeviceController - Returning:IoTDevice.getDeviceData():3.0
12:45:55.361 [http-nio-8093-exec-4] INFO  c.m.i.rest.IoTDeviceController - Starting:getDeviceData()
12:45:55.361 [http-nio-8093-exec-4] INFO  c.m.i.rest.IoTDeviceController - Returning:IoTDevice.getDeviceData():3.0
12:45:55.376 [http-nio-8091-exec-6] INFO  c.m.i.rest.IoTDeviceController - Starting:getDeviceData()
12:45:55.376 [http-nio-8091-exec-6] INFO  c.m.i.rest.IoTDeviceController - Returning:IoTDevice.getDeviceData():14.0
12:45:55.382 [http-nio-8092-exec-5] INFO  c.m.i.rest.IoTDeviceController - Starting:getDeviceData()
12:45:55.382 [http-nio-8092-exec-5] INFO  c.m.i.rest.IoTDeviceController - Returning:IoTDevice.getDeviceData():14.0
12:45:55.388 [http-nio-8093-exec-2] INFO  c.m.i.rest.IoTDeviceController - Starting:getDeviceData()
12:45:55.388 [http-nio-8093-exec-2] INFO  c.m.i.rest.IoTDeviceController - Returning:IoTDevice.getDeviceData():14.0
12:45:55.416 [http-nio-8091-exec-7] INFO  c.m.i.rest.IoTDeviceController - Starting:getDeviceData()
12:45:55.417 [http-nio-8091-exec-7] INFO  c.m.i.rest.IoTDeviceController - Returning:IoTDevice.getDeviceData():10.0
12:45:55.424 [http-nio-8092-exec-6] INFO  c.m.i.rest.IoTDeviceController - Starting:getDeviceData()
12:45:55.424 [http-nio-8092-exec-6] INFO  c.m.i.rest.IoTDeviceController - Returning:IoTDevice.getDeviceData():10.0
12:45:55.430 [http-nio-8093-exec-6] INFO  c.m.i.rest.IoTDeviceController - Starting:getDeviceData()
12:45:55.430 [http-nio-8093-exec-6] INFO  c.m.i.rest.IoTDeviceController - Returning:IoTDevice.getDeviceData():10.0
12:45:55.448 [http-nio-8091-exec-8] INFO  c.m.i.rest.IoTDeviceController - Starting:getDeviceData()
12:45:55.449 [http-nio-8091-exec-8] INFO  c.m.i.rest.IoTDeviceController - Returning:IoTDevice.getDeviceData():11.0
12:45:55.456 [http-nio-8092-exec-7] INFO  c.m.i.rest.IoTDeviceController - Starting:getDeviceData()
12:45:55.458 [http-nio-8092-exec-7] INFO  c.m.i.rest.IoTDeviceController - Returning:IoTDevice.getDeviceData():11.0
12:45:55.463 [http-nio-8093-exec-7] INFO  c.m.i.rest.IoTDeviceController - Starting:getDeviceData()
12:45:55.463 [http-nio-8093-exec-7] INFO  c.m.i.rest.IoTDeviceController - Returning:IoTDevice.getDeviceData():11.0
12:45:55.493 [http-nio-8091-exec-1] INFO  c.m.i.rest.IoTDeviceController - Starting:getDeviceData()
12:45:55.495 [http-nio-8091-exec-1] INFO  c.m.i.rest.IoTDeviceController - Returning:IoTDevice.getDeviceData():15.0
12:45:55.500 [http-nio-8092-exec-8] INFO  c.m.i.rest.IoTDeviceController - Starting:getDeviceData()
12:45:55.501 [http-nio-8092-exec-8] INFO  c.m.i.rest.IoTDeviceController - Returning:IoTDevice.getDeviceData():15.0
12:45:55.505 [http-nio-8093-exec-8] INFO  c.m.i.rest.IoTDeviceController - Starting:getDeviceData()
12:45:55.506 [http-nio-8093-exec-8] INFO  c.m.i.rest.IoTDeviceController - Returning:IoTDevice.getDeviceData():15.0
12:45:55.528 [http-nio-8091-exec-2] INFO  c.m.i.rest.IoTDeviceController - Starting:getDeviceData()
12:45:55.529 [http-nio-8091-exec-2] INFO  c.m.i.rest.IoTDeviceController - Returning:IoTDevice.getDeviceData():4.0
12:45:55.539 [http-nio-8092-exec-9] INFO  c.m.i.rest.IoTDeviceController - Starting:getDeviceData()
12:45:55.545 [http-nio-8092-exec-9] INFO  c.m.i.rest.IoTDeviceController - Returning:IoTDevice.getDeviceData():4.0
12:45:55.553 [http-nio-8093-exec-9] INFO  c.m.i.rest.IoTDeviceController - Starting:getDeviceData()
12:45:55.554 [http-nio-8093-exec-9] INFO  c.m.i.rest.IoTDeviceController - Returning:IoTDevice.getDeviceData():4.0
12:45:55.577 [http-nio-8091-exec-4] INFO  c.m.i.rest.IoTDeviceController - Starting:getDeviceData()
12:45:55.578 [http-nio-8091-exec-4] INFO  c.m.i.rest.IoTDeviceController - Returning:IoTDevice.getDeviceData():7.0
12:45:55.592 [http-nio-8092-exec-10] INFO  c.m.i.rest.IoTDeviceController - Starting:getDeviceData()
12:45:55.593 [http-nio-8092-exec-10] INFO  c.m.i.rest.IoTDeviceController - Returning:IoTDevice.getDeviceData():7.0
12:45:55.598 [http-nio-8093-exec-10] INFO  c.m.i.rest.IoTDeviceController - Starting:getDeviceData()
12:45:55.598 [http-nio-8093-exec-10] INFO  c.m.i.rest.IoTDeviceController - Returning:IoTDevice.getDeviceData():7.0
12:45:55.632 [http-nio-8091-exec-5] INFO  c.m.i.rest.IoTDeviceController - Starting:getDeviceData()
12:45:55.633 [http-nio-8091-exec-5] INFO  c.m.i.rest.IoTDeviceController - Returning:IoTDevice.getDeviceData():2.0
12:45:55.638 [http-nio-8092-exec-1] INFO  c.m.i.rest.IoTDeviceController - Starting:getDeviceData()
12:45:55.644 [http-nio-8092-exec-1] INFO  c.m.i.rest.IoTDeviceController - Returning:IoTDevice.getDeviceData():2.0
12:45:55.651 [http-nio-8093-exec-1] INFO  c.m.i.rest.IoTDeviceController - Starting:getDeviceData()
12:45:55.651 [http-nio-8093-exec-1] INFO  c.m.i.rest.IoTDeviceController - Returning:IoTDevice.getDeviceData():2.0
12:45:55.666 [http-nio-8091-exec-3] INFO  c.m.i.rest.IoTDeviceController - Starting:getDeviceData()
12:45:55.666 [http-nio-8091-exec-3] INFO  c.m.i.rest.IoTDeviceController - Returning:IoTDevice.getDeviceData():8.0
12:45:55.674 [http-nio-8092-exec-2] INFO  c.m.i.rest.IoTDeviceController - Starting:getDeviceData()
12:45:55.675 [http-nio-8092-exec-2] INFO  c.m.i.rest.IoTDeviceController - Returning:IoTDevice.getDeviceData():8.0
12:45:55.681 [http-nio-8093-exec-3] INFO  c.m.i.rest.IoTDeviceController - Starting:getDeviceData()
12:45:55.681 [http-nio-8093-exec-3] INFO  c.m.i.rest.IoTDeviceController - Returning:IoTDevice.getDeviceData():8.0
12:45:55.700 [http-nio-8091-exec-6] INFO  c.m.i.rest.IoTDeviceController - Starting:getDeviceData()
12:45:55.700 [http-nio-8091-exec-6] INFO  c.m.i.rest.IoTDeviceController - Returning:IoTDevice.getDeviceData():14.0
12:45:55.706 [http-nio-8092-exec-3] INFO  c.m.i.rest.IoTDeviceController - Starting:getDeviceData()
12:45:55.706 [http-nio-8092-exec-3] INFO  c.m.i.rest.IoTDeviceController - Returning:IoTDevice.getDeviceData():14.0
12:45:55.713 [http-nio-8093-exec-5] INFO  c.m.i.rest.IoTDeviceController - Starting:getDeviceData()
12:45:55.713 [http-nio-8093-exec-5] INFO  c.m.i.rest.IoTDeviceController - Returning:IoTDevice.getDeviceData():14.0
12:45:55.729 [http-nio-8091-exec-7] INFO  c.m.i.rest.IoTDeviceController - Starting:getDeviceData()
12:45:55.729 [http-nio-8091-exec-7] INFO  c.m.i.rest.IoTDeviceController - Returning:IoTDevice.getDeviceData():15.0
12:45:55.734 [http-nio-8092-exec-4] INFO  c.m.i.rest.IoTDeviceController - Starting:getDeviceData()
12:45:55.735 [http-nio-8092-exec-4] INFO  c.m.i.rest.IoTDeviceController - Returning:IoTDevice.getDeviceData():15.0
12:45:55.741 [http-nio-8093-exec-4] INFO  c.m.i.rest.IoTDeviceController - Starting:getDeviceData()
12:45:55.741 [http-nio-8093-exec-4] INFO  c.m.i.rest.IoTDeviceController - Returning:IoTDevice.getDeviceData():15.0
12:45:55.759 [http-nio-8091-exec-8] INFO  c.m.i.rest.IoTDeviceController - Starting:getDeviceData()
12:45:55.760 [http-nio-8091-exec-8] INFO  c.m.i.rest.IoTDeviceController - Returning:IoTDevice.getDeviceData():19.0
12:45:55.764 [http-nio-8092-exec-5] INFO  c.m.i.rest.IoTDeviceController - Starting:getDeviceData()
12:45:55.765 [http-nio-8092-exec-5] INFO  c.m.i.rest.IoTDeviceController - Returning:IoTDevice.getDeviceData():19.0
12:45:55.772 [http-nio-8093-exec-2] INFO  c.m.i.rest.IoTDeviceController - Starting:getDeviceData()
12:45:55.772 [http-nio-8093-exec-2] INFO  c.m.i.rest.IoTDeviceController - Returning:IoTDevice.getDeviceData():19.0
12:45:55.823 [http-nio-8091-exec-9] INFO  c.m.i.rest.IoTDeviceController - Starting:getDeviceData()
12:45:55.823 [http-nio-8091-exec-9] INFO  c.m.i.rest.IoTDeviceController - Returning:IoTDevice.getDeviceData():21.0
12:45:55.828 [http-nio-8092-exec-6] INFO  c.m.i.rest.IoTDeviceController - Starting:getDeviceData()
12:45:55.829 [http-nio-8092-exec-6] INFO  c.m.i.rest.IoTDeviceController - Returning:IoTDevice.getDeviceData():21.0
12:45:55.841 [http-nio-8093-exec-6] INFO  c.m.i.rest.IoTDeviceController - Starting:getDeviceData()
12:45:55.841 [http-nio-8093-exec-6] INFO  c.m.i.rest.IoTDeviceController - Returning:IoTDevice.getDeviceData():21.0
12:45:55.867 [http-nio-8091-exec-10] INFO  c.m.i.rest.IoTDeviceController - Starting:getDeviceData()
12:45:55.867 [http-nio-8091-exec-10] INFO  c.m.i.rest.IoTDeviceController - Returning:IoTDevice.getDeviceData():22.0
12:45:55.872 [http-nio-8092-exec-7] INFO  c.m.i.rest.IoTDeviceController - Starting:getDeviceData()
12:45:55.872 [http-nio-8092-exec-7] INFO  c.m.i.rest.IoTDeviceController - Returning:IoTDevice.getDeviceData():22.0
12:45:55.883 [http-nio-8093-exec-7] INFO  c.m.i.rest.IoTDeviceController - Starting:getDeviceData()
12:45:55.884 [http-nio-8093-exec-7] INFO  c.m.i.rest.IoTDeviceController - Returning:IoTDevice.getDeviceData():22.0
12:45:55.902 [http-nio-8091-exec-1] INFO  c.m.i.rest.IoTDeviceController - Starting:getDeviceData()
12:45:55.902 [http-nio-8091-exec-1] INFO  c.m.i.rest.IoTDeviceController - Returning:IoTDevice.getDeviceData():24.0
12:45:55.907 [http-nio-8092-exec-8] INFO  c.m.i.rest.IoTDeviceController - Starting:getDeviceData()
12:45:55.907 [http-nio-8092-exec-8] INFO  c.m.i.rest.IoTDeviceController - Returning:IoTDevice.getDeviceData():24.0
12:45:55.911 [http-nio-8093-exec-8] INFO  c.m.i.rest.IoTDeviceController - Starting:getDeviceData()
12:45:55.912 [http-nio-8093-exec-8] INFO  c.m.i.rest.IoTDeviceController - Returning:IoTDevice.getDeviceData():24.0
12:45:55.941 [http-nio-8091-exec-2] INFO  c.m.i.rest.IoTDeviceController - Starting:getDeviceData()
12:45:55.942 [http-nio-8091-exec-2] INFO  c.m.i.rest.IoTDeviceController - Returning:IoTDevice.getDeviceData():27.0
12:45:55.947 [http-nio-8092-exec-9] INFO  c.m.i.rest.IoTDeviceController - Starting:getDeviceData()
12:45:55.947 [http-nio-8092-exec-9] INFO  c.m.i.rest.IoTDeviceController - Returning:IoTDevice.getDeviceData():27.0
12:45:55.952 [http-nio-8093-exec-9] INFO  c.m.i.rest.IoTDeviceController - Starting:getDeviceData()
12:45:55.958 [http-nio-8093-exec-9] INFO  c.m.i.rest.IoTDeviceController - Returning:IoTDevice.getDeviceData():27.0
12:45:55.991 [http-nio-8091-exec-4] INFO  c.m.i.rest.IoTDeviceController - Starting:getDeviceData()
12:45:55.992 [http-nio-8091-exec-4] INFO  c.m.i.rest.IoTDeviceController - Returning:IoTDevice.getDeviceData():18.0
12:45:55.997 [http-nio-8092-exec-10] INFO  c.m.i.rest.IoTDeviceController - Starting:getDeviceData()
12:45:55.997 [http-nio-8092-exec-10] INFO  c.m.i.rest.IoTDeviceController - Returning:IoTDevice.getDeviceData():18.0
12:45:56.002 [http-nio-8093-exec-10] INFO  c.m.i.rest.IoTDeviceController - Starting:getDeviceData()
12:45:56.002 [http-nio-8093-exec-10] INFO  c.m.i.rest.IoTDeviceController - Returning:IoTDevice.getDeviceData():18.0
12:45:56.016 [http-nio-8091-exec-5] INFO  c.m.i.rest.IoTDeviceController - Starting:getDeviceData()
12:45:56.016 [http-nio-8091-exec-5] INFO  c.m.i.rest.IoTDeviceController - Returning:IoTDevice.getDeviceData():17.0
12:45:56.020 [http-nio-8092-exec-1] INFO  c.m.i.rest.IoTDeviceController - Starting:getDeviceData()
12:45:56.021 [http-nio-8092-exec-1] INFO  c.m.i.rest.IoTDeviceController - Returning:IoTDevice.getDeviceData():17.0
12:45:56.025 [http-nio-8093-exec-1] INFO  c.m.i.rest.IoTDeviceController - Starting:getDeviceData()
12:45:56.025 [http-nio-8093-exec-1] INFO  c.m.i.rest.IoTDeviceController - Returning:IoTDevice.getDeviceData():17.0
